This file contains any messages produced by compilers while
running configure, to aid debugging if configure makes a mistake.

It was created by audacity configure 2.0.6, which was
generated by GNU Autoconf 2.69.  Invocation command line was

  $ ./configure 

## --------- ##
## Platform. ##
## --------- ##

hostname = justin-OptiPlex-760
uname -m = i686
uname -r = 3.8.0-29-generic
uname -s = Linux
uname -v = #42~precise1-Ubuntu SMP Wed Aug 14 15:31:16 UTC 2013

/usr/bin/uname -p = unknown
/bin/uname -X     = unknown

/bin/arch              = unknown
/usr/bin/arch -k       = unknown
/usr/convex/getsysinfo = unknown
/usr/bin/hostinfo      = unknown
/bin/machine           = unknown
/usr/bin/oslevel       = unknown
/bin/universe          = unknown

PATH: /usr/lib/lightdm/lightdm
PATH: /usr/local/sbin
PATH: /usr/local/bin
PATH: /usr/sbin
PATH: /usr/bin
PATH: /sbin
PATH: /bin
PATH: /usr/games


## ----------- ##
## Core tests. ##
## ----------- ##

configure:2921: checking for a BSD-compatible install
configure:2989: result: /usr/bin/install -c
configure:3000: checking whether build environment is sane
configure:3055: result: yes
configure:3206: checking for a thread-safe mkdir -p
configure:3245: result: /bin/mkdir -p
configure:3252: checking for gawk
configure:3282: result: no
configure:3252: checking for mawk
configure:3268: found /usr/bin/mawk
configure:3279: result: mawk
configure:3290: checking whether make sets $(MAKE)
configure:3312: result: yes
configure:3341: checking whether make supports nested variables
configure:3358: result: yes
configure:3443: checking whether to enable maintainer-specific portions of Makefiles
configure:3452: result: no
configure:3475: checking whether NLS is requested
configure:3484: result: yes
configure:3525: checking for msgfmt
configure: trying /usr/bin/msgfmt...
0 translated messages.
configure:3557: result: /usr/bin/msgfmt
configure:3566: checking for gmsgfmt
configure:3597: result: /usr/bin/msgfmt
configure:3648: checking for xgettext
configure: trying /usr/bin/xgettext...
/usr/bin/xgettext: warning: file `/dev/null' extension `' is unknown; will try C
configure:3680: result: /usr/bin/xgettext
configure:3726: checking for msgmerge
configure: trying /usr/bin/msgmerge...
configure:3757: result: /usr/bin/msgmerge
configure:3802: checking for style of include used by make
configure:3830: result: GNU
configure:3901: checking for gcc
configure:3917: found /usr/bin/gcc
configure:3928: result: gcc
configure:4157: checking for C compiler version
configure:4166: gcc --version >&5
gcc (Ubuntu/Linaro 4.6.3-1ubuntu5) 4.6.3
Copyright (C) 2011 Free Software Foundation, Inc.
This is free software; see the source for copying conditions.  There is NO
warranty; not even for MERCHANTABILITY or FITNESS FOR A PARTICULAR PURPOSE.

configure:4177: $? = 0
configure:4166: gcc -v >&5
Using built-in specs.
COLLECT_GCC=gcc
COLLECT_LTO_WRAPPER=/usr/lib/gcc/i686-linux-gnu/4.6/lto-wrapper
Target: i686-linux-gnu
Configured with: ../src/configure -v --with-pkgversion='Ubuntu/Linaro 4.6.3-1ubuntu5' --with-bugurl=file:///usr/share/doc/gcc-4.6/README.Bugs --enable-languages=c,c++,fortran,objc,obj-c++ --prefix=/usr --program-suffix=-4.6 --enable-shared --enable-linker-build-id --with-system-zlib --libexecdir=/usr/lib --without-included-gettext --enable-threads=posix --with-gxx-include-dir=/usr/include/c++/4.6 --libdir=/usr/lib --enable-nls --with-sysroot=/ --enable-clocale=gnu --enable-libstdcxx-debug --enable-libstdcxx-time=yes --enable-gnu-unique-object --enable-plugin --enable-objc-gc --enable-targets=all --disable-werror --with-arch-32=i686 --with-tune=generic --enable-checking=release --build=i686-linux-gnu --host=i686-linux-gnu --target=i686-linux-gnu
Thread model: posix
gcc version 4.6.3 (Ubuntu/Linaro 4.6.3-1ubuntu5) 
configure:4177: $? = 0
configure:4166: gcc -V >&5
gcc: error: unrecognized option '-V'
gcc: fatal error: no input files
compilation terminated.
configure:4177: $? = 4
configure:4166: gcc -qversion >&5
gcc: error: unrecognized option '-qversion'
gcc: fatal error: no input files
compilation terminated.
configure:4177: $? = 4
configure:4197: checking whether the C compiler works
configure:4219: gcc    conftest.c  >&5
configure:4223: $? = 0
configure:4271: result: yes
configure:4274: checking for C compiler default output file name
configure:4276: result: a.out
configure:4282: checking for suffix of executables
configure:4289: gcc -o conftest    conftest.c  >&5
configure:4293: $? = 0
configure:4315: result: 
configure:4337: checking whether we are cross compiling
configure:4345: gcc -o conftest    conftest.c  >&5
configure:4349: $? = 0
configure:4356: ./conftest
configure:4360: $? = 0
configure:4375: result: no
configure:4380: checking for suffix of object files
configure:4402: gcc -c   conftest.c >&5
configure:4406: $? = 0
configure:4427: result: o
configure:4431: checking whether we are using the GNU C compiler
configure:4450: gcc -c   conftest.c >&5
configure:4450: $? = 0
configure:4459: result: yes
configure:4468: checking whether gcc accepts -g
configure:4488: gcc -c -g  conftest.c >&5
configure:4488: $? = 0
configure:4529: result: yes
configure:4546: checking for gcc option to accept ISO C89
configure:4609: gcc  -c -g -O2  conftest.c >&5
configure:4609: $? = 0
configure:4622: result: none needed
configure:4644: checking dependency style of gcc
configure:4755: result: gcc3
configure:4774: checking build system type
configure:4788: result: i686-pc-linux-gnu
configure:4808: checking host system type
configure:4821: result: i686-pc-linux-gnu
configure:4865: checking for ld used by GCC
configure:4929: result: /usr/bin/ld
configure:4936: checking if the linker (/usr/bin/ld) is GNU ld
configure:4949: result: yes
configure:4956: checking for shared library run path origin
configure:4969: result: done
configure:4994: checking how to run the C preprocessor
configure:5025: gcc -E  conftest.c
configure:5025: $? = 0
configure:5039: gcc -E  conftest.c
conftest.c:11:28: fatal error: ac_nonexistent.h: No such file or directory
compilation terminated.
configure:5039: $? = 1
configure: failed program was:
| /* confdefs.h */
| #define PACKAGE_NAME "audacity"
| #define PACKAGE_TARNAME "audacity"
| #define PACKAGE_VERSION "2.0.6"
| #define PACKAGE_STRING "audacity 2.0.6"
| #define PACKAGE_BUGREPORT ""
| #define PACKAGE_URL ""
| #define PACKAGE "audacity"
| #define VERSION "2.0.6"
| /* end confdefs.h.  */
| #include <ac_nonexistent.h>
configure:5064: result: gcc -E
configure:5084: gcc -E  conftest.c
configure:5084: $? = 0
configure:5098: gcc -E  conftest.c
conftest.c:11:28: fatal error: ac_nonexistent.h: No such file or directory
compilation terminated.
configure:5098: $? = 1
configure: failed program was:
| /* confdefs.h */
| #define PACKAGE_NAME "audacity"
| #define PACKAGE_TARNAME "audacity"
| #define PACKAGE_VERSION "2.0.6"
| #define PACKAGE_STRING "audacity 2.0.6"
| #define PACKAGE_BUGREPORT ""
| #define PACKAGE_URL ""
| #define PACKAGE "audacity"
| #define VERSION "2.0.6"
| /* end confdefs.h.  */
| #include <ac_nonexistent.h>
configure:5127: checking for grep that handles long lines and -e
configure:5185: result: /bin/grep
configure:5190: checking for egrep
configure:5252: result: /bin/grep -E
configure:5810: checking for CFPreferencesCopyAppValue
configure:5828: gcc -o conftest -g -O2   conftest.c  -Wl,-framework -Wl,CoreFoundation >&5
conftest.c:11:42: fatal error: CoreFoundation/CFPreferences.h: No such file or directory
compilation terminated.
configure:5828: $? = 1
configure: failed program was:
| /* confdefs.h */
| #define PACKAGE_NAME "audacity"
| #define PACKAGE_TARNAME "audacity"
| #define PACKAGE_VERSION "2.0.6"
| #define PACKAGE_STRING "audacity 2.0.6"
| #define PACKAGE_BUGREPORT ""
| #define PACKAGE_URL ""
| #define PACKAGE "audacity"
| #define VERSION "2.0.6"
| /* end confdefs.h.  */
| #include <CoreFoundation/CFPreferences.h>
| int
| main ()
| {
| CFPreferencesCopyAppValue(NULL, NULL)
|   ;
|   return 0;
| }
configure:5837: result: no
configure:5844: checking for CFLocaleCopyCurrent
configure:5862: gcc -o conftest -g -O2   conftest.c  -Wl,-framework -Wl,CoreFoundation >&5
conftest.c:11:37: fatal error: CoreFoundation/CFLocale.h: No such file or directory
compilation terminated.
configure:5862: $? = 1
configure: failed program was:
| /* confdefs.h */
| #define PACKAGE_NAME "audacity"
| #define PACKAGE_TARNAME "audacity"
| #define PACKAGE_VERSION "2.0.6"
| #define PACKAGE_STRING "audacity 2.0.6"
| #define PACKAGE_BUGREPORT ""
| #define PACKAGE_URL ""
| #define PACKAGE "audacity"
| #define VERSION "2.0.6"
| /* end confdefs.h.  */
| #include <CoreFoundation/CFLocale.h>
| int
| main ()
| {
| CFLocaleCopyCurrent();
|   ;
|   return 0;
| }
configure:5871: result: no
configure:5920: checking for GNU gettext in libc
configure:5940: gcc -o conftest -g -O2   conftest.c  >&5
configure:5940: $? = 0
configure:5949: result: yes
configure:6740: checking whether to use NLS
configure:6742: result: yes
configure:6745: checking where the gettext function comes from
configure:6756: result: libc
configure:6818: checking for C compiler vendor
configure:6842: gcc -c -g -O2  conftest.c >&5
conftest.c: In function 'main':
conftest.c:20:7: error: 'thisisanerror' undeclared (first use in this function)
conftest.c:20:7: note: each undeclared identifier is reported only once for each function it appears in
configure:6842: $? = 1
configure: failed program was:
| /* confdefs.h */
| #define PACKAGE_NAME "audacity"
| #define PACKAGE_TARNAME "audacity"
| #define PACKAGE_VERSION "2.0.6"
| #define PACKAGE_STRING "audacity 2.0.6"
| #define PACKAGE_BUGREPORT ""
| #define PACKAGE_URL ""
| #define PACKAGE "audacity"
| #define VERSION "2.0.6"
| #define ENABLE_NLS 1
| #define HAVE_GETTEXT 1
| #define HAVE_DCGETTEXT 1
| /* end confdefs.h.  */
| 
| int
| main ()
| {
| 
| #if !(defined(__ICC) || defined(__ECC) || defined(__INTEL_COMPILER))
|       thisisanerror;
| #endif
| 
|   ;
|   return 0;
| }
configure:6842: gcc -c -g -O2  conftest.c >&5
conftest.c: In function 'main':
conftest.c:20:7: error: 'thisisanerror' undeclared (first use in this function)
conftest.c:20:7: note: each undeclared identifier is reported only once for each function it appears in
configure:6842: $? = 1
configure: failed program was:
| /* confdefs.h */
| #define PACKAGE_NAME "audacity"
| #define PACKAGE_TARNAME "audacity"
| #define PACKAGE_VERSION "2.0.6"
| #define PACKAGE_STRING "audacity 2.0.6"
| #define PACKAGE_BUGREPORT ""
| #define PACKAGE_URL ""
| #define PACKAGE "audacity"
| #define VERSION "2.0.6"
| #define ENABLE_NLS 1
| #define HAVE_GETTEXT 1
| #define HAVE_DCGETTEXT 1
| /* end confdefs.h.  */
| 
| int
| main ()
| {
| 
| #if !(defined(__xlc__) || defined(__xlC__) || defined(__IBMC__) || defined(__IBMCPP__))
|       thisisanerror;
| #endif
| 
|   ;
|   return 0;
| }
configure:6842: gcc -c -g -O2  conftest.c >&5
conftest.c: In function 'main':
conftest.c:20:7: error: 'thisisanerror' undeclared (first use in this function)
conftest.c:20:7: note: each undeclared identifier is reported only once for each function it appears in
configure:6842: $? = 1
configure: failed program was:
| /* confdefs.h */
| #define PACKAGE_NAME "audacity"
| #define PACKAGE_TARNAME "audacity"
| #define PACKAGE_VERSION "2.0.6"
| #define PACKAGE_STRING "audacity 2.0.6"
| #define PACKAGE_BUGREPORT ""
| #define PACKAGE_URL ""
| #define PACKAGE "audacity"
| #define VERSION "2.0.6"
| #define ENABLE_NLS 1
| #define HAVE_GETTEXT 1
| #define HAVE_DCGETTEXT 1
| /* end confdefs.h.  */
| 
| int
| main ()
| {
| 
| #if !(defined(__PATHCC__) || defined(__PATHSCALE__))
|       thisisanerror;
| #endif
| 
|   ;
|   return 0;
| }
configure:6842: gcc -c -g -O2  conftest.c >&5
configure:6842: $? = 0
configure:6849: result: gnu
configure:6900: checking for gcc
configure:6927: result: gcc
configure:7156: checking for C compiler version
configure:7165: gcc --version >&5
gcc (Ubuntu/Linaro 4.6.3-1ubuntu5) 4.6.3
Copyright (C) 2011 Free Software Foundation, Inc.
This is free software; see the source for copying conditions.  There is NO
warranty; not even for MERCHANTABILITY or FITNESS FOR A PARTICULAR PURPOSE.

configure:7176: $? = 0
configure:7165: gcc -v >&5
Using built-in specs.
COLLECT_GCC=gcc
COLLECT_LTO_WRAPPER=/usr/lib/gcc/i686-linux-gnu/4.6/lto-wrapper
Target: i686-linux-gnu
Configured with: ../src/configure -v --with-pkgversion='Ubuntu/Linaro 4.6.3-1ubuntu5' --with-bugurl=file:///usr/share/doc/gcc-4.6/README.Bugs --enable-languages=c,c++,fortran,objc,obj-c++ --prefix=/usr --program-suffix=-4.6 --enable-shared --enable-linker-build-id --with-system-zlib --libexecdir=/usr/lib --without-included-gettext --enable-threads=posix --with-gxx-include-dir=/usr/include/c++/4.6 --libdir=/usr/lib --enable-nls --with-sysroot=/ --enable-clocale=gnu --enable-libstdcxx-debug --enable-libstdcxx-time=yes --enable-gnu-unique-object --enable-plugin --enable-objc-gc --enable-targets=all --disable-werror --with-arch-32=i686 --with-tune=generic --enable-checking=release --build=i686-linux-gnu --host=i686-linux-gnu --target=i686-linux-gnu
Thread model: posix
gcc version 4.6.3 (Ubuntu/Linaro 4.6.3-1ubuntu5) 
configure:7176: $? = 0
configure:7165: gcc -V >&5
gcc: error: unrecognized option '-V'
gcc: fatal error: no input files
compilation terminated.
configure:7176: $? = 4
configure:7165: gcc -qversion >&5
gcc: error: unrecognized option '-qversion'
gcc: fatal error: no input files
compilation terminated.
configure:7176: $? = 4
configure:7180: checking whether we are using the GNU C compiler
configure:7208: result: yes
configure:7217: checking whether gcc accepts -g
configure:7278: result: yes
configure:7295: checking for gcc option to accept ISO C89
configure:7371: result: none needed
configure:7393: checking dependency style of gcc
configure:7504: result: gcc3
configure:7583: checking for g++
configure:7599: found /usr/bin/g++
configure:7610: result: g++
configure:7637: checking for C++ compiler version
configure:7646: g++ --version >&5
g++ (Ubuntu/Linaro 4.6.3-1ubuntu5) 4.6.3
Copyright (C) 2011 Free Software Foundation, Inc.
This is free software; see the source for copying conditions.  There is NO
warranty; not even for MERCHANTABILITY or FITNESS FOR A PARTICULAR PURPOSE.

configure:7657: $? = 0
configure:7646: g++ -v >&5
Using built-in specs.
COLLECT_GCC=g++
COLLECT_LTO_WRAPPER=/usr/lib/gcc/i686-linux-gnu/4.6/lto-wrapper
Target: i686-linux-gnu
Configured with: ../src/configure -v --with-pkgversion='Ubuntu/Linaro 4.6.3-1ubuntu5' --with-bugurl=file:///usr/share/doc/gcc-4.6/README.Bugs --enable-languages=c,c++,fortran,objc,obj-c++ --prefix=/usr --program-suffix=-4.6 --enable-shared --enable-linker-build-id --with-system-zlib --libexecdir=/usr/lib --without-included-gettext --enable-threads=posix --with-gxx-include-dir=/usr/include/c++/4.6 --libdir=/usr/lib --enable-nls --with-sysroot=/ --enable-clocale=gnu --enable-libstdcxx-debug --enable-libstdcxx-time=yes --enable-gnu-unique-object --enable-plugin --enable-objc-gc --enable-targets=all --disable-werror --with-arch-32=i686 --with-tune=generic --enable-checking=release --build=i686-linux-gnu --host=i686-linux-gnu --target=i686-linux-gnu
Thread model: posix
gcc version 4.6.3 (Ubuntu/Linaro 4.6.3-1ubuntu5) 
configure:7657: $? = 0
configure:7646: g++ -V >&5
g++: error: unrecognized option '-V'
g++: fatal error: no input files
compilation terminated.
configure:7657: $? = 4
configure:7646: g++ -qversion >&5
g++: error: unrecognized option '-qversion'
g++: fatal error: no input files
compilation terminated.
configure:7657: $? = 4
configure:7661: checking whether we are using the GNU C++ compiler
configure:7680: g++ -c   conftest.cpp >&5
configure:7680: $? = 0
configure:7689: result: yes
configure:7698: checking whether g++ accepts -g
configure:7718: g++ -c -g  conftest.cpp >&5
configure:7718: $? = 0
configure:7759: result: yes
configure:7784: checking dependency style of g++
configure:7895: result: gcc3
configure:7915: checking how to run the C++ preprocessor
configure:7942: g++ -E  conftest.cpp
configure:7942: $? = 0
configure:7956: g++ -E  conftest.cpp
conftest.cpp:14:28: fatal error: ac_nonexistent.h: No such file or directory
compilation terminated.
configure:7956: $? = 1
configure: failed program was:
| /* confdefs.h */
| #define PACKAGE_NAME "audacity"
| #define PACKAGE_TARNAME "audacity"
| #define PACKAGE_VERSION "2.0.6"
| #define PACKAGE_STRING "audacity 2.0.6"
| #define PACKAGE_BUGREPORT ""
| #define PACKAGE_URL ""
| #define PACKAGE "audacity"
| #define VERSION "2.0.6"
| #define ENABLE_NLS 1
| #define HAVE_GETTEXT 1
| #define HAVE_DCGETTEXT 1
| /* end confdefs.h.  */
| #include <ac_nonexistent.h>
configure:7981: result: g++ -E
configure:8001: g++ -E  conftest.cpp
configure:8001: $? = 0
configure:8015: g++ -E  conftest.cpp
conftest.cpp:14:28: fatal error: ac_nonexistent.h: No such file or directory
compilation terminated.
configure:8015: $? = 1
configure: failed program was:
| /* confdefs.h */
| #define PACKAGE_NAME "audacity"
| #define PACKAGE_TARNAME "audacity"
| #define PACKAGE_VERSION "2.0.6"
| #define PACKAGE_STRING "audacity 2.0.6"
| #define PACKAGE_BUGREPORT ""
| #define PACKAGE_URL ""
| #define PACKAGE "audacity"
| #define VERSION "2.0.6"
| #define ENABLE_NLS 1
| #define HAVE_GETTEXT 1
| #define HAVE_DCGETTEXT 1
| /* end confdefs.h.  */
| #include <ac_nonexistent.h>
configure:8097: checking for ar
configure:8113: found /usr/bin/ar
configure:8124: result: ar
configure:8150: checking the archiver (ar) interface
configure:8160: g++ -c   conftest.cpp >&5
configure:8160: $? = 0
configure:8162: ar cru libconftest.a conftest.o >&5
configure:8165: $? = 0
configure:8188: result: ar
configure:8255: checking how to print strings
configure:8282: result: printf
configure:8303: checking for a sed that does not truncate output
configure:8367: result: /bin/sed
configure:8385: checking for fgrep
configure:8447: result: /bin/grep -F
configure:8482: checking for ld used by gcc
configure:8549: result: /usr/bin/ld
configure:8556: checking if the linker (/usr/bin/ld) is GNU ld
configure:8571: result: yes
configure:8583: checking for BSD- or MS-compatible name lister (nm)
configure:8632: result: /usr/bin/nm -B
configure:8762: checking the name lister (/usr/bin/nm -B) interface
configure:8769: g++ -c   conftest.cpp >&5
configure:8772: /usr/bin/nm -B "conftest.o"
configure:8775: output
00000000 B some_variable
configure:8782: result: BSD nm
configure:8785: checking whether ln -s works
configure:8789: result: yes
configure:8797: checking the maximum length of command line arguments
configure:8928: result: 1572864
configure:8945: checking whether the shell understands some XSI constructs
configure:8955: result: yes
configure:8959: checking whether the shell understands "+="
configure:8965: result: yes
configure:9000: checking how to convert i686-pc-linux-gnu file names to i686-pc-linux-gnu format
configure:9040: result: func_convert_file_noop
configure:9047: checking how to convert i686-pc-linux-gnu file names to toolchain format
configure:9067: result: func_convert_file_noop
configure:9074: checking for /usr/bin/ld option to reload object files
configure:9081: result: -r
configure:9155: checking for objdump
configure:9171: found /usr/bin/objdump
configure:9182: result: objdump
configure:9214: checking how to recognize dependent libraries
configure:9412: result: pass_all
configure:9497: checking for dlltool
configure:9527: result: no
configure:9557: checking how to associate runtime and link libraries
configure:9584: result: printf %s\n
configure:9708: checking for archiver @FILE support
configure:9725: g++ -c   conftest.cpp >&5
configure:9725: $? = 0
configure:9728: ar cru libconftest.a @conftest.lst >&5
configure:9731: $? = 0
configure:9736: ar cru libconftest.a @conftest.lst >&5
ar: conftest.o: No such file or directory
configure:9739: $? = 1
configure:9751: result: @
configure:9809: checking for strip
configure:9825: found /usr/bin/strip
configure:9836: result: strip
configure:9908: checking for ranlib
configure:9924: found /usr/bin/ranlib
configure:9935: result: ranlib
configure:10037: checking command to parse /usr/bin/nm -B output from gcc object
configure:10157: g++ -c   conftest.cpp >&5
configure:10160: $? = 0
configure:10164: /usr/bin/nm -B conftest.o \| sed -n -e 's/^.*[ ]\([ABCDGIRSTW][ABCDGIRSTW]*\)[ ][ ]*\([_A-Za-z][_A-Za-z0-9]*\)$/\1 \2 \2/p' | sed '/ __gnu_lto/d' \> conftest.nm
configure:10167: $? = 0
configure:10233: g++ -o conftest    conftest.cpp conftstm.o >&5
configure:10236: $? = 0
configure:10274: result: ok
configure:10311: checking for sysroot
configure:10341: result: no
configure:10604: checking for mt
configure:10620: found /bin/mt
configure:10631: result: mt
configure:10654: checking if mt is a manifest tool
configure:10660: mt '-?'
configure:10668: result: no
configure:11305: checking for ANSI C header files
configure:11325: g++ -c   conftest.cpp >&5
configure:11325: $? = 0
configure:11398: g++ -o conftest    conftest.cpp  >&5
configure:11398: $? = 0
configure:11398: ./conftest
configure:11398: $? = 0
configure:11409: result: yes
configure:11422: checking for sys/types.h
configure:11422: g++ -c   conftest.cpp >&5
configure:11422: $? = 0
configure:11422: result: yes
configure:11422: checking for sys/stat.h
configure:11422: g++ -c   conftest.cpp >&5
configure:11422: $? = 0
configure:11422: result: yes
configure:11422: checking for stdlib.h
configure:11422: g++ -c   conftest.cpp >&5
configure:11422: $? = 0
configure:11422: result: yes
configure:11422: checking for string.h
configure:11422: g++ -c   conftest.cpp >&5
configure:11422: $? = 0
configure:11422: result: yes
configure:11422: checking for memory.h
configure:11422: g++ -c   conftest.cpp >&5
configure:11422: $? = 0
configure:11422: result: yes
configure:11422: checking for strings.h
configure:11422: g++ -c   conftest.cpp >&5
configure:11422: $? = 0
configure:11422: result: yes
configure:11422: checking for inttypes.h
configure:11422: g++ -c   conftest.cpp >&5
configure:11422: $? = 0
configure:11422: result: yes
configure:11422: checking for stdint.h
configure:11422: g++ -c   conftest.cpp >&5
configure:11422: $? = 0
configure:11422: result: yes
configure:11422: checking for unistd.h
configure:11422: g++ -c   conftest.cpp >&5
configure:11422: $? = 0
configure:11422: result: yes
configure:11436: checking for dlfcn.h
configure:11436: g++ -c   conftest.cpp >&5
configure:11436: $? = 0
configure:11436: result: yes
configure:11651: checking for objdir
configure:11666: result: .libs
configure:11937: checking if gcc supports -fno-rtti -fno-exceptions
configure:11955: gcc -c -g -O2  -fno-rtti -fno-exceptions conftest.c >&5
cc1: warning: command line option '-fno-rtti' is valid for C++/ObjC++ but not for C [enabled by default]
configure:11959: $? = 0
configure:11972: result: no
configure:12299: checking for gcc option to produce PIC
configure:12306: result: -fPIC -DPIC
configure:12314: checking if gcc PIC flag -fPIC -DPIC works
configure:12332: gcc -c -g -O2  -fPIC -DPIC -DPIC conftest.c >&5
configure:12336: $? = 0
configure:12349: result: yes
configure:12378: checking if gcc static flag -static works
configure:12406: result: yes
configure:12421: checking if gcc supports -c -o file.o
configure:12442: gcc -c -g -O2  -o out/conftest2.o conftest.c >&5
configure:12446: $? = 0
configure:12468: result: yes
configure:12476: checking if gcc supports -c -o file.o
configure:12523: result: yes
configure:12556: checking whether the gcc linker (/usr/bin/ld) supports shared libraries
configure:13713: result: yes
configure:13953: checking dynamic linker characteristics
configure:14453: gcc -o conftest -g -O2   -Wl,-rpath -Wl,/foo conftest.c  >&5
configure:14453: $? = 0
configure:14687: result: GNU/Linux ld.so
configure:14794: checking how to hardcode library paths into programs
configure:14819: result: immediate
configure:15359: checking whether stripping libraries is possible
configure:15364: result: yes
configure:15399: checking if libtool supports shared libraries
configure:15401: result: yes
configure:15404: checking whether to build shared libraries
configure:15425: result: no
configure:15428: checking whether to build static libraries
configure:15432: result: yes
configure:15455: checking how to run the C++ preprocessor
configure:15521: result: g++ -E
configure:15541: g++ -E  conftest.cpp
configure:15541: $? = 0
configure:15555: g++ -E  conftest.cpp
conftest.cpp:26:28: fatal error: ac_nonexistent.h: No such file or directory
compilation terminated.
configure:15555: $? = 1
configure: failed program was:
| /* confdefs.h */
| #define PACKAGE_NAME "audacity"
| #define PACKAGE_TARNAME "audacity"
| #define PACKAGE_VERSION "2.0.6"
| #define PACKAGE_STRING "audacity 2.0.6"
| #define PACKAGE_BUGREPORT ""
| #define PACKAGE_URL ""
| #define PACKAGE "audacity"
| #define VERSION "2.0.6"
| #define ENABLE_NLS 1
| #define HAVE_GETTEXT 1
| #define HAVE_DCGETTEXT 1
| #define STDC_HEADERS 1
| #define HAVE_SYS_TYPES_H 1
| #define HAVE_SYS_STAT_H 1
| #define HAVE_STDLIB_H 1
| #define HAVE_STRING_H 1
| #define HAVE_MEMORY_H 1
| #define HAVE_STRINGS_H 1
| #define HAVE_INTTYPES_H 1
| #define HAVE_STDINT_H 1
| #define HAVE_UNISTD_H 1
| #define HAVE_DLFCN_H 1
| #define LT_OBJDIR ".libs/"
| /* end confdefs.h.  */
| #include <ac_nonexistent.h>
configure:15724: checking for ld used by g++
configure:15791: result: /usr/bin/ld
configure:15798: checking if the linker (/usr/bin/ld) is GNU ld
configure:15813: result: yes
configure:15868: checking whether the g++ linker (/usr/bin/ld) supports shared libraries
configure:16870: result: yes
configure:16906: g++ -c   conftest.cpp >&5
configure:16909: $? = 0
configure:17429: checking for g++ option to produce PIC
configure:17436: result: -fPIC -DPIC
configure:17444: checking if g++ PIC flag -fPIC -DPIC works
configure:17462: g++ -c   -fPIC -DPIC -DPIC conftest.cpp >&5
configure:17466: $? = 0
configure:17479: result: yes
configure:17502: checking if g++ static flag -static works
configure:17530: result: yes
configure:17542: checking if g++ supports -c -o file.o
configure:17563: g++ -c   -o out/conftest2.o conftest.cpp >&5
configure:17567: $? = 0
configure:17589: result: yes
configure:17594: checking if g++ supports -c -o file.o
configure:17641: result: yes
configure:17671: checking whether the g++ linker (/usr/bin/ld) supports shared libraries
configure:17710: result: yes
configure:17851: checking dynamic linker characteristics
configure:18519: result: GNU/Linux ld.so
configure:18572: checking how to hardcode library paths into programs
configure:18597: result: immediate
configure:18662: checking for pkg-config
configure:18678: found /usr/bin/pkg-config
configure:18690: result: yes
configure:18755: checking whether the linker accepts the -rdynamic flag
configure:18779: g++ -o conftest    -rdynamic conftest.cpp  >&5
configure:18779: $? = 0
configure:18798: result: yes
configure:18947: g++ -c   conftest.cpp >&5
In file included from conftest.cpp:29:0:
/usr/lib/gcc/i686-linux-gnu/4.6/include/xmmintrin.h:32:3: error: #error "SSE instruction set not enabled"
conftest.cpp: In function 'int main()':
conftest.cpp:33:1: error: '__m128' was not declared in this scope
conftest.cpp:33:8: error: expected ';' before 'v'
conftest.cpp:33:25: error: 'v' was not declared in this scope
conftest.cpp:33:43: error: '_mm_loadu_ps' was not declared in this scope
conftest.cpp:33:63: error: '_mm_storeu_ps' was not declared in this scope
conftest.cpp:33:66: error: 'w' was not declared in this scope
conftest.cpp:33:92: error: ISO C++ forbids declaration of 'type name' with no type [-fpermissive]
conftest.cpp:33:92: error: ISO C++ forbids declaration of 'type name' with no type [-fpermissive]
conftest.cpp:33:86: error: expected primary-expression before 'const'
conftest.cpp:33:86: error: expected ')' before 'const'
conftest.cpp:33:129: error: ISO C++ forbids declaration of 'type name' with no type [-fpermissive]
conftest.cpp:33:129: error: ISO C++ forbids declaration of 'type name' with no type [-fpermissive]
conftest.cpp:33:123: error: expected primary-expression before 'const'
conftest.cpp:33:123: error: expected ')' before 'const'
conftest.cpp:33:155: error: '__m64' was not declared in this scope
conftest.cpp:33:162: error: expected primary-expression before ')' token
conftest.cpp:33:167: error: '_mm_storel_pi' was not declared in this scope
conftest.cpp:33:192: error: expected primary-expression before ')' token
conftest.cpp:33:197: error: '_mm_storeh_pi' was not declared in this scope
conftest.cpp:33:218: error: '_mm_add_ps' was not declared in this scope
conftest.cpp:33:239: error: '_mm_sub_ps' was not declared in this scope
conftest.cpp:33:260: error: '_mm_mul_ps' was not declared in this scope
conftest.cpp:33:305: error: '_MM_SHUFFLE' was not declared in this scope
conftest.cpp:33:306: error: '_mm_shuffle_ps' was not declared in this scope
conftest.cpp:33:329: error: '_mm_set1_ps' was not declared in this scope
configure:18947: $? = 1
configure: failed program was:
| /* confdefs.h */
| #define PACKAGE_NAME "audacity"
| #define PACKAGE_TARNAME "audacity"
| #define PACKAGE_VERSION "2.0.6"
| #define PACKAGE_STRING "audacity 2.0.6"
| #define PACKAGE_BUGREPORT ""
| #define PACKAGE_URL ""
| #define PACKAGE "audacity"
| #define VERSION "2.0.6"
| #define ENABLE_NLS 1
| #define HAVE_GETTEXT 1
| #define HAVE_DCGETTEXT 1
| #define STDC_HEADERS 1
| #define HAVE_SYS_TYPES_H 1
| #define HAVE_SYS_STAT_H 1
| #define HAVE_STDLIB_H 1
| #define HAVE_STRING_H 1
| #define HAVE_MEMORY_H 1
| #define HAVE_STRINGS_H 1
| #define HAVE_INTTYPES_H 1
| #define HAVE_STDINT_H 1
| #define HAVE_UNISTD_H 1
| #define HAVE_DLFCN_H 1
| #define LT_OBJDIR ".libs/"
| #define AUDACITY_NAME "audacity"
| #define INSTALL_PREFIX "/usr/local/"
| #define BUILDING_AUDACITY 1
| /* end confdefs.h.  */
| #include <xmmintrin.h>
| int
| main ()
| {
| __m128 v,w; float p[8]; v = _mm_loadu_ps(p); _mm_storeu_ps(p,v); w = _mm_loadl_pi(w,(const __m64*)p); w = _mm_loadh_pi(w,(const __m64*)p); _mm_storel_pi((__m64 *)p, w); _mm_storeh_pi((__m64 *)p, w); v = _mm_add_ps(v,w); v = _mm_sub_ps(v,w); v = _mm_mul_ps(v,w); v = _mm_shuffle_ps(v,w,_MM_SHUFFLE(0,1,2,3)); w = _mm_set1_ps(0.0f);
|   ;
|   return 0;
| }
configure:18968: checking for an ANSI C-conforming const
configure:19034: g++ -c   conftest.cpp >&5
configure:19034: $? = 0
configure:19041: result: yes
configure:19049: checking for size_t
configure:19049: g++ -c   conftest.cpp >&5
configure:19049: $? = 0
configure:19049: g++ -c   conftest.cpp >&5
conftest.cpp: In function 'int main()':
conftest.cpp:65:20: error: expected primary-expression before ')' token
configure:19049: $? = 1
configure: failed program was:
| /* confdefs.h */
| #define PACKAGE_NAME "audacity"
| #define PACKAGE_TARNAME "audacity"
| #define PACKAGE_VERSION "2.0.6"
| #define PACKAGE_STRING "audacity 2.0.6"
| #define PACKAGE_BUGREPORT ""
| #define PACKAGE_URL ""
| #define PACKAGE "audacity"
| #define VERSION "2.0.6"
| #define ENABLE_NLS 1
| #define HAVE_GETTEXT 1
| #define HAVE_DCGETTEXT 1
| #define STDC_HEADERS 1
| #define HAVE_SYS_TYPES_H 1
| #define HAVE_SYS_STAT_H 1
| #define HAVE_STDLIB_H 1
| #define HAVE_STRING_H 1
| #define HAVE_MEMORY_H 1
| #define HAVE_STRINGS_H 1
| #define HAVE_INTTYPES_H 1
| #define HAVE_STDINT_H 1
| #define HAVE_UNISTD_H 1
| #define HAVE_DLFCN_H 1
| #define LT_OBJDIR ".libs/"
| #define AUDACITY_NAME "audacity"
| #define INSTALL_PREFIX "/usr/local/"
| #define BUILDING_AUDACITY 1
| /* end confdefs.h.  */
| #include <stdio.h>
| #ifdef HAVE_SYS_TYPES_H
| # include <sys/types.h>
| #endif
| #ifdef HAVE_SYS_STAT_H
| # include <sys/stat.h>
| #endif
| #ifdef STDC_HEADERS
| # include <stdlib.h>
| # include <stddef.h>
| #else
| # ifdef HAVE_STDLIB_H
| #  include <stdlib.h>
| # endif
| #endif
| #ifdef HAVE_STRING_H
| # if !defined STDC_HEADERS && defined HAVE_MEMORY_H
| #  include <memory.h>
| # endif
| # include <string.h>
| #endif
| #ifdef HAVE_STRINGS_H
| # include <strings.h>
| #endif
| #ifdef HAVE_INTTYPES_H
| # include <inttypes.h>
| #endif
| #ifdef HAVE_STDINT_H
| # include <stdint.h>
| #endif
| #ifdef HAVE_UNISTD_H
| # include <unistd.h>
| #endif
| int
| main ()
| {
| if (sizeof ((size_t)))
| 	    return 0;
|   ;
|   return 0;
| }
configure:19049: result: yes
configure:19067: checking for alloca.h
configure:19067: g++ -c   conftest.cpp >&5
configure:19067: $? = 0
configure:19067: result: yes
configure:19083: checking CFLAGS for strict prototypes
configure:19110: gcc -c -g -O2 -pedantic  -fstrict-prototypes -Wstrict-prototypes  conftest.c >&5
cc1: error: unrecognized command line option '-fstrict-prototypes'
configure:19110: $? = 1
configure: failed program was:
| /* confdefs.h */
| #define PACKAGE_NAME "audacity"
| #define PACKAGE_TARNAME "audacity"
| #define PACKAGE_VERSION "2.0.6"
| #define PACKAGE_STRING "audacity 2.0.6"
| #define PACKAGE_BUGREPORT ""
| #define PACKAGE_URL ""
| #define PACKAGE "audacity"
| #define VERSION "2.0.6"
| #define ENABLE_NLS 1
| #define HAVE_GETTEXT 1
| #define HAVE_DCGETTEXT 1
| #define STDC_HEADERS 1
| #define HAVE_SYS_TYPES_H 1
| #define HAVE_SYS_STAT_H 1
| #define HAVE_STDLIB_H 1
| #define HAVE_STRING_H 1
| #define HAVE_MEMORY_H 1
| #define HAVE_STRINGS_H 1
| #define HAVE_INTTYPES_H 1
| #define HAVE_STDINT_H 1
| #define HAVE_UNISTD_H 1
| #define HAVE_DLFCN_H 1
| #define LT_OBJDIR ".libs/"
| #define AUDACITY_NAME "audacity"
| #define INSTALL_PREFIX "/usr/local/"
| #define BUILDING_AUDACITY 1
| #define HAVE_ALLOCA_H 1
| /* end confdefs.h.  */
| 
| int
| main ()
| {
| return 0;
|   ;
|   return 0;
| }
configure:19110: gcc -c -g -O2 -pedantic  -Wstrict-prototypes  conftest.c >&5
conftest.c:32:1: warning: function declaration isn't a prototype [-Wstrict-prototypes]
configure:19110: $? = 0
configure:19132: gcc -c -g -O2 -pedantic  -Wstrict-prototypes  conftest.c >&5
conftest.c:32:1: warning: function declaration isn't a prototype [-Wstrict-prototypes]
configure:19132: $? = 0
configure:19152: result: -Wstrict-prototypes
configure:19165: : CFLAGS="$CFLAGS $ac_cv_cflags_strict_prototypes"
configure:19168: $? = 0
configure:19176: checking wall_flags for maximum warnings
configure:19203: gcc -c -g -O2 -Wstrict-prototypes -pedantic  -Wall  conftest.c >&5
conftest.c:32:1: warning: function declaration isn't a prototype [-Wstrict-prototypes]
configure:19203: $? = 0
configure:19217: result: -Wall
configure:19230: : wall_flags="$wall_flags $ac_cv_cflags_warn_all"
configure:19233: $? = 0
configure:19248: checking whether the C++ compiler accepts the  -Wall flag
configure:19277: g++ -c   -Wall  conftest.cpp >&5
configure:19277: $? = 0
configure:19300: result: yes
configure:19326: checking whether the C++ preprocessor accepts the  -Wall flag
configure:19355: g++ -E  conftest.cpp
configure:19355: $? = 0
configure:19378: result: yes
configure:19402: checking whether the -Werror option is usable
configure:19421: g++ -c   -Wall   -Wall conftest.cpp >&5
configure:19421: $? = 0
configure:19430: result: yes
configure:19432: checking for simple visibility declarations
configure:19458: g++ -c   -Wall   -Wall conftest.cpp >&5
configure:19458: $? = 0
configure:19467: result: yes
configure:19486: checking for wx-config
configure:19505: found /usr/bin/wx-config
configure:19518: result: /usr/bin/wx-config
configure:19539: Checking that the chosen version of wxWidgets is 2.8.x
configure:19576: Determining what libraries are available in this tree and on the system
configure:19628: checking for pkg-config
configure:19646: found /usr/bin/pkg-config
configure:19658: result: /usr/bin/pkg-config
configure:19683: checking pkg-config is at least version 0.9.0
configure:19686: result: yes
configure:19709: checking for EXPAT
configure:19716: $PKG_CONFIG --exists --print-errors "expat"
Package expat was not found in the pkg-config search path.
Perhaps you should add the directory containing `expat.pc'
to the PKG_CONFIG_PATH environment variable
No package 'expat' found
configure:19719: $? = 1
configure:19732: $PKG_CONFIG --exists --print-errors "expat"
Package expat was not found in the pkg-config search path.
Perhaps you should add the directory containing `expat.pc'
to the PKG_CONFIG_PATH environment variable
No package 'expat' found
configure:19735: $? = 1
No package 'expat' found
configure:19762: result: no
configure:19776: checking for XML_ParserCreate in -lexpat
configure:19801: g++ -o conftest   -Wall -I$(top_srcdir)/lib-src/FileDialog   -Wall  conftest.cpp -lexpat   >&5
configure:19801: $? = 0
configure:19810: result: yes
configure:19819: checking expat.h usability
configure:19819: g++ -c   -Wall -I$(top_srcdir)/lib-src/FileDialog   -Wall conftest.cpp >&5
configure:19819: $? = 0
configure:19819: result: yes
configure:19819: checking expat.h presence
configure:19819: g++ -E   -Wall conftest.cpp
configure:19819: $? = 0
configure:19819: result: yes
configure:19819: checking for expat.h
configure:19819: result: yes
configure:19835: Expat libraries are available as system libraries
configure:19844: checking for ./lib-src/expat/lib/expat.h
configure:19858: result: yes
configure:19868: Expat libraries are available in the local tree
configure:19888: checking for AVCODEC
configure:19895: $PKG_CONFIG --exists --print-errors "libavcodec >= 51.53"
configure:19898: $? = 0
configure:19911: $PKG_CONFIG --exists --print-errors "libavcodec >= 51.53"
configure:19914: $? = 0
configure:19949: result: yes
configure:19955: checking for AVFORMAT
configure:19962: $PKG_CONFIG --exists --print-errors "libavformat >= 52.12"
configure:19965: $? = 0
configure:19978: $PKG_CONFIG --exists --print-errors "libavformat >= 52.12"
configure:19981: $? = 0
configure:20016: result: yes
configure:20022: checking for AVUTIL
configure:20029: $PKG_CONFIG --exists --print-errors "libavutil"
configure:20032: $? = 0
configure:20045: $PKG_CONFIG --exists --print-errors "libavutil"
configure:20048: $? = 0
configure:20083: result: yes
configure:20090: FFmpeg library available as system library
configure:20099: checking for ./lib-src/ffmpeg/libavcodec/avcodec.h
configure:20113: result: yes
configure:20123: checking for ./lib-src/ffmpeg/libavformat/avformat.h
configure:20137: result: yes
configure:20148: FFmpeg headers are available in the local tree
configure:20169: checking for lame_set_VBR_q in -lmp3lame
configure:20194: g++ -o conftest   -Wall -I$(top_srcdir)/lib-src/FileDialog   -Wall  conftest.cpp -lmp3lame   >&5
configure:20194: $? = 0
configure:20203: result: yes
configure:20212: checking lame/lame.h usability
configure:20212: g++ -c   -Wall -I$(top_srcdir)/lib-src/FileDialog   -Wall conftest.cpp >&5
configure:20212: $? = 0
configure:20212: result: yes
configure:20212: checking lame/lame.h presence
configure:20212: g++ -E   -Wall conftest.cpp
configure:20212: $? = 0
configure:20212: result: yes
configure:20212: checking for lame/lame.h
configure:20212: result: yes
configure:20223: LAME library is available as system library.
configure:20233: checking for ./lib-src/lame/lame/lame.h
configure:20247: result: yes
configure:20257: LAME headers are available in this source tree.
configure:20277: checking for FLAC
configure:20284: $PKG_CONFIG --exists --print-errors "flac >= 1.3.0 flac++ >= 1.3.0"
Requested 'flac >= 1.3.0' but version of FLAC is 1.2.1
Requested 'flac++ >= 1.3.0' but version of FLAC++ is 1.2.1
configure:20287: $? = 1
configure:20300: $PKG_CONFIG --exists --print-errors "flac >= 1.3.0 flac++ >= 1.3.0"
Requested 'flac >= 1.3.0' but version of FLAC is 1.2.1
Requested 'flac++ >= 1.3.0' but version of FLAC++ is 1.2.1
configure:20303: $? = 1
Requested 'flac >= 1.3.0' but version of FLAC is 1.2.1
Requested 'flac++ >= 1.3.0' but version of FLAC++ is 1.2.1
configure:20330: result: no
configure:20346: checking for FLAC
configure:20353: $PKG_CONFIG --exists --print-errors "flac flac++"
configure:20356: $? = 0
configure:20369: $PKG_CONFIG --exists --print-errors "flac flac++"
configure:20372: $? = 0
configure:20407: result: yes
configure:20415: FLAC libraries are available as system libraries
configure:20424: checking for ./lib-src/libflac/include/FLAC/format.h
configure:20438: result: yes
configure:20448: checking for ./lib-src/libflac/include/FLAC++/decoder.h
configure:20462: result: yes
configure:20474: FLAC libraries are available in this source tree
configure:20498: checking for ID3TAG
configure:20505: $PKG_CONFIG --exists --print-errors "id3tag"
configure:20508: $? = 0
configure:20521: $PKG_CONFIG --exists --print-errors "id3tag"
configure:20524: $? = 0
configure:20559: result: yes
configure:20565: Libid3tag libraries are available as system libraries
configure:20574: checking for ./lib-src/libid3tag/frame.h
configure:20588: result: yes
configure:20598: libid3tag libraries are available in the local tree
configure:20618: checking for LIBMAD
configure:20625: $PKG_CONFIG --exists --print-errors "mad >= 0.14.2b"
configure:20628: $? = 0
configure:20641: $PKG_CONFIG --exists --print-errors "mad >= 0.14.2b"
configure:20644: $? = 0
configure:20679: result: yes
configure:20685: checking for mad_decoder_init in -lmad
configure:20710: g++ -o conftest   -Wall -I$(top_srcdir)/lib-src/FileDialog   -Wall  conftest.cpp -lmad   >&5
configure:20710: $? = 0
configure:20719: result: yes
configure:20734: libmad libraries are available as system libraries
configure:20743: checking for ./lib-src/libmad/frame.h
configure:20757: result: yes
configure:20767: libmad libraries are available in the local tree
configure:20788: checking for ./lib-src/libnyquist/nyx.h
configure:20802: result: yes
configure:20812: nyquist libraries are available in the local tree
configure:20836: checking for ./lib-src/libresample/include/libresample.h
configure:20850: result: yes
configure:20860: libresample libraries are available in the local tree
configure:20881: checking for SAMPLERATE
configure:20888: $PKG_CONFIG --exists --print-errors "samplerate >= 0.1.2"
configure:20891: $? = 0
configure:20904: $PKG_CONFIG --exists --print-errors "samplerate >= 0.1.2"
configure:20907: $? = 0
configure:20942: result: yes
configure:20948: Libsamplerate libraries are available as system libraries
configure:20957: checking for ./lib-src/libsamplerate/src/samplerate.h
configure:20971: result: yes
configure:20981: libsamplerate libraries are available in the local tree
configure:21001: checking for SBSMS
configure:21008: $PKG_CONFIG --exists --print-errors "sbsms >= 1.6.0"
Package sbsms was not found in the pkg-config search path.
Perhaps you should add the directory containing `sbsms.pc'
to the PKG_CONFIG_PATH environment variable
No package 'sbsms' found
configure:21011: $? = 1
configure:21024: $PKG_CONFIG --exists --print-errors "sbsms >= 1.6.0"
Package sbsms was not found in the pkg-config search path.
Perhaps you should add the directory containing `sbsms.pc'
to the PKG_CONFIG_PATH environment variable
No package 'sbsms' found
configure:21027: $? = 1
No package 'sbsms' found
configure:21054: result: no
configure:21072: Libsbsms libraries are NOT available as system libraries
configure:21078: checking for ./lib-src/sbsms/include/sbsms.h
configure:21092: result: yes
configure:21103: libsbsms libraries are available in the local tree
configure:21125: checking for SNDFILE
configure:21132: $PKG_CONFIG --exists --print-errors "sndfile >= 1.0.0"
configure:21135: $? = 0
configure:21148: $PKG_CONFIG --exists --print-errors "sndfile >= 1.0.0"
configure:21151: $? = 0
configure:21186: result: yes
configure:21192: Libsndfile libraries are available as system libraries
configure:21201: checking for ./lib-src/libsndfile/src/sndfile.h.in
configure:21215: result: yes
configure:21225: libsndfile libraries are available in this source tree
configure:21249: checking for SOUNDTOUCH
configure:21256: $PKG_CONFIG --exists --print-errors "soundtouch >= 1.3.0"
configure:21259: $? = 0
configure:21272: $PKG_CONFIG --exists --print-errors "soundtouch >= 1.3.0"
configure:21275: $? = 0
configure:21310: result: yes
configure:21454: Libsoundtouch libraries are available as system libraries
configure:21463: checking for ./lib-src/soundtouch/include/SoundTouch.h
configure:21477: result: yes
configure:21487: libsoundtouch libraries are available in the local tree
configure:21508: checking for SOXR
configure:21515: $PKG_CONFIG --exists --print-errors "soxr >= 0.0.5"
Package soxr was not found in the pkg-config search path.
Perhaps you should add the directory containing `soxr.pc'
to the PKG_CONFIG_PATH environment variable
No package 'soxr' found
configure:21518: $? = 1
configure:21531: $PKG_CONFIG --exists --print-errors "soxr >= 0.0.5"
Package soxr was not found in the pkg-config search path.
Perhaps you should add the directory containing `soxr.pc'
to the PKG_CONFIG_PATH environment variable
No package 'soxr' found
configure:21534: $? = 1
No package 'soxr' found
configure:21561: result: no
configure:21578: Soxr libraries are NOT available as system libraries
configure:21584: checking for ./lib-src/libsoxr/src/soxr.h
configure:21598: result: yes
configure:21611: libsoxr libraries are available in the local tree
configure:21631: checking for LIBTWOLAME
configure:21638: $PKG_CONFIG --exists --print-errors "twolame >= 0.3.9"
configure:21641: $? = 0
configure:21654: $PKG_CONFIG --exists --print-errors "twolame >= 0.3.9"
configure:21657: $? = 0
configure:21692: result: yes
configure:21698: Libtwolame library available as system library
configure:21707: checking for ./lib-src/twolame/libtwolame/twolame.h
configure:21721: result: yes
configure:21732: libtwolame library is available in the local tree
configure:21752: checking for VAMP
configure:21759: $PKG_CONFIG --exists --print-errors "vamp-hostsdk >= 2.0"
configure:21762: $? = 0
configure:21775: $PKG_CONFIG --exists --print-errors "vamp-hostsdk >= 2.0"
configure:21778: $? = 0
configure:21813: result: yes
configure:21819: Vamp libraries are available as system libraries
configure:21828: checking for ./lib-src/libvamp/vamp-hostsdk/PluginLoader.h
configure:21842: result: yes
configure:21853: Vamp libraries are available in the local tree
configure:21873: checking for LIBVORBIS
configure:21880: $PKG_CONFIG --exists --print-errors "vorbisenc vorbisfile"
configure:21883: $? = 0
configure:21896: $PKG_CONFIG --exists --print-errors "vorbisenc vorbisfile"
configure:21899: $? = 0
configure:21934: result: yes
configure:21940: Vorbis libraries are available as system libraries
configure:21949: checking for ./lib-src/libvorbis/include/vorbis/vorbisenc.h
configure:21963: result: yes
configure:21973: checking for ./lib-src/libogg/include/ogg/ogg.h
configure:21987: result: yes
configure:22004: Vorbis libraries are available in this source tree
configure:22025: checking for LV2
configure:22032: $PKG_CONFIG --exists --print-errors "lv2 lilv-0 >= 0.16"
Package lv2 was not found in the pkg-config search path.
Perhaps you should add the directory containing `lv2.pc'
to the PKG_CONFIG_PATH environment variable
No package 'lv2' found
Package lilv-0 was not found in the pkg-config search path.
Perhaps you should add the directory containing `lilv-0.pc'
to the PKG_CONFIG_PATH environment variable
No package 'lilv-0' found
configure:22035: $? = 1
configure:22048: $PKG_CONFIG --exists --print-errors "lv2 lilv-0 >= 0.16"
Package lv2 was not found in the pkg-config search path.
Perhaps you should add the directory containing `lv2.pc'
to the PKG_CONFIG_PATH environment variable
No package 'lv2' found
Package lilv-0 was not found in the pkg-config search path.
Perhaps you should add the directory containing `lilv-0.pc'
to the PKG_CONFIG_PATH environment variable
No package 'lilv-0' found
configure:22051: $? = 1
No package 'lv2' found
No package 'lilv-0' found
configure:22078: result: no
configure:22096: LV2 libraries are NOT available as system libraries
configure:22102: checking for ./lib-src/lv2/configure
configure:22116: result: yes
configure:22126: LV2 libraries are available in the local tree
configure:22147: checking for PORTAUDIO
configure:22154: $PKG_CONFIG --exists --print-errors "portaudio-2.0 >= 19"
configure:22157: $? = 0
configure:22170: $PKG_CONFIG --exists --print-errors "portaudio-2.0 >= 19"
configure:22173: $? = 0
configure:22208: result: yes
configure:22230: portaudio19 library is available as system library
configure:22244: checking for ./lib-src/portaudio-v19/include/portaudio.h
configure:22258: result: yes
configure:22270: portaudio19 library is available in the local tree
configure:22292: checking for PORTSMF
configure:22299: $PKG_CONFIG --exists --print-errors "portSMF"
configure:22302: $? = 0
configure:22315: $PKG_CONFIG --exists --print-errors "portSMF"
configure:22318: $? = 0
configure:22353: result: yes
configure:22359: portSMF library is available as system library
configure:22367: checking for ./lib-src/portsmf/allegro.h
configure:22381: result: yes
configure:22391: portSMF library is available in the local tree
configure:22411: checking for WIDGETEXTRA
configure:22418: $PKG_CONFIG --exists --print-errors "libwidgetextra"
Package libwidgetextra was not found in the pkg-config search path.
Perhaps you should add the directory containing `libwidgetextra.pc'
to the PKG_CONFIG_PATH environment variable
No package 'libwidgetextra' found
configure:22421: $? = 1
configure:22434: $PKG_CONFIG --exists --print-errors "libwidgetextra"
Package libwidgetextra was not found in the pkg-config search path.
Perhaps you should add the directory containing `libwidgetextra.pc'
to the PKG_CONFIG_PATH environment variable
No package 'libwidgetextra' found
configure:22437: $? = 1
No package 'libwidgetextra' found
configure:22464: result: no
configure:22481: libwidgetextra library is NOT available as system library.
configure:22487: checking for ./lib-src/lib-widget-extra/NonGuiThread.h
configure:22501: result: yes
configure:22511: libwidgetextra library is available in the local tree
configure:22520: Figuring out what libraries to enable
configure:22537: Using SYSTEM libraries for EXPAT
configure:22537: Using SYSTEM libraries for FFMPEG
configure:22537: Using SYSTEM libraries for LAME
configure:22537: Using SYSTEM libraries for LIBFLAC
configure:22537: Using SYSTEM libraries for LIBID3TAG
configure:22537: Using SYSTEM libraries for LIBMAD
configure:22537: Using LOCAL libraries for LIBNYQUIST
configure:22537: Using LOCAL libraries for LIBRESAMPLE
configure:22537: Using SYSTEM libraries for LIBSAMPLERATE
configure:22537: Using LOCAL libraries for LIBSBSMS
configure:22537: Using SYSTEM libraries for LIBSNDFILE
configure:22537: Using SYSTEM libraries for LIBSOUNDTOUCH
configure:22537: Using LOCAL libraries for LIBSOXR
configure:22537: Using SYSTEM libraries for LIBTWOLAME
configure:22537: Using SYSTEM libraries for LIBVAMP
configure:22537: Using SYSTEM libraries for LIBVORBIS
configure:22537: Using LOCAL libraries for LV2
configure:22537: Using SYSTEM libraries for PORTAUDIO
configure:22537: Using SYSTEM libraries for PORTSMF
configure:22537: Using LOCAL libraries for WIDGETEXTRA
configure:23373: checking for library containing dlopen
configure:23404: g++ -o conftest   -Wall -I$(top_srcdir)/lib-src/FileDialog                     -Wall  conftest.cpp   >&5
/tmp/ccz4ZXTs.o: In function `main':
conftest.cpp:(.text+0x7): undefined reference to `dlopen'
collect2: ld returned 1 exit status
configure:23404: $? = 1
configure: failed program was:
| /* confdefs.h */
| #define PACKAGE_NAME "audacity"
| #define PACKAGE_TARNAME "audacity"
| #define PACKAGE_VERSION "2.0.6"
| #define PACKAGE_STRING "audacity 2.0.6"
| #define PACKAGE_BUGREPORT ""
| #define PACKAGE_URL ""
| #define PACKAGE "audacity"
| #define VERSION "2.0.6"
| #define ENABLE_NLS 1
| #define HAVE_GETTEXT 1
| #define HAVE_DCGETTEXT 1
| #define STDC_HEADERS 1
| #define HAVE_SYS_TYPES_H 1
| #define HAVE_SYS_STAT_H 1
| #define HAVE_STDLIB_H 1
| #define HAVE_STRING_H 1
| #define HAVE_MEMORY_H 1
| #define HAVE_STRINGS_H 1
| #define HAVE_INTTYPES_H 1
| #define HAVE_STDINT_H 1
| #define HAVE_UNISTD_H 1
| #define HAVE_DLFCN_H 1
| #define LT_OBJDIR ".libs/"
| #define AUDACITY_NAME "audacity"
| #define INSTALL_PREFIX "/usr/local/"
| #define BUILDING_AUDACITY 1
| #define HAVE_ALLOCA_H 1
| #define HAVE_VISIBILITY 1
| #define USE_FFMPEG 1
| #define USE_LIBFLAC 1
| #define USE_LIBID3TAG 1
| #define USE_LIBMAD 1
| #define USE_NYQUIST 1
| #define USE_SBSMS 1
| #define USE_SOUNDTOUCH 1
| #define USE_LIBSOXR 1
| #define USE_LIBTWOLAME 1
| #define USE_VAMP 1
| #define USE_LIBVORBIS 1
| #define USE_LV2 1
| #define USE_MIDI 1
| /* end confdefs.h.  */
| 
| /* Override any GCC internal prototype to avoid an error.
|    Use char because int might match the return type of a GCC
|    builtin and then its argument prototype would still apply.  */
| #ifdef __cplusplus
| extern "C"
| #endif
| char dlopen ();
| int
| main ()
| {
| return dlopen ();
|   ;
|   return 0;
| }
configure:23404: g++ -o conftest   -Wall -I$(top_srcdir)/lib-src/FileDialog                     -Wall  conftest.cpp -ldl    >&5
configure:23404: $? = 0
configure:23421: result: -ldl
configure:23436: checking for GTK
configure:23443: $PKG_CONFIG --exists --print-errors "gtk+-2.0"
configure:23446: $? = 0
configure:23459: $PKG_CONFIG --exists --print-errors "gtk+-2.0"
configure:23462: $? = 0
configure:23497: result: yes
configure:23521: checking for snd_pcm_open in -lasound
configure:23546: g++ -o conftest   -Wall -I$(top_srcdir)/lib-src/FileDialog                     -Wall -pthread -I/usr/include/gtk-2.0 -I/usr/lib/i386-linux-gnu/gtk-2.0/include -I/usr/include/atk-1.0 -I/usr/include/cairo -I/usr/include/gdk-pixbuf-2.0 -I/usr/include/pango-1.0 -I/usr/include/gio-unix-2.0/ -I/usr/include/glib-2.0 -I/usr/lib/i386-linux-gnu/glib-2.0/include -I/usr/include/pixman-1 -I/usr/include/freetype2 -I/usr/include/libpng12    conftest.cpp -lasound  -ldl   -lgtk-x11-2.0 -lgdk-x11-2.0 -latk-1.0 -lgio-2.0 -lpangoft2-1.0 -lpangocairo-1.0 -lgdk_pixbuf-2.0 -lcairo -lpango-1.0 -lfreetype -lfontconfig -lgobject-2.0 -lglib-2.0   >&5
configure:23546: $? = 0
configure:23555: result: yes
configure:23568: checking for JACK
configure:23575: $PKG_CONFIG --exists --print-errors "jack"
configure:23578: $? = 0
configure:23591: $PKG_CONFIG --exists --print-errors "jack"
configure:23594: $? = 0
configure:23629: result: yes
configure:23636: checking for HPI_SubSysCreate in -lhpi
configure:23661: g++ -o conftest   -Wall -I$(top_srcdir)/lib-src/FileDialog                     -Wall -pthread -I/usr/include/gtk-2.0 -I/usr/lib/i386-linux-gnu/gtk-2.0/include -I/usr/include/atk-1.0 -I/usr/include/cairo -I/usr/include/gdk-pixbuf-2.0 -I/usr/include/pango-1.0 -I/usr/include/gio-unix-2.0/ -I/usr/include/glib-2.0 -I/usr/lib/i386-linux-gnu/glib-2.0/include -I/usr/include/pixman-1 -I/usr/include/freetype2 -I/usr/include/libpng12    conftest.cpp -lhpi -lm -ldl   -lgtk-x11-2.0 -lgdk-x11-2.0 -latk-1.0 -lgio-2.0 -lpangoft2-1.0 -lpangocairo-1.0 -lgdk_pixbuf-2.0 -lcairo -lpango-1.0 -lfreetype -lfontconfig -lgobject-2.0 -lglib-2.0   -lasound -ljack -lpthread -lrt   >&5
/usr/bin/ld: cannot find -lhpi
collect2: ld returned 1 exit status
configure:23661: $? = 1
configure: failed program was:
| /* confdefs.h */
| #define PACKAGE_NAME "audacity"
| #define PACKAGE_TARNAME "audacity"
| #define PACKAGE_VERSION "2.0.6"
| #define PACKAGE_STRING "audacity 2.0.6"
| #define PACKAGE_BUGREPORT ""
| #define PACKAGE_URL ""
| #define PACKAGE "audacity"
| #define VERSION "2.0.6"
| #define ENABLE_NLS 1
| #define HAVE_GETTEXT 1
| #define HAVE_DCGETTEXT 1
| #define STDC_HEADERS 1
| #define HAVE_SYS_TYPES_H 1
| #define HAVE_SYS_STAT_H 1
| #define HAVE_STDLIB_H 1
| #define HAVE_STRING_H 1
| #define HAVE_MEMORY_H 1
| #define HAVE_STRINGS_H 1
| #define HAVE_INTTYPES_H 1
| #define HAVE_STDINT_H 1
| #define HAVE_UNISTD_H 1
| #define HAVE_DLFCN_H 1
| #define LT_OBJDIR ".libs/"
| #define AUDACITY_NAME "audacity"
| #define INSTALL_PREFIX "/usr/local/"
| #define BUILDING_AUDACITY 1
| #define HAVE_ALLOCA_H 1
| #define HAVE_VISIBILITY 1
| #define USE_FFMPEG 1
| #define USE_LIBFLAC 1
| #define USE_LIBID3TAG 1
| #define USE_LIBMAD 1
| #define USE_NYQUIST 1
| #define USE_SBSMS 1
| #define USE_SOUNDTOUCH 1
| #define USE_LIBSOXR 1
| #define USE_LIBTWOLAME 1
| #define USE_VAMP 1
| #define USE_LIBVORBIS 1
| #define USE_LV2 1
| #define USE_MIDI 1
| #define HAVE_GTK 1
| /* end confdefs.h.  */
| 
| /* Override any GCC internal prototype to avoid an error.
|    Use char because int might match the return type of a GCC
|    builtin and then its argument prototype would still apply.  */
| #ifdef __cplusplus
| extern "C"
| #endif
| char HPI_SubSysCreate ();
| int
| main ()
| {
| return HPI_SubSysCreate ();
|   ;
|   return 0;
| }
configure:23670: result: no
configure:23681: checking for clock_gettime in -lrt
configure:23706: g++ -o conftest   -Wall -I$(top_srcdir)/lib-src/FileDialog                     -Wall -pthread -I/usr/include/gtk-2.0 -I/usr/lib/i386-linux-gnu/gtk-2.0/include -I/usr/include/atk-1.0 -I/usr/include/cairo -I/usr/include/gdk-pixbuf-2.0 -I/usr/include/pango-1.0 -I/usr/include/gio-unix-2.0/ -I/usr/include/glib-2.0 -I/usr/lib/i386-linux-gnu/glib-2.0/include -I/usr/include/pixman-1 -I/usr/include/freetype2 -I/usr/include/libpng12    conftest.cpp -lrt  -ldl   -lgtk-x11-2.0 -lgdk-x11-2.0 -latk-1.0 -lgio-2.0 -lpangoft2-1.0 -lpangocairo-1.0 -lgdk_pixbuf-2.0 -lcairo -lpango-1.0 -lfreetype -lfontconfig -lgobject-2.0 -lglib-2.0   -lasound -ljack -lpthread -lrt   >&5
configure:23706: $? = 0
configure:23715: result: yes
configure:23725: checking for clock_gettime
configure:23725: g++ -o conftest   -Wall -I$(top_srcdir)/lib-src/FileDialog                     -Wall -pthread -I/usr/include/gtk-2.0 -I/usr/lib/i386-linux-gnu/gtk-2.0/include -I/usr/include/atk-1.0 -I/usr/include/cairo -I/usr/include/gdk-pixbuf-2.0 -I/usr/include/pango-1.0 -I/usr/include/gio-unix-2.0/ -I/usr/include/glib-2.0 -I/usr/lib/i386-linux-gnu/glib-2.0/include -I/usr/include/pixman-1 -I/usr/include/freetype2 -I/usr/include/libpng12    conftest.cpp -ldl   -lgtk-x11-2.0 -lgdk-x11-2.0 -latk-1.0 -lgio-2.0 -lpangoft2-1.0 -lpangocairo-1.0 -lgdk_pixbuf-2.0 -lcairo -lpango-1.0 -lfreetype -lfontconfig -lgobject-2.0 -lglib-2.0   -lasound -ljack -lpthread -lrt   -lrt >&5
configure:23725: $? = 0
configure:23725: result: yes
configure:23725: checking for nanosleep
configure:23725: g++ -o conftest   -Wall -I$(top_srcdir)/lib-src/FileDialog                     -Wall -pthread -I/usr/include/gtk-2.0 -I/usr/lib/i386-linux-gnu/gtk-2.0/include -I/usr/include/atk-1.0 -I/usr/include/cairo -I/usr/include/gdk-pixbuf-2.0 -I/usr/include/pango-1.0 -I/usr/include/gio-unix-2.0/ -I/usr/include/glib-2.0 -I/usr/lib/i386-linux-gnu/glib-2.0/include -I/usr/include/pixman-1 -I/usr/include/freetype2 -I/usr/include/libpng12    conftest.cpp -ldl   -lgtk-x11-2.0 -lgdk-x11-2.0 -latk-1.0 -lgio-2.0 -lpangoft2-1.0 -lpangocairo-1.0 -lgdk_pixbuf-2.0 -lcairo -lpango-1.0 -lfreetype -lfontconfig -lgobject-2.0 -lglib-2.0   -lasound -ljack -lpthread -lrt   -lrt >&5
configure:23725: $? = 0
configure:23725: result: yes
configure:23751: checking for lrint
configure:23772: g++ -c -I$(top_srcdir)/lib-src/portmixer/include   -Wall -I$(top_srcdir)/lib-src/FileDialog                     -Wall -pthread -I/usr/include/gtk-2.0 -I/usr/lib/i386-linux-gnu/gtk-2.0/include -I/usr/include/atk-1.0 -I/usr/include/cairo -I/usr/include/gdk-pixbuf-2.0 -I/usr/include/pango-1.0 -I/usr/include/gio-unix-2.0/ -I/usr/include/glib-2.0 -I/usr/lib/i386-linux-gnu/glib-2.0/include -I/usr/include/pixman-1 -I/usr/include/freetype2 -I/usr/include/libpng12   conftest.cpp >&5
conftest.cpp: In function 'int main()':
conftest.cpp:57:6: warning: unused variable 'value' [-Wunused-variable]
configure:23772: $? = 0
configure:23779: result: yes
configure:23787: checking for lrintf
configure:23808: g++ -c -I$(top_srcdir)/lib-src/portmixer/include   -Wall -I$(top_srcdir)/lib-src/FileDialog                     -Wall -pthread -I/usr/include/gtk-2.0 -I/usr/lib/i386-linux-gnu/gtk-2.0/include -I/usr/include/atk-1.0 -I/usr/include/cairo -I/usr/include/gdk-pixbuf-2.0 -I/usr/include/pango-1.0 -I/usr/include/gio-unix-2.0/ -I/usr/include/glib-2.0 -I/usr/lib/i386-linux-gnu/glib-2.0/include -I/usr/include/pixman-1 -I/usr/include/freetype2 -I/usr/include/libpng12   conftest.cpp >&5
conftest.cpp: In function 'int main()':
conftest.cpp:58:6: warning: unused variable 'value' [-Wunused-variable]
configure:23808: $? = 0
configure:23815: result: yes
configure:23993: checking that generated files are newer than configure
configure:23999: result: done
configure:24190: creating ./config.status

## ---------------------- ##
## Running config.status. ##
## ---------------------- ##

This file was extended by audacity config.status 2.0.6, which was
generated by GNU Autoconf 2.69.  Invocation command line was

  CONFIG_FILES    = 
  CONFIG_HEADERS  = 
  CONFIG_LINKS    = 
  CONFIG_COMMANDS = 
  $ ./config.status 

on justin-OptiPlex-760

config.status:1362: creating Makefile
config.status:1362: creating help/Makefile
config.status:1362: creating images/Makefile
config.status:1362: creating lib-src/Makefile
config.status:1362: creating po/Makefile.in
config.status:1362: creating src/audacity.desktop
config.status:1362: creating src/Makefile
config.status:1362: creating tests/Makefile
config.status:1362: creating src/configunix.h
config.status:1591: executing po-directories commands
config.status:1591: executing depfiles commands
config.status:1591: executing libtool commands
configure:26874: === configuring in lib-src/FileDialog (/home/justin/audacity-read-only/lib-src/FileDialog)
configure:26937: running /bin/bash ./configure --disable-option-checking '--prefix=/usr/local/'  '--with-wx-config=/usr/bin/wx-config' '--enable-static=yes' '--enable-shared=no' '--disable-programs' --cache-file=/dev/null --srcdir=.
configure:26874: === configuring in lib-src/libnyquist (/home/justin/audacity-read-only/lib-src/libnyquist)
configure:26937: running /bin/bash ./configure --disable-option-checking '--prefix=/usr/local/'  '--with-wx-config=/usr/bin/wx-config' '--enable-static=yes' '--enable-shared=no' '--disable-programs' --cache-file=/dev/null --srcdir=.
configure:26874: === configuring in lib-src/sbsms (/home/justin/audacity-read-only/lib-src/sbsms)
configure:26937: running /bin/bash ./configure --disable-option-checking '--prefix=/usr/local/'  '--with-wx-config=/usr/bin/wx-config' '--enable-static=yes' '--enable-shared=no' '--disable-programs' --cache-file=/dev/null --srcdir=.
configure:26874: === configuring in lib-src/libsoxr (/home/justin/audacity-read-only/lib-src/libsoxr)
configure:26937: running /bin/bash ./configure --disable-option-checking '--prefix=/usr/local/'  '--with-wx-config=/usr/bin/wx-config' '--enable-static=yes' '--enable-shared=no' '--disable-programs' --cache-file=/dev/null --srcdir=.
configure:26874: === configuring in lib-src/lv2 (/home/justin/audacity-read-only/lib-src/lv2)
configure:26937: running /bin/bash ./configure --disable-option-checking '--prefix=/usr/local/'  '--with-wx-config=/usr/bin/wx-config' '--enable-static=yes' '--enable-shared=no' '--disable-programs' --cache-file=/dev/null --srcdir=.
configure:26874: === configuring in lib-src/lib-widget-extra (/home/justin/audacity-read-only/lib-src/lib-widget-extra)
configure:26937: running /bin/bash ./configure --disable-option-checking '--prefix=/usr/local/'  '--with-wx-config=/usr/bin/wx-config' '--enable-static=yes' '--enable-shared=no' '--disable-programs' --cache-file=/dev/null --srcdir=.
configure:26874: === configuring in lib-src/portmixer (/home/justin/audacity-read-only/lib-src/portmixer)
configure:26937: running /bin/bash ./configure --disable-option-checking '--prefix=/usr/local/'  '--with-wx-config=/usr/bin/wx-config' '--enable-static=yes' '--enable-shared=no' '--disable-programs' --cache-file=/dev/null --srcdir=.

## ---------------- ##
## Cache variables. ##
## ---------------- ##

ac_cv_build=i686-pc-linux-gnu
ac_cv_c99_lrint=yes
ac_cv_c99_lrintf=yes
ac_cv_c_compiler_gnu=yes
ac_cv_c_const=yes
ac_cv_cflags_strict_prototypes=-Wstrict-prototypes
ac_cv_cflags_warn_all=-Wall
ac_cv_cxx_compiler_gnu=yes
ac_cv_env_AVCODEC_CFLAGS_set=
ac_cv_env_AVCODEC_CFLAGS_value=
ac_cv_env_AVCODEC_LIBS_set=
ac_cv_env_AVCODEC_LIBS_value=
ac_cv_env_AVFORMAT_CFLAGS_set=
ac_cv_env_AVFORMAT_CFLAGS_value=
ac_cv_env_AVFORMAT_LIBS_set=
ac_cv_env_AVFORMAT_LIBS_value=
ac_cv_env_AVUTIL_CFLAGS_set=
ac_cv_env_AVUTIL_CFLAGS_value=
ac_cv_env_AVUTIL_LIBS_set=
ac_cv_env_AVUTIL_LIBS_value=
ac_cv_env_CCC_set=
ac_cv_env_CCC_value=
ac_cv_env_CC_set=
ac_cv_env_CC_value=
ac_cv_env_CFLAGS_set=
ac_cv_env_CFLAGS_value=
ac_cv_env_CPPFLAGS_set=
ac_cv_env_CPPFLAGS_value=
ac_cv_env_CPP_set=
ac_cv_env_CPP_value=
ac_cv_env_CXXCPP_set=
ac_cv_env_CXXCPP_value=
ac_cv_env_CXXFLAGS_set=
ac_cv_env_CXXFLAGS_value=
ac_cv_env_CXX_set=
ac_cv_env_CXX_value=
ac_cv_env_EXPAT_CFLAGS_set=
ac_cv_env_EXPAT_CFLAGS_value=
ac_cv_env_EXPAT_LIBS_set=
ac_cv_env_EXPAT_LIBS_value=
ac_cv_env_FLAC_CFLAGS_set=
ac_cv_env_FLAC_CFLAGS_value=
ac_cv_env_FLAC_LIBS_set=
ac_cv_env_FLAC_LIBS_value=
ac_cv_env_GTK_CFLAGS_set=
ac_cv_env_GTK_CFLAGS_value=
ac_cv_env_GTK_LIBS_set=
ac_cv_env_GTK_LIBS_value=
ac_cv_env_ID3TAG_CFLAGS_set=
ac_cv_env_ID3TAG_CFLAGS_value=
ac_cv_env_ID3TAG_LIBS_set=
ac_cv_env_ID3TAG_LIBS_value=
ac_cv_env_JACK_CFLAGS_set=
ac_cv_env_JACK_CFLAGS_value=
ac_cv_env_JACK_LIBS_set=
ac_cv_env_JACK_LIBS_value=
ac_cv_env_LDFLAGS_set=
ac_cv_env_LDFLAGS_value=
ac_cv_env_LIBMAD_CFLAGS_set=
ac_cv_env_LIBMAD_CFLAGS_value=
ac_cv_env_LIBMAD_LIBS_set=
ac_cv_env_LIBMAD_LIBS_value=
ac_cv_env_LIBS_set=
ac_cv_env_LIBS_value=
ac_cv_env_LIBTWOLAME_CFLAGS_set=
ac_cv_env_LIBTWOLAME_CFLAGS_value=
ac_cv_env_LIBTWOLAME_LIBS_set=
ac_cv_env_LIBTWOLAME_LIBS_value=
ac_cv_env_LIBVORBIS_CFLAGS_set=
ac_cv_env_LIBVORBIS_CFLAGS_value=
ac_cv_env_LIBVORBIS_LIBS_set=
ac_cv_env_LIBVORBIS_LIBS_value=
ac_cv_env_LV2_CFLAGS_set=
ac_cv_env_LV2_CFLAGS_value=
ac_cv_env_LV2_LIBS_set=
ac_cv_env_LV2_LIBS_value=
ac_cv_env_PKG_CONFIG_set=
ac_cv_env_PKG_CONFIG_value=
ac_cv_env_PORTAUDIO_CFLAGS_set=
ac_cv_env_PORTAUDIO_CFLAGS_value=
ac_cv_env_PORTAUDIO_LIBS_set=
ac_cv_env_PORTAUDIO_LIBS_value=
ac_cv_env_PORTSMF_CFLAGS_set=
ac_cv_env_PORTSMF_CFLAGS_value=
ac_cv_env_PORTSMF_LIBS_set=
ac_cv_env_PORTSMF_LIBS_value=
ac_cv_env_SAMPLERATE_CFLAGS_set=
ac_cv_env_SAMPLERATE_CFLAGS_value=
ac_cv_env_SAMPLERATE_LIBS_set=
ac_cv_env_SAMPLERATE_LIBS_value=
ac_cv_env_SBSMS_CFLAGS_set=
ac_cv_env_SBSMS_CFLAGS_value=
ac_cv_env_SBSMS_LIBS_set=
ac_cv_env_SBSMS_LIBS_value=
ac_cv_env_SNDFILE_CFLAGS_set=
ac_cv_env_SNDFILE_CFLAGS_value=
ac_cv_env_SNDFILE_LIBS_set=
ac_cv_env_SNDFILE_LIBS_value=
ac_cv_env_SOUNDTOUCH_CFLAGS_set=
ac_cv_env_SOUNDTOUCH_CFLAGS_value=
ac_cv_env_SOUNDTOUCH_LIBS_set=
ac_cv_env_SOUNDTOUCH_LIBS_value=
ac_cv_env_SOXR_CFLAGS_set=
ac_cv_env_SOXR_CFLAGS_value=
ac_cv_env_SOXR_LIBS_set=
ac_cv_env_SOXR_LIBS_value=
ac_cv_env_VAMP_CFLAGS_set=
ac_cv_env_VAMP_CFLAGS_value=
ac_cv_env_VAMP_LIBS_set=
ac_cv_env_VAMP_LIBS_value=
ac_cv_env_WIDGETEXTRA_CFLAGS_set=
ac_cv_env_WIDGETEXTRA_CFLAGS_value=
ac_cv_env_WIDGETEXTRA_LIBS_set=
ac_cv_env_WIDGETEXTRA_LIBS_value=
ac_cv_env_build_alias_set=
ac_cv_env_build_alias_value=
ac_cv_env_host_alias_set=
ac_cv_env_host_alias_value=
ac_cv_env_target_alias_set=
ac_cv_env_target_alias_value=
ac_cv_file___lib_src_expat_lib_expat_h=yes
ac_cv_file___lib_src_ffmpeg_libavcodec_avcodec_h=yes
ac_cv_file___lib_src_ffmpeg_libavformat_avformat_h=yes
ac_cv_file___lib_src_lame_lame_lame_h=yes
ac_cv_file___lib_src_lib_widget_extra_NonGuiThread_h=yes
ac_cv_file___lib_src_libflac_include_FLAC_format_h=yes
ac_cv_file___lib_src_libflac_include_FLACpp_decoder_h=yes
ac_cv_file___lib_src_libid3tag_frame_h=yes
ac_cv_file___lib_src_libmad_frame_h=yes
ac_cv_file___lib_src_libnyquist_nyx_h=yes
ac_cv_file___lib_src_libogg_include_ogg_ogg_h=yes
ac_cv_file___lib_src_libresample_include_libresample_h=yes
ac_cv_file___lib_src_libsamplerate_src_samplerate_h=yes
ac_cv_file___lib_src_libsndfile_src_sndfile_h_in=yes
ac_cv_file___lib_src_libsoxr_src_soxr_h=yes
ac_cv_file___lib_src_libvamp_vamp_hostsdk_PluginLoader_h=yes
ac_cv_file___lib_src_libvorbis_include_vorbis_vorbisenc_h=yes
ac_cv_file___lib_src_lv2_configure=yes
ac_cv_file___lib_src_portaudio_v19_include_portaudio_h=yes
ac_cv_file___lib_src_portsmf_allegro_h=yes
ac_cv_file___lib_src_sbsms_include_sbsms_h=yes
ac_cv_file___lib_src_soundtouch_include_SoundTouch_h=yes
ac_cv_file___lib_src_twolame_libtwolame_twolame_h=yes
ac_cv_func_clock_gettime=yes
ac_cv_func_nanosleep=yes
ac_cv_header_alloca_h=yes
ac_cv_header_dlfcn_h=yes
ac_cv_header_expat_h=yes
ac_cv_header_inttypes_h=yes
ac_cv_header_lame_lame_h=yes
ac_cv_header_memory_h=yes
ac_cv_header_stdc=yes
ac_cv_header_stdint_h=yes
ac_cv_header_stdlib_h=yes
ac_cv_header_string_h=yes
ac_cv_header_strings_h=yes
ac_cv_header_sys_stat_h=yes
ac_cv_header_sys_types_h=yes
ac_cv_header_unistd_h=yes
ac_cv_host=i686-pc-linux-gnu
ac_cv_lib_asound_snd_pcm_open=yes
ac_cv_lib_expat_XML_ParserCreate=yes
ac_cv_lib_hpi_HPI_SubSysCreate=no
ac_cv_lib_mad_mad_decoder_init=yes
ac_cv_lib_mp3lame_lame_set_VBR_q=yes
ac_cv_lib_rt_clock_gettime=yes
ac_cv_objext=o
ac_cv_path_EGREP='/bin/grep -E'
ac_cv_path_FGREP='/bin/grep -F'
ac_cv_path_GMSGFMT=/usr/bin/msgfmt
ac_cv_path_GREP=/bin/grep
ac_cv_path_MSGFMT=/usr/bin/msgfmt
ac_cv_path_MSGMERGE=/usr/bin/msgmerge
ac_cv_path_SED=/bin/sed
ac_cv_path_WX_CONFIG=/usr/bin/wx-config
ac_cv_path_XGETTEXT=/usr/bin/xgettext
ac_cv_path_ac_pt_PKG_CONFIG=/usr/bin/pkg-config
ac_cv_path_install='/usr/bin/install -c'
ac_cv_path_mkdir=/bin/mkdir
ac_cv_prog_AWK=mawk
ac_cv_prog_CPP='gcc -E'
ac_cv_prog_CXXCPP='g++ -E'
ac_cv_prog_HAVE_PKG_CONFIG=yes
ac_cv_prog_ac_ct_AR=ar
ac_cv_prog_ac_ct_CC=gcc
ac_cv_prog_ac_ct_CXX=g++
ac_cv_prog_ac_ct_MANIFEST_TOOL=mt
ac_cv_prog_ac_ct_OBJDUMP=objdump
ac_cv_prog_ac_ct_RANLIB=ranlib
ac_cv_prog_ac_ct_STRIP=strip
ac_cv_prog_cc_c89=
ac_cv_prog_cc_g=yes
ac_cv_prog_cxx_g=yes
ac_cv_prog_make_make_set=yes
ac_cv_search_dlopen=-ldl
ac_cv_type_size_t=yes
acl_cv_hardcode_direct=no
acl_cv_hardcode_libdir_flag_spec='${wl}-rpath ${wl}$libdir'
acl_cv_hardcode_libdir_separator=
acl_cv_hardcode_minus_L=no
acl_cv_libext=a
acl_cv_libname_spec='lib$name'
acl_cv_library_names_spec='$libname$shrext'
acl_cv_path_LD=/usr/bin/ld
acl_cv_prog_gnu_ld=yes
acl_cv_rpath=done
acl_cv_shlibext=so
acl_cv_wl=-Wl,
am_cv_CC_dependencies_compiler_type=gcc3
am_cv_CXX_dependencies_compiler_type=gcc3
am_cv_ar_interface=ar
am_cv_make_support_nested_variables=yes
ax_cv_c_compiler_vendor=gnu
ax_cv_cxx_check_flag___Wall=yes
ax_cv_cxxcpp_check_flag___Wall=yes
ax_cv_ld_check_flag__rdynamic=yes
gl_cv_cc_vis_werror=yes
gl_cv_cc_visibility=yes
gt_cv_func_CFLocaleCopyCurrent=no
gt_cv_func_CFPreferencesCopyAppValue=no
gt_cv_func_gnugettext1_libc=yes
lt_cv_ar_at_file=@
lt_cv_deplibs_check_method=pass_all
lt_cv_file_magic_cmd='$MAGIC_CMD'
lt_cv_file_magic_test_file=
lt_cv_ld_reload_flag=-r
lt_cv_nm_interface='BSD nm'
lt_cv_objdir=.libs
lt_cv_path_LD=/usr/bin/ld
lt_cv_path_LDCXX=/usr/bin/ld
lt_cv_path_NM='/usr/bin/nm -B'
lt_cv_path_mainfest_tool=no
lt_cv_prog_compiler_c_o=yes
lt_cv_prog_compiler_c_o_CXX=yes
lt_cv_prog_compiler_pic='-fPIC -DPIC'
lt_cv_prog_compiler_pic_CXX='-fPIC -DPIC'
lt_cv_prog_compiler_pic_works=yes
lt_cv_prog_compiler_pic_works_CXX=yes
lt_cv_prog_compiler_rtti_exceptions=no
lt_cv_prog_compiler_static_works=yes
lt_cv_prog_compiler_static_works_CXX=yes
lt_cv_prog_gnu_ld=yes
lt_cv_prog_gnu_ldcxx=yes
lt_cv_sharedlib_from_linklib_cmd='printf %s\n'
lt_cv_shlibpath_overrides_runpath=no
lt_cv_sys_global_symbol_pipe='sed -n -e '\''s/^.*[	 ]\([ABCDGIRSTW][ABCDGIRSTW]*\)[	 ][	 ]*\([_A-Za-z][_A-Za-z0-9]*\)$/\1 \2 \2/p'\'' | sed '\''/ __gnu_lto/d'\'''
lt_cv_sys_global_symbol_to_c_name_address='sed -n -e '\''s/^: \([^ ]*\)[ ]*$/  {\"\1\", (void *) 0},/p'\'' -e '\''s/^[ABCDGIRSTW]* \([^ ]*\) \([^ ]*\)$/  {"\2", (void *) \&\2},/p'\'''
lt_cv_sys_global_symbol_to_c_name_address_lib_prefix='sed -n -e '\''s/^: \([^ ]*\)[ ]*$/  {\"\1\", (void *) 0},/p'\'' -e '\''s/^[ABCDGIRSTW]* \([^ ]*\) \(lib[^ ]*\)$/  {"\2", (void *) \&\2},/p'\'' -e '\''s/^[ABCDGIRSTW]* \([^ ]*\) \([^ ]*\)$/  {"lib\2", (void *) \&\2},/p'\'''
lt_cv_sys_global_symbol_to_cdecl='sed -n -e '\''s/^T .* \(.*\)$/extern int \1();/p'\'' -e '\''s/^[ABCDGIRSTW]* .* \(.*\)$/extern char \1;/p'\'''
lt_cv_sys_max_cmd_len=1572864
lt_cv_to_host_file_cmd=func_convert_file_noop
lt_cv_to_tool_file_cmd=func_convert_file_noop
pkg_cv_AVCODEC_CFLAGS=' '
pkg_cv_AVCODEC_LIBS='-lavcodec  '
pkg_cv_AVFORMAT_CFLAGS=' '
pkg_cv_AVFORMAT_LIBS='-lavformat  '
pkg_cv_AVUTIL_CFLAGS=' '
pkg_cv_AVUTIL_LIBS='-lavutil  '
pkg_cv_FLAC_CFLAGS='-I/usr/include/FLAC -I/usr/include/FLAC++  '
pkg_cv_FLAC_LIBS='-lFLAC++ -lFLAC -lm  '
pkg_cv_GTK_CFLAGS='-pthread -I/usr/include/gtk-2.0 -I/usr/lib/i386-linux-gnu/gtk-2.0/include -I/usr/include/atk-1.0 -I/usr/include/cairo -I/usr/include/gdk-pixbuf-2.0 -I/usr/include/pango-1.0 -I/usr/include/gio-unix-2.0/ -I/usr/include/glib-2.0 -I/usr/lib/i386-linux-gnu/glib-2.0/include -I/usr/include/pixman-1 -I/usr/include/freetype2 -I/usr/include/libpng12  '
pkg_cv_GTK_LIBS='-lgtk-x11-2.0 -lgdk-x11-2.0 -latk-1.0 -lgio-2.0 -lpangoft2-1.0 -lpangocairo-1.0 -lgdk_pixbuf-2.0 -lcairo -lpango-1.0 -lfreetype -lfontconfig -lgobject-2.0 -lglib-2.0  '
pkg_cv_ID3TAG_CFLAGS=' '
pkg_cv_ID3TAG_LIBS='-lid3tag -lz  '
pkg_cv_JACK_CFLAGS=' '
pkg_cv_JACK_LIBS='-ljack -lpthread -lrt  '
pkg_cv_LIBMAD_CFLAGS=' '
pkg_cv_LIBMAD_LIBS='-lmad  '
pkg_cv_LIBTWOLAME_CFLAGS=' '
pkg_cv_LIBTWOLAME_LIBS='-ltwolame  '
pkg_cv_LIBVORBIS_CFLAGS=' '
pkg_cv_LIBVORBIS_LIBS='-lvorbisenc -lvorbisfile -lvorbis -lm -logg  '
pkg_cv_PORTAUDIO_CFLAGS='-pthread  '
pkg_cv_PORTAUDIO_LIBS='-lportaudio -lasound -lm -lpthread  '
pkg_cv_PORTSMF_CFLAGS='-g -O2 -Wall -I/usr/include/portSMF  '
pkg_cv_PORTSMF_LIBS='-lportSMF  '
pkg_cv_SAMPLERATE_CFLAGS=' '
pkg_cv_SAMPLERATE_LIBS='-lsamplerate  '
pkg_cv_SNDFILE_CFLAGS=' '
pkg_cv_SNDFILE_LIBS='-lsndfile  '
pkg_cv_SOUNDTOUCH_CFLAGS='-I/usr/include/soundtouch  '
pkg_cv_SOUNDTOUCH_LIBS='-lSoundTouch  '
pkg_cv_VAMP_CFLAGS=' '
pkg_cv_VAMP_LIBS='-lvamp-hostsdk -ldl  '

## ----------------- ##
## Output variables. ##
## ----------------- ##

ACLOCAL='${SHELL} /home/justin/audacity-read-only/autotools/missing aclocal-1.13'
AMDEPBACKSLASH='\'
AMDEP_FALSE='#'
AMDEP_TRUE=''
AMTAR='$${TAR-tar}'
AM_BACKSLASH='\'
AM_DEFAULT_V='$(AM_DEFAULT_VERBOSITY)'
AM_DEFAULT_VERBOSITY='1'
AM_V='$(V)'
AR='ar'
AUDACITY_NAME='audacity'
AUTOCONF='${SHELL} /home/justin/audacity-read-only/autotools/missing autoconf'
AUTOHEADER='${SHELL} /home/justin/audacity-read-only/autotools/missing autoheader'
AUTOMAKE='${SHELL} /home/justin/audacity-read-only/autotools/missing automake-1.13'
AVCODEC_CFLAGS=' '
AVCODEC_LIBS='-lavcodec  '
AVFORMAT_CFLAGS=' '
AVFORMAT_LIBS='-lavformat  '
AVUTIL_CFLAGS=' '
AVUTIL_LIBS='-lavutil  '
AWK='mawk'
BUILD_LDFLAGS=' -rdynamic '
CC='gcc'
CCDEPMODE='depmode=gcc3'
CDEPEND=''
CFLAGS='-g -O2 -Wstrict-prototypes  -Wall'
CFLAG_VISIBILITY='-fvisibility=hidden'
CONFIGHEADER='configunix.h'
CPP='gcc -E'
CPPFLAGS='  -Wall -pthread -I/usr/include/gtk-2.0 -I/usr/lib/i386-linux-gnu/gtk-2.0/include -I/usr/include/atk-1.0 -I/usr/include/cairo -I/usr/include/gdk-pixbuf-2.0 -I/usr/include/pango-1.0 -I/usr/include/gio-unix-2.0/ -I/usr/include/glib-2.0 -I/usr/lib/i386-linux-gnu/glib-2.0/include -I/usr/include/pixman-1 -I/usr/include/freetype2 -I/usr/include/libpng12  '
CXX='g++'
CXXCPP='g++ -E'
CXXDEPMODE='depmode=gcc3'
CXXFLAGS='-I$(top_srcdir)/lib-src/portmixer/include   -Wall -I$(top_srcdir)/lib-src/FileDialog                  '
CYGPATH_W='echo'
DEFS='-DHAVE_CONFIG_H'
DEPDIR='.deps'
DLLTOOL='false'
DSYMUTIL=''
DUMPBIN=''
ECHO_C=''
ECHO_N='-n'
ECHO_T=''
EGREP='/bin/grep -E'
EXEEXT=''
EXPAT_CFLAGS=''
EXPAT_LIBS='-lexpat'
EXTRATARGETS=''
FFMPEG_CFLAGS='     '
FFMPEG_LIBS=''
FGREP='/bin/grep -F'
FILEDIALOG_LIBS='$(top_builddir)/lib-src/FileDialog/libFileDialog.la'
FLAC_CFLAGS='-I/usr/include -I/usr/include  '
FLAC_LIBS='-lFLAC++ -lFLAC -lm  '
GETTEXT_MACRO_VERSION='0.18'
GMSGFMT='/usr/bin/msgfmt'
GMSGFMT_015='/usr/bin/msgfmt'
GREP='/bin/grep'
GTK_CFLAGS='-pthread -I/usr/include/gtk-2.0 -I/usr/lib/i386-linux-gnu/gtk-2.0/include -I/usr/include/atk-1.0 -I/usr/include/cairo -I/usr/include/gdk-pixbuf-2.0 -I/usr/include/pango-1.0 -I/usr/include/gio-unix-2.0/ -I/usr/include/glib-2.0 -I/usr/lib/i386-linux-gnu/glib-2.0/include -I/usr/include/pixman-1 -I/usr/include/freetype2 -I/usr/include/libpng12  '
GTK_LIBS='-lgtk-x11-2.0 -lgdk-x11-2.0 -latk-1.0 -lgio-2.0 -lpangoft2-1.0 -lpangocairo-1.0 -lgdk_pixbuf-2.0 -lcairo -lpango-1.0 -lfreetype -lfontconfig -lgobject-2.0 -lglib-2.0  '
HAVE_GTK=''
HAVE_PKG_CONFIG='yes'
HAVE_VISIBILITY='1'
ID3TAG_CFLAGS=' '
ID3TAG_LIBS='-lid3tag -lz  '
INSTALL_DATA='${INSTALL} -m 644'
INSTALL_PREFIX=''
INSTALL_PROGRAM='${INSTALL}'
INSTALL_SCRIPT='${INSTALL}'
INSTALL_STRIP_PROGRAM='$(install_sh) -c -s'
INTLLIBS=''
INTL_MACOSX_LIBS=''
JACK_CFLAGS=' '
JACK_LIBS='-ljack -lpthread -lrt  '
LAME_CFLAGS=''
LAME_LIBS=''
LD='/usr/bin/ld'
LDFLAGS=''
LIBICONV='-liconv'
LIBINTL=''
LIBMAD_CFLAGS=' '
LIBMAD_LIBS='-lmad  '
LIBNYQUIST_CFLAGS='-I$(top_srcdir)/lib-src/libnyquist'
LIBNYQUIST_LIBS='$(top_builddir)/lib-src/libnyquist/libnyquist.a'
LIBOBJS=''
LIBRESAMPLE_CFLAGS=''
LIBRESAMPLE_LIBS=''
LIBS='-ldl   -lgtk-x11-2.0 -lgdk-x11-2.0 -latk-1.0 -lgio-2.0 -lpangoft2-1.0 -lpangocairo-1.0 -lgdk_pixbuf-2.0 -lcairo -lpango-1.0 -lfreetype -lfontconfig -lgobject-2.0 -lglib-2.0   -lasound -ljack -lpthread -lrt   -lrt'
LIBTOOL='$(SHELL) $(top_builddir)/libtool'
LIBTWOLAME_CFLAGS=' '
LIBTWOLAME_LIBS='-ltwolame  '
LIBVORBIS_CFLAGS=' '
LIBVORBIS_LIBS='-lvorbisenc -lvorbisfile -lvorbis -lm -logg  '
LIPO=''
LN_S='ln -s'
LTLIBICONV='-liconv'
LTLIBINTL=''
LTLIBOBJS=''
LV2_CFLAGS='-I$(top_srcdir)/lib-src/lv2/include'
LV2_LIBS='$(top_builddir)/lib-src/lv2/liblv2.a'
MAINT='#'
MAINTAINER_MODE_FALSE=''
MAINTAINER_MODE_TRUE='#'
MAKEINFO='${SHELL} /home/justin/audacity-read-only/autotools/missing makeinfo'
MANIFEST_TOOL=':'
MIMETYPES='audio/aac;audio/ac3;audio/mp4;audio/x-ms-wma;video/mpeg;audio/flac;audio/x-flac;audio/mpeg;audio/basic;audio/x-aiff;audio/x-wav;application/ogg;audio/x-vorbis+ogg;'
MKDIR_P='/bin/mkdir -p'
MSGFMT='/usr/bin/msgfmt'
MSGFMT_015='/usr/bin/msgfmt'
MSGMERGE='/usr/bin/msgmerge'
NM='/usr/bin/nm -B'
NMEDIT=''
OBJDUMP='objdump'
OBJEXT='o'
OTOOL64=''
OTOOL=''
PACKAGE='audacity'
PACKAGE_BUGREPORT=''
PACKAGE_NAME='audacity'
PACKAGE_STRING='audacity 2.0.6'
PACKAGE_TARNAME='audacity'
PACKAGE_URL=''
PACKAGE_VERSION='2.0.6'
PATH_SEPARATOR=':'
PKG_CONFIG='/usr/bin/pkg-config'
PORTAUDIO_CFLAGS='-pthread  '
PORTAUDIO_LIBS='-lportaudio -lasound -lm -lpthread  '
PORTMIXER_LIBS='$(top_builddir)/lib-src/portmixer/src/libportmixer.la'
PORTSMF_CFLAGS='-g -O2 -Wall -I/usr/include/portSMF  '
PORTSMF_LIBS='-lportSMF  '
POSUB='po'
PRECOMP_CFLAGS=''
RANLIB='ranlib'
SAMPLERATE_CFLAGS=' '
SAMPLERATE_LIBS='-lsamplerate  '
SBSMS_CFLAGS='-I$(top_srcdir)/lib-src/sbsms/include'
SBSMS_LIBS='$(top_builddir)/lib-src/sbsms/src/.libs/libsbsms.a'
SED='/bin/sed'
SET_MAKE=''
SHELL='/bin/bash'
SNDFILE_CFLAGS=' '
SNDFILE_LIBS='-lsndfile  '
SOUNDTOUCH_CFLAGS='-I/usr/include/soundtouch  '
SOUNDTOUCH_LIBS='-lSoundTouch  '
SOXR_CFLAGS='-I$(top_srcdir)/lib-src/libsoxr/src'
SOXR_LIBS='$(top_builddir)/lib-src/libsoxr/src/libsoxr.a'
STRIP='strip'
USE_AUDIO_UNITS_FALSE=''
USE_AUDIO_UNITS_TRUE='#'
USE_FFMPEG_FALSE='#'
USE_FFMPEG_TRUE=''
USE_LADSPA_FALSE='#'
USE_LADSPA_TRUE=''
USE_LAME_FALSE='#'
USE_LAME_TRUE=''
USE_LIBFLAC_FALSE='#'
USE_LIBFLAC_TRUE=''
USE_LIBID3TAG_FALSE='#'
USE_LIBID3TAG_TRUE=''
USE_LIBMAD_FALSE='#'
USE_LIBMAD_TRUE=''
USE_LIBNYQUIST_FALSE='#'
USE_LIBNYQUIST_TRUE=''
USE_LIBRESAMPLE_FALSE=''
USE_LIBRESAMPLE_TRUE='#'
USE_LIBSAMPLERATE_FALSE=''
USE_LIBSAMPLERATE_TRUE='#'
USE_LIBSOUNDTOUCH_FALSE='#'
USE_LIBSOUNDTOUCH_TRUE=''
USE_LIBSOXR_FALSE='#'
USE_LIBSOXR_TRUE=''
USE_LIBTWOLAME_FALSE='#'
USE_LIBTWOLAME_TRUE=''
USE_LIBVORBIS_FALSE='#'
USE_LIBVORBIS_TRUE=''
USE_LOCAL_EXPAT_FALSE=''
USE_LOCAL_EXPAT_TRUE='#'
USE_LOCAL_FFMPEG_FALSE=''
USE_LOCAL_FFMPEG_TRUE='#'
USE_LOCAL_LAME_FALSE=''
USE_LOCAL_LAME_TRUE='#'
USE_LOCAL_LIBFLAC_FALSE=''
USE_LOCAL_LIBFLAC_TRUE='#'
USE_LOCAL_LIBID3TAG_FALSE=''
USE_LOCAL_LIBID3TAG_TRUE='#'
USE_LOCAL_LIBMAD_FALSE=''
USE_LOCAL_LIBMAD_TRUE='#'
USE_LOCAL_LIBNYQUIST_FALSE='#'
USE_LOCAL_LIBNYQUIST_TRUE=''
USE_LOCAL_LIBRESAMPLE_FALSE=''
USE_LOCAL_LIBRESAMPLE_TRUE='#'
USE_LOCAL_LIBSAMPLERATE_FALSE=''
USE_LOCAL_LIBSAMPLERATE_TRUE='#'
USE_LOCAL_LIBSNDFILE_FALSE=''
USE_LOCAL_LIBSNDFILE_TRUE='#'
USE_LOCAL_LIBSOUNDTOUCH_FALSE=''
USE_LOCAL_LIBSOUNDTOUCH_TRUE='#'
USE_LOCAL_LIBSOXR_FALSE='#'
USE_LOCAL_LIBSOXR_TRUE=''
USE_LOCAL_LIBTWOLAME_FALSE=''
USE_LOCAL_LIBTWOLAME_TRUE='#'
USE_LOCAL_LIBVORBIS_FALSE=''
USE_LOCAL_LIBVORBIS_TRUE='#'
USE_LOCAL_LV2_FALSE='#'
USE_LOCAL_LV2_TRUE=''
USE_LOCAL_PORTAUDIO_FALSE=''
USE_LOCAL_PORTAUDIO_TRUE='#'
USE_LOCAL_PORTSMF_FALSE=''
USE_LOCAL_PORTSMF_TRUE='#'
USE_LOCAL_SBSMS_FALSE='#'
USE_LOCAL_SBSMS_TRUE=''
USE_LOCAL_VAMP_FALSE=''
USE_LOCAL_VAMP_TRUE='#'
USE_LOCAL_WIDGETEXTRA_FALSE='#'
USE_LOCAL_WIDGETEXTRA_TRUE=''
USE_LV2_FALSE='#'
USE_LV2_TRUE=''
USE_NLS='yes'
USE_PORTSMF_FALSE='#'
USE_PORTSMF_TRUE=''
USE_QUICKTIME_FALSE=''
USE_QUICKTIME_TRUE='#'
USE_SBSMS_FALSE='#'
USE_SBSMS_TRUE=''
USE_VAMP_FALSE='#'
USE_VAMP_TRUE=''
VAMP_CFLAGS=' '
VAMP_LIBS='-lvamp-hostsdk -ldl  '
VERSION='2.0.6'
WIDGETEXTRA_CFLAGS='-I$(top_srcdir)/lib-src/lib-widget-extra'
WIDGETEXTRA_LIBS='$(top_builddir)/lib-src/lib-widget-extra/libwidgetextra.la'
WX_CONFIG='/usr/bin/wx-config'
WX_CXXFLAGS='-I/usr/lib/i386-linux-gnu/wx/include/gtk2-unicode-release-2.8 -I/usr/include/wx-2.8 -D_FILE_OFFSET_BITS=64 -D_LARGE_FILES -D__WXGTK__ -pthread'
WX_LIBS='-L/usr/lib/i386-linux-gnu -pthread -Wl,-Bsymbolic-functions -Wl,-z,relro  -L/usr/lib/i386-linux-gnu   -lwx_gtk2u_richtext-2.8 -lwx_gtk2u_aui-2.8 -lwx_gtk2u_xrc-2.8 -lwx_gtk2u_qa-2.8 -lwx_gtk2u_html-2.8 -lwx_gtk2u_adv-2.8 -lwx_gtk2u_core-2.8 -lwx_baseu_xml-2.8 -lwx_baseu_net-2.8 -lwx_baseu-2.8 '
XGETTEXT='/usr/bin/xgettext'
XGETTEXT_015='/usr/bin/xgettext'
XGETTEXT_EXTRA_OPTIONS=''
ac_ct_AR='ar'
ac_ct_CC='gcc'
ac_ct_CXX='g++'
ac_ct_DUMPBIN=''
am__EXEEXT_FALSE=''
am__EXEEXT_TRUE='#'
am__fastdepCC_FALSE='#'
am__fastdepCC_TRUE=''
am__fastdepCXX_FALSE='#'
am__fastdepCXX_TRUE=''
am__include='include'
am__isrc=''
am__leading_dot='.'
am__nodep='_no'
am__quote=''
am__tar='$${TAR-tar} chof - "$$tardir"'
am__untar='$${TAR-tar} xf -'
bindir='${exec_prefix}/bin'
build='i686-pc-linux-gnu'
build_alias=''
build_cpu='i686'
build_os='linux-gnu'
build_vendor='pc'
datadir='${datarootdir}'
datarootdir='${prefix}/share'
docdir='${datarootdir}/doc/${PACKAGE_TARNAME}'
dvidir='${docdir}'
exec_prefix='${prefix}'
host='i686-pc-linux-gnu'
host_alias=''
host_cpu='i686'
host_os='linux-gnu'
host_vendor='pc'
htmldir='${docdir}'
includedir='${prefix}/include'
infodir='${datarootdir}/info'
install_sh='${SHELL} /home/justin/audacity-read-only/autotools/install-sh'
libdir='${exec_prefix}/lib'
libexecdir='${exec_prefix}/libexec'
localedir='${datarootdir}/locale'
localstatedir='${prefix}/var'
mandir='${datarootdir}/man'
mkdir_p='/bin/mkdir -p'
oldincludedir='/usr/include'
pdfdir='${docdir}'
prefix='/usr/local/'
program_transform_name='s,x,x,'
psdir='${docdir}'
sbindir='${exec_prefix}/sbin'
sharedstatedir='${prefix}/com'
subdirs=' lib-src/FileDialog lib-src/libnyquist lib-src/sbsms lib-src/libsoxr lib-src/lv2 lib-src/lib-widget-extra lib-src/portmixer'
sysconfdir='${prefix}/etc'
target_alias=''

## ----------- ##
## confdefs.h. ##
## ----------- ##

/* confdefs.h */
#define PACKAGE_NAME "audacity"
#define PACKAGE_TARNAME "audacity"
#define PACKAGE_VERSION "2.0.6"
#define PACKAGE_STRING "audacity 2.0.6"
#define PACKAGE_BUGREPORT ""
#define PACKAGE_URL ""
#define PACKAGE "audacity"
#define VERSION "2.0.6"
#define ENABLE_NLS 1
#define HAVE_GETTEXT 1
#define HAVE_DCGETTEXT 1
#define STDC_HEADERS 1
#define HAVE_SYS_TYPES_H 1
#define HAVE_SYS_STAT_H 1
#define HAVE_STDLIB_H 1
#define HAVE_STRING_H 1
#define HAVE_MEMORY_H 1
#define HAVE_STRINGS_H 1
#define HAVE_INTTYPES_H 1
#define HAVE_STDINT_H 1
#define HAVE_UNISTD_H 1
#define HAVE_DLFCN_H 1
#define LT_OBJDIR ".libs/"
#define AUDACITY_NAME "audacity"
#define INSTALL_PREFIX "/usr/local/"
#define BUILDING_AUDACITY 1
#define HAVE_ALLOCA_H 1
#define HAVE_VISIBILITY 1
#define USE_FFMPEG 1
#define USE_LIBFLAC 1
#define USE_LIBID3TAG 1
#define USE_LIBMAD 1
#define USE_NYQUIST 1
#define USE_SBSMS 1
#define USE_SOUNDTOUCH 1
#define USE_LIBSOXR 1
#define USE_LIBTWOLAME 1
#define USE_VAMP 1
#define USE_LIBVORBIS 1
#define USE_LV2 1
#define USE_MIDI 1
#define HAVE_GTK 1
#define HAVE_CLOCK_GETTIME 1
#define HAVE_NANOSLEEP 1
#define USE_PORTMIXER 1
#define HAVE_LRINT 1
#define HAVE_LRINTF 1
#define USE_LADSPA 1

configure: exit 0

## ---------------------- ##
## Running config.status. ##
## ---------------------- ##

This file was extended by audacity config.status 2.0.6, which was
generated by GNU Autoconf 2.69.  Invocation command line was

  CONFIG_FILES    = 
  CONFIG_HEADERS  = 
  CONFIG_LINKS    = 
  CONFIG_COMMANDS = 
  $ ./config.status src/configwin.h

on justin-OptiPlex-760

config.status:1362: creating src/configwin.h

## ---------------------- ##
## Running config.status. ##
## ---------------------- ##

This file was extended by audacity config.status 2.0.6, which was
generated by GNU Autoconf 2.69.  Invocation command line was

  CONFIG_FILES    = 
  CONFIG_HEADERS  = 
  CONFIG_LINKS    = 
  CONFIG_COMMANDS = 
  $ ./config.status src/configunix.h

on justin-OptiPlex-760

config.status:1362: creating src/configunix.h
config.status:1543: src/configunix.h is unchanged

## ---------------------- ##
## Running config.status. ##
## ---------------------- ##

This file was extended by audacity config.status 2.0.6, which was
generated by GNU Autoconf 2.69.  Invocation command line was

  CONFIG_FILES    = 
  CONFIG_HEADERS  = 
  CONFIG_LINKS    = 
  CONFIG_COMMANDS = 
  $ ./config.status src/configunix.h

on justin-OptiPlex-760

config.status:1362: creating src/configunix.h
config.status:1543: src/configunix.h is unchanged

## ---------------------- ##
## Running config.status. ##
## ---------------------- ##

This file was extended by audacity config.status 2.0.6, which was
generated by GNU Autoconf 2.69.  Invocation command line was

  CONFIG_FILES    = 
  CONFIG_HEADERS  = 
  CONFIG_LINKS    = 
  CONFIG_COMMANDS = 
  $ ./config.status src/configunix.h

on justin-OptiPlex-760

config.status:1362: creating src/configunix.h
config.status:1543: src/configunix.h is unchanged

## ---------------------- ##
## Running config.status. ##
## ---------------------- ##

This file was extended by audacity config.status 2.0.6, which was
generated by GNU Autoconf 2.69.  Invocation command line was

  CONFIG_FILES    = 
  CONFIG_HEADERS  = 
  CONFIG_LINKS    = 
  CONFIG_COMMANDS = 
  $ ./config.status src/configunix.h

on justin-OptiPlex-760

config.status:1362: creating src/configunix.h
config.status:1543: src/configunix.h is unchanged
