This file contains any messages produced by compilers while
running configure, to aid debugging if configure makes a mistake.

It was created by PortMixer configure 2.0, which was
generated by GNU Autoconf 2.69.  Invocation command line was

  $ ./configure --disable-option-checking --prefix=/usr/local/ --with-wx-config=/usr/bin/wx-config --enable-static=yes --enable-shared=no --disable-programs --cache-file=/dev/null --srcdir=.

## --------- ##
## Platform. ##
## --------- ##

hostname = justin-OptiPlex-760
uname -m = i686
uname -r = 3.8.0-29-generic
uname -s = Linux
uname -v = #42~precise1-Ubuntu SMP Wed Aug 14 15:31:16 UTC 2013

/usr/bin/uname -p = unknown
/bin/uname -X     = unknown

/bin/arch              = unknown
/usr/bin/arch -k       = unknown
/usr/convex/getsysinfo = unknown
/usr/bin/hostinfo      = unknown
/bin/machine           = unknown
/usr/bin/oslevel       = unknown
/bin/universe          = unknown

PATH: /usr/lib/lightdm/lightdm
PATH: /usr/local/sbin
PATH: /usr/local/bin
PATH: /usr/sbin
PATH: /usr/bin
PATH: /sbin
PATH: /bin
PATH: /usr/games


## ----------- ##
## Core tests. ##
## ----------- ##

configure:2288: checking for a BSD-compatible install
configure:2356: result: /usr/bin/install -c
configure:2367: checking whether build environment is sane
configure:2422: result: yes
configure:2573: checking for a thread-safe mkdir -p
configure:2612: result: /bin/mkdir -p
configure:2619: checking for gawk
configure:2649: result: no
configure:2619: checking for mawk
configure:2635: found /usr/bin/mawk
configure:2646: result: mawk
configure:2657: checking whether make sets $(MAKE)
configure:2679: result: yes
configure:2708: checking whether make supports nested variables
configure:2725: result: yes
configure:2810: checking whether to enable maintainer-specific portions of Makefiles
configure:2819: result: no
configure:2884: checking for gcc
configure:2900: found /usr/bin/gcc
configure:2911: result: gcc
configure:3140: checking for C compiler version
configure:3149: gcc --version >&5
gcc (Ubuntu/Linaro 4.6.3-1ubuntu5) 4.6.3
Copyright (C) 2011 Free Software Foundation, Inc.
This is free software; see the source for copying conditions.  There is NO
warranty; not even for MERCHANTABILITY or FITNESS FOR A PARTICULAR PURPOSE.

configure:3160: $? = 0
configure:3149: gcc -v >&5
Using built-in specs.
COLLECT_GCC=gcc
COLLECT_LTO_WRAPPER=/usr/lib/gcc/i686-linux-gnu/4.6/lto-wrapper
Target: i686-linux-gnu
Configured with: ../src/configure -v --with-pkgversion='Ubuntu/Linaro 4.6.3-1ubuntu5' --with-bugurl=file:///usr/share/doc/gcc-4.6/README.Bugs --enable-languages=c,c++,fortran,objc,obj-c++ --prefix=/usr --program-suffix=-4.6 --enable-shared --enable-linker-build-id --with-system-zlib --libexecdir=/usr/lib --without-included-gettext --enable-threads=posix --with-gxx-include-dir=/usr/include/c++/4.6 --libdir=/usr/lib --enable-nls --with-sysroot=/ --enable-clocale=gnu --enable-libstdcxx-debug --enable-libstdcxx-time=yes --enable-gnu-unique-object --enable-plugin --enable-objc-gc --enable-targets=all --disable-werror --with-arch-32=i686 --with-tune=generic --enable-checking=release --build=i686-linux-gnu --host=i686-linux-gnu --target=i686-linux-gnu
Thread model: posix
gcc version 4.6.3 (Ubuntu/Linaro 4.6.3-1ubuntu5) 
configure:3160: $? = 0
configure:3149: gcc -V >&5
gcc: error: unrecognized option '-V'
gcc: fatal error: no input files
compilation terminated.
configure:3160: $? = 4
configure:3149: gcc -qversion >&5
gcc: error: unrecognized option '-qversion'
gcc: fatal error: no input files
compilation terminated.
configure:3160: $? = 4
configure:3180: checking whether the C compiler works
configure:3202: gcc    conftest.c  >&5
configure:3206: $? = 0
configure:3254: result: yes
configure:3257: checking for C compiler default output file name
configure:3259: result: a.out
configure:3265: checking for suffix of executables
configure:3272: gcc -o conftest    conftest.c  >&5
configure:3276: $? = 0
configure:3298: result: 
configure:3320: checking whether we are cross compiling
configure:3328: gcc -o conftest    conftest.c  >&5
configure:3332: $? = 0
configure:3339: ./conftest
configure:3343: $? = 0
configure:3358: result: no
configure:3363: checking for suffix of object files
configure:3385: gcc -c   conftest.c >&5
configure:3389: $? = 0
configure:3410: result: o
configure:3414: checking whether we are using the GNU C compiler
configure:3433: gcc -c   conftest.c >&5
configure:3433: $? = 0
configure:3442: result: yes
configure:3451: checking whether gcc accepts -g
configure:3471: gcc -c -g  conftest.c >&5
configure:3471: $? = 0
configure:3512: result: yes
configure:3529: checking for gcc option to accept ISO C89
configure:3592: gcc  -c -g -O2  conftest.c >&5
configure:3592: $? = 0
configure:3605: result: none needed
configure:3636: checking for style of include used by make
configure:3664: result: GNU
configure:3690: checking dependency style of gcc
configure:3801: result: gcc3
configure:3817: checking whether gcc and cc understand -c and -o together
configure:3848: gcc -c conftest.c -o conftest2.o >&5
configure:3852: $? = 0
configure:3858: gcc -c conftest.c -o conftest2.o >&5
configure:3862: $? = 0
configure:3873: cc -c conftest.c >&5
configure:3877: $? = 0
configure:3885: cc -c conftest.c -o conftest2.o >&5
configure:3889: $? = 0
configure:3895: cc -c conftest.c -o conftest2.o >&5
configure:3899: $? = 0
configure:3917: result: yes
configure:3992: checking for ar
configure:4008: found /usr/bin/ar
configure:4019: result: ar
configure:4045: checking the archiver (ar) interface
configure:4055: gcc -c -g -O2  conftest.c >&5
configure:4055: $? = 0
configure:4057: ar cru libconftest.a conftest.o >&5
configure:4060: $? = 0
configure:4083: result: ar
configure:4133: checking build system type
configure:4147: result: i686-pc-linux-gnu
configure:4167: checking host system type
configure:4180: result: i686-pc-linux-gnu
configure:4221: checking how to print strings
configure:4248: result: printf
configure:4269: checking for a sed that does not truncate output
configure:4333: result: /bin/sed
configure:4351: checking for grep that handles long lines and -e
configure:4409: result: /bin/grep
configure:4414: checking for egrep
configure:4476: result: /bin/grep -E
configure:4481: checking for fgrep
configure:4543: result: /bin/grep -F
configure:4578: checking for ld used by gcc
configure:4645: result: /usr/bin/ld
configure:4652: checking if the linker (/usr/bin/ld) is GNU ld
configure:4667: result: yes
configure:4679: checking for BSD- or MS-compatible name lister (nm)
configure:4728: result: /usr/bin/nm -B
configure:4858: checking the name lister (/usr/bin/nm -B) interface
configure:4865: gcc -c -g -O2  conftest.c >&5
configure:4868: /usr/bin/nm -B "conftest.o"
configure:4871: output
00000000 B some_variable
configure:4878: result: BSD nm
configure:4881: checking whether ln -s works
configure:4885: result: yes
configure:4893: checking the maximum length of command line arguments
configure:5024: result: 1572864
configure:5041: checking whether the shell understands some XSI constructs
configure:5051: result: yes
configure:5055: checking whether the shell understands "+="
configure:5061: result: yes
configure:5096: checking how to convert i686-pc-linux-gnu file names to i686-pc-linux-gnu format
configure:5136: result: func_convert_file_noop
configure:5143: checking how to convert i686-pc-linux-gnu file names to toolchain format
configure:5163: result: func_convert_file_noop
configure:5170: checking for /usr/bin/ld option to reload object files
configure:5177: result: -r
configure:5251: checking for objdump
configure:5267: found /usr/bin/objdump
configure:5278: result: objdump
configure:5310: checking how to recognize dependent libraries
configure:5508: result: pass_all
configure:5593: checking for dlltool
configure:5623: result: no
configure:5653: checking how to associate runtime and link libraries
configure:5680: result: printf %s\n
configure:5804: checking for archiver @FILE support
configure:5821: gcc -c -g -O2  conftest.c >&5
configure:5821: $? = 0
configure:5824: ar cru libconftest.a @conftest.lst >&5
configure:5827: $? = 0
configure:5832: ar cru libconftest.a @conftest.lst >&5
ar: conftest.o: No such file or directory
configure:5835: $? = 1
configure:5847: result: @
configure:5905: checking for strip
configure:5921: found /usr/bin/strip
configure:5932: result: strip
configure:6004: checking for ranlib
configure:6020: found /usr/bin/ranlib
configure:6031: result: ranlib
configure:6133: checking command to parse /usr/bin/nm -B output from gcc object
configure:6253: gcc -c -g -O2  conftest.c >&5
configure:6256: $? = 0
configure:6260: /usr/bin/nm -B conftest.o \| sed -n -e 's/^.*[ ]\([ABCDGIRSTW][ABCDGIRSTW]*\)[ ][ ]*\([_A-Za-z][_A-Za-z0-9]*\)$/\1 \2 \2/p' | sed '/ __gnu_lto/d' \> conftest.nm
configure:6263: $? = 0
configure:6329: gcc -o conftest -g -O2   conftest.c conftstm.o >&5
configure:6332: $? = 0
configure:6370: result: ok
configure:6407: checking for sysroot
configure:6437: result: no
configure:6700: checking for mt
configure:6716: found /bin/mt
configure:6727: result: mt
configure:6750: checking if mt is a manifest tool
configure:6756: mt '-?'
configure:6764: result: no
configure:7406: checking how to run the C preprocessor
configure:7437: gcc -E  conftest.c
configure:7437: $? = 0
configure:7451: gcc -E  conftest.c
conftest.c:11:28: fatal error: ac_nonexistent.h: No such file or directory
compilation terminated.
configure:7451: $? = 1
configure: failed program was:
| /* confdefs.h */
| #define PACKAGE_NAME "PortMixer"
| #define PACKAGE_TARNAME "portmixer"
| #define PACKAGE_VERSION "2.0"
| #define PACKAGE_STRING "PortMixer 2.0"
| #define PACKAGE_BUGREPORT "audacity.sourceforge.net"
| #define PACKAGE_URL ""
| #define PACKAGE "portmixer"
| #define VERSION "2.0"
| /* end confdefs.h.  */
| #include <ac_nonexistent.h>
configure:7476: result: gcc -E
configure:7496: gcc -E  conftest.c
configure:7496: $? = 0
configure:7510: gcc -E  conftest.c
conftest.c:11:28: fatal error: ac_nonexistent.h: No such file or directory
compilation terminated.
configure:7510: $? = 1
configure: failed program was:
| /* confdefs.h */
| #define PACKAGE_NAME "PortMixer"
| #define PACKAGE_TARNAME "portmixer"
| #define PACKAGE_VERSION "2.0"
| #define PACKAGE_STRING "PortMixer 2.0"
| #define PACKAGE_BUGREPORT "audacity.sourceforge.net"
| #define PACKAGE_URL ""
| #define PACKAGE "portmixer"
| #define VERSION "2.0"
| /* end confdefs.h.  */
| #include <ac_nonexistent.h>
configure:7539: checking for ANSI C header files
configure:7559: gcc -c -g -O2  conftest.c >&5
configure:7559: $? = 0
configure:7632: gcc -o conftest -g -O2   conftest.c  >&5
configure:7632: $? = 0
configure:7632: ./conftest
configure:7632: $? = 0
configure:7643: result: yes
configure:7656: checking for sys/types.h
configure:7656: gcc -c -g -O2  conftest.c >&5
configure:7656: $? = 0
configure:7656: result: yes
configure:7656: checking for sys/stat.h
configure:7656: gcc -c -g -O2  conftest.c >&5
configure:7656: $? = 0
configure:7656: result: yes
configure:7656: checking for stdlib.h
configure:7656: gcc -c -g -O2  conftest.c >&5
configure:7656: $? = 0
configure:7656: result: yes
configure:7656: checking for string.h
configure:7656: gcc -c -g -O2  conftest.c >&5
configure:7656: $? = 0
configure:7656: result: yes
configure:7656: checking for memory.h
configure:7656: gcc -c -g -O2  conftest.c >&5
configure:7656: $? = 0
configure:7656: result: yes
configure:7656: checking for strings.h
configure:7656: gcc -c -g -O2  conftest.c >&5
configure:7656: $? = 0
configure:7656: result: yes
configure:7656: checking for inttypes.h
configure:7656: gcc -c -g -O2  conftest.c >&5
configure:7656: $? = 0
configure:7656: result: yes
configure:7656: checking for stdint.h
configure:7656: gcc -c -g -O2  conftest.c >&5
configure:7656: $? = 0
configure:7656: result: yes
configure:7656: checking for unistd.h
configure:7656: gcc -c -g -O2  conftest.c >&5
configure:7656: $? = 0
configure:7656: result: yes
configure:7670: checking for dlfcn.h
configure:7670: gcc -c -g -O2  conftest.c >&5
configure:7670: $? = 0
configure:7670: result: yes
configure:7876: checking for objdir
configure:7891: result: .libs
configure:8162: checking if gcc supports -fno-rtti -fno-exceptions
configure:8180: gcc -c -g -O2  -fno-rtti -fno-exceptions conftest.c >&5
cc1: warning: command line option '-fno-rtti' is valid for C++/ObjC++ but not for C [enabled by default]
configure:8184: $? = 0
configure:8197: result: no
configure:8524: checking for gcc option to produce PIC
configure:8531: result: -fPIC -DPIC
configure:8539: checking if gcc PIC flag -fPIC -DPIC works
configure:8557: gcc -c -g -O2  -fPIC -DPIC -DPIC conftest.c >&5
configure:8561: $? = 0
configure:8574: result: yes
configure:8603: checking if gcc static flag -static works
configure:8631: result: yes
configure:8646: checking if gcc supports -c -o file.o
configure:8667: gcc -c -g -O2  -o out/conftest2.o conftest.c >&5
configure:8671: $? = 0
configure:8693: result: yes
configure:8701: checking if gcc supports -c -o file.o
configure:8748: result: yes
configure:8781: checking whether the gcc linker (/usr/bin/ld) supports shared libraries
configure:9938: result: yes
configure:10178: checking dynamic linker characteristics
configure:10678: gcc -o conftest -g -O2   -Wl,-rpath -Wl,/foo conftest.c  >&5
configure:10678: $? = 0
configure:10912: result: GNU/Linux ld.so
configure:11019: checking how to hardcode library paths into programs
configure:11044: result: immediate
configure:11584: checking whether stripping libraries is possible
configure:11589: result: yes
configure:11624: checking if libtool supports shared libraries
configure:11626: result: yes
configure:11629: checking whether to build shared libraries
configure:11650: result: no
configure:11653: checking whether to build static libraries
configure:11657: result: yes
configure:11698: checking for ANSI C header files
configure:11802: result: yes
configure:11814: checking whether to compile debug version
configure:11823: result: no
configure:11882: checking for pkg-config
configure:11900: found /usr/bin/pkg-config
configure:11912: result: /usr/bin/pkg-config
configure:11937: checking pkg-config is at least version 0.9.0
configure:11940: result: yes
configure:11950: checking for PORTAUDIO
configure:11957: $PKG_CONFIG --exists --print-errors "portaudio-2.0 >= 19"
configure:11960: $? = 0
configure:11974: $PKG_CONFIG --exists --print-errors "portaudio-2.0 >= 19"
configure:11977: $? = 0
configure:12035: result: yes
configure:12051: checking sys/soundcard.h usability
configure:12051: gcc -c -g -O2  -pthread   conftest.c >&5
configure:12051: $? = 0
configure:12051: result: yes
configure:12051: checking sys/soundcard.h presence
configure:12051: gcc -E  -pthread   conftest.c
configure:12051: $? = 0
configure:12051: result: yes
configure:12051: checking for sys/soundcard.h
configure:12051: result: yes
configure:12051: checking linux/soundcard.h usability
configure:12051: gcc -c -g -O2  -pthread   conftest.c >&5
configure:12051: $? = 0
configure:12051: result: yes
configure:12051: checking linux/soundcard.h presence
configure:12051: gcc -E  -pthread   conftest.c
configure:12051: $? = 0
configure:12051: result: yes
configure:12051: checking for linux/soundcard.h
configure:12051: result: yes
configure:12051: checking machine/soundcard.h usability
configure:12051: gcc -c -g -O2  -pthread   conftest.c >&5
conftest.c:59:31: fatal error: machine/soundcard.h: No such file or directory
compilation terminated.
configure:12051: $? = 1
configure: failed program was:
| /* confdefs.h */
| #define PACKAGE_NAME "PortMixer"
| #define PACKAGE_TARNAME "portmixer"
| #define PACKAGE_VERSION "2.0"
| #define PACKAGE_STRING "PortMixer 2.0"
| #define PACKAGE_BUGREPORT "audacity.sourceforge.net"
| #define PACKAGE_URL ""
| #define PACKAGE "portmixer"
| #define VERSION "2.0"
| #define STDC_HEADERS 1
| #define HAVE_SYS_TYPES_H 1
| #define HAVE_SYS_STAT_H 1
| #define HAVE_STDLIB_H 1
| #define HAVE_STRING_H 1
| #define HAVE_MEMORY_H 1
| #define HAVE_STRINGS_H 1
| #define HAVE_INTTYPES_H 1
| #define HAVE_STDINT_H 1
| #define HAVE_UNISTD_H 1
| #define HAVE_DLFCN_H 1
| #define LT_OBJDIR ".libs/"
| #define STDC_HEADERS 1
| #define HAVE_SYS_SOUNDCARD_H 1
| #define HAVE_LINUX_SOUNDCARD_H 1
| /* end confdefs.h.  */
| #include <stdio.h>
| #ifdef HAVE_SYS_TYPES_H
| # include <sys/types.h>
| #endif
| #ifdef HAVE_SYS_STAT_H
| # include <sys/stat.h>
| #endif
| #ifdef STDC_HEADERS
| # include <stdlib.h>
| # include <stddef.h>
| #else
| # ifdef HAVE_STDLIB_H
| #  include <stdlib.h>
| # endif
| #endif
| #ifdef HAVE_STRING_H
| # if !defined STDC_HEADERS && defined HAVE_MEMORY_H
| #  include <memory.h>
| # endif
| # include <string.h>
| #endif
| #ifdef HAVE_STRINGS_H
| # include <strings.h>
| #endif
| #ifdef HAVE_INTTYPES_H
| # include <inttypes.h>
| #endif
| #ifdef HAVE_STDINT_H
| # include <stdint.h>
| #endif
| #ifdef HAVE_UNISTD_H
| # include <unistd.h>
| #endif
| #include <machine/soundcard.h>
configure:12051: result: no
configure:12051: checking machine/soundcard.h presence
configure:12051: gcc -E  -pthread   conftest.c
conftest.c:26:31: fatal error: machine/soundcard.h: No such file or directory
compilation terminated.
configure:12051: $? = 1
configure: failed program was:
| /* confdefs.h */
| #define PACKAGE_NAME "PortMixer"
| #define PACKAGE_TARNAME "portmixer"
| #define PACKAGE_VERSION "2.0"
| #define PACKAGE_STRING "PortMixer 2.0"
| #define PACKAGE_BUGREPORT "audacity.sourceforge.net"
| #define PACKAGE_URL ""
| #define PACKAGE "portmixer"
| #define VERSION "2.0"
| #define STDC_HEADERS 1
| #define HAVE_SYS_TYPES_H 1
| #define HAVE_SYS_STAT_H 1
| #define HAVE_STDLIB_H 1
| #define HAVE_STRING_H 1
| #define HAVE_MEMORY_H 1
| #define HAVE_STRINGS_H 1
| #define HAVE_INTTYPES_H 1
| #define HAVE_STDINT_H 1
| #define HAVE_UNISTD_H 1
| #define HAVE_DLFCN_H 1
| #define LT_OBJDIR ".libs/"
| #define STDC_HEADERS 1
| #define HAVE_SYS_SOUNDCARD_H 1
| #define HAVE_LINUX_SOUNDCARD_H 1
| /* end confdefs.h.  */
| #include <machine/soundcard.h>
configure:12051: result: no
configure:12051: checking for machine/soundcard.h
configure:12051: result: no
configure:12062: checking for pa_unix_oss.h
configure:12062: gcc -c -g -O2  -pthread   conftest.c >&5
configure:12062: $? = 0
configure:12062: result: yes
configure:12092: checking alsa/asoundlib.h usability
configure:12092: gcc -c -g -O2  -pthread   conftest.c >&5
configure:12092: $? = 0
configure:12092: result: yes
configure:12092: checking alsa/asoundlib.h presence
configure:12092: gcc -E  -pthread   conftest.c
configure:12092: $? = 0
configure:12092: result: yes
configure:12092: checking for alsa/asoundlib.h
configure:12092: result: yes
configure:12101: checking pa_linux_alsa.h usability
configure:12101: gcc -c -g -O2  -pthread   conftest.c >&5
configure:12101: $? = 0
configure:12101: result: yes
configure:12101: checking pa_linux_alsa.h presence
configure:12101: gcc -E  -pthread   conftest.c
configure:12101: $? = 0
configure:12101: result: yes
configure:12101: checking for pa_linux_alsa.h
configure:12101: result: yes
configure:12130: checking CoreAudio/CoreAudio.h usability
configure:12130: gcc -c -g -O2  -pthread   conftest.c >&5
conftest.c:59:33: fatal error: CoreAudio/CoreAudio.h: No such file or directory
compilation terminated.
configure:12130: $? = 1
configure: failed program was:
| /* confdefs.h */
| #define PACKAGE_NAME "PortMixer"
| #define PACKAGE_TARNAME "portmixer"
| #define PACKAGE_VERSION "2.0"
| #define PACKAGE_STRING "PortMixer 2.0"
| #define PACKAGE_BUGREPORT "audacity.sourceforge.net"
| #define PACKAGE_URL ""
| #define PACKAGE "portmixer"
| #define VERSION "2.0"
| #define STDC_HEADERS 1
| #define HAVE_SYS_TYPES_H 1
| #define HAVE_SYS_STAT_H 1
| #define HAVE_STDLIB_H 1
| #define HAVE_STRING_H 1
| #define HAVE_MEMORY_H 1
| #define HAVE_STRINGS_H 1
| #define HAVE_INTTYPES_H 1
| #define HAVE_STDINT_H 1
| #define HAVE_UNISTD_H 1
| #define HAVE_DLFCN_H 1
| #define LT_OBJDIR ".libs/"
| #define STDC_HEADERS 1
| #define HAVE_SYS_SOUNDCARD_H 1
| #define HAVE_LINUX_SOUNDCARD_H 1
| /* end confdefs.h.  */
| #include <stdio.h>
| #ifdef HAVE_SYS_TYPES_H
| # include <sys/types.h>
| #endif
| #ifdef HAVE_SYS_STAT_H
| # include <sys/stat.h>
| #endif
| #ifdef STDC_HEADERS
| # include <stdlib.h>
| # include <stddef.h>
| #else
| # ifdef HAVE_STDLIB_H
| #  include <stdlib.h>
| # endif
| #endif
| #ifdef HAVE_STRING_H
| # if !defined STDC_HEADERS && defined HAVE_MEMORY_H
| #  include <memory.h>
| # endif
| # include <string.h>
| #endif
| #ifdef HAVE_STRINGS_H
| # include <strings.h>
| #endif
| #ifdef HAVE_INTTYPES_H
| # include <inttypes.h>
| #endif
| #ifdef HAVE_STDINT_H
| # include <stdint.h>
| #endif
| #ifdef HAVE_UNISTD_H
| # include <unistd.h>
| #endif
| #include <CoreAudio/CoreAudio.h>
configure:12130: result: no
configure:12130: checking CoreAudio/CoreAudio.h presence
configure:12130: gcc -E  -pthread   conftest.c
conftest.c:26:33: fatal error: CoreAudio/CoreAudio.h: No such file or directory
compilation terminated.
configure:12130: $? = 1
configure: failed program was:
| /* confdefs.h */
| #define PACKAGE_NAME "PortMixer"
| #define PACKAGE_TARNAME "portmixer"
| #define PACKAGE_VERSION "2.0"
| #define PACKAGE_STRING "PortMixer 2.0"
| #define PACKAGE_BUGREPORT "audacity.sourceforge.net"
| #define PACKAGE_URL ""
| #define PACKAGE "portmixer"
| #define VERSION "2.0"
| #define STDC_HEADERS 1
| #define HAVE_SYS_TYPES_H 1
| #define HAVE_SYS_STAT_H 1
| #define HAVE_STDLIB_H 1
| #define HAVE_STRING_H 1
| #define HAVE_MEMORY_H 1
| #define HAVE_STRINGS_H 1
| #define HAVE_INTTYPES_H 1
| #define HAVE_STDINT_H 1
| #define HAVE_UNISTD_H 1
| #define HAVE_DLFCN_H 1
| #define LT_OBJDIR ".libs/"
| #define STDC_HEADERS 1
| #define HAVE_SYS_SOUNDCARD_H 1
| #define HAVE_LINUX_SOUNDCARD_H 1
| /* end confdefs.h.  */
| #include <CoreAudio/CoreAudio.h>
configure:12130: result: no
configure:12130: checking for CoreAudio/CoreAudio.h
configure:12130: result: no
configure:12171: checking windows.h usability
configure:12171: gcc -c -g -O2  -pthread   conftest.c >&5
conftest.c:59:21: fatal error: windows.h: No such file or directory
compilation terminated.
configure:12171: $? = 1
configure: failed program was:
| /* confdefs.h */
| #define PACKAGE_NAME "PortMixer"
| #define PACKAGE_TARNAME "portmixer"
| #define PACKAGE_VERSION "2.0"
| #define PACKAGE_STRING "PortMixer 2.0"
| #define PACKAGE_BUGREPORT "audacity.sourceforge.net"
| #define PACKAGE_URL ""
| #define PACKAGE "portmixer"
| #define VERSION "2.0"
| #define STDC_HEADERS 1
| #define HAVE_SYS_TYPES_H 1
| #define HAVE_SYS_STAT_H 1
| #define HAVE_STDLIB_H 1
| #define HAVE_STRING_H 1
| #define HAVE_MEMORY_H 1
| #define HAVE_STRINGS_H 1
| #define HAVE_INTTYPES_H 1
| #define HAVE_STDINT_H 1
| #define HAVE_UNISTD_H 1
| #define HAVE_DLFCN_H 1
| #define LT_OBJDIR ".libs/"
| #define STDC_HEADERS 1
| #define HAVE_SYS_SOUNDCARD_H 1
| #define HAVE_LINUX_SOUNDCARD_H 1
| /* end confdefs.h.  */
| #include <stdio.h>
| #ifdef HAVE_SYS_TYPES_H
| # include <sys/types.h>
| #endif
| #ifdef HAVE_SYS_STAT_H
| # include <sys/stat.h>
| #endif
| #ifdef STDC_HEADERS
| # include <stdlib.h>
| # include <stddef.h>
| #else
| # ifdef HAVE_STDLIB_H
| #  include <stdlib.h>
| # endif
| #endif
| #ifdef HAVE_STRING_H
| # if !defined STDC_HEADERS && defined HAVE_MEMORY_H
| #  include <memory.h>
| # endif
| # include <string.h>
| #endif
| #ifdef HAVE_STRINGS_H
| # include <strings.h>
| #endif
| #ifdef HAVE_INTTYPES_H
| # include <inttypes.h>
| #endif
| #ifdef HAVE_STDINT_H
| # include <stdint.h>
| #endif
| #ifdef HAVE_UNISTD_H
| # include <unistd.h>
| #endif
| #include <windows.h>
configure:12171: result: no
configure:12171: checking windows.h presence
configure:12171: gcc -E  -pthread   conftest.c
conftest.c:26:21: fatal error: windows.h: No such file or directory
compilation terminated.
configure:12171: $? = 1
configure: failed program was:
| /* confdefs.h */
| #define PACKAGE_NAME "PortMixer"
| #define PACKAGE_TARNAME "portmixer"
| #define PACKAGE_VERSION "2.0"
| #define PACKAGE_STRING "PortMixer 2.0"
| #define PACKAGE_BUGREPORT "audacity.sourceforge.net"
| #define PACKAGE_URL ""
| #define PACKAGE "portmixer"
| #define VERSION "2.0"
| #define STDC_HEADERS 1
| #define HAVE_SYS_TYPES_H 1
| #define HAVE_SYS_STAT_H 1
| #define HAVE_STDLIB_H 1
| #define HAVE_STRING_H 1
| #define HAVE_MEMORY_H 1
| #define HAVE_STRINGS_H 1
| #define HAVE_INTTYPES_H 1
| #define HAVE_STDINT_H 1
| #define HAVE_UNISTD_H 1
| #define HAVE_DLFCN_H 1
| #define LT_OBJDIR ".libs/"
| #define STDC_HEADERS 1
| #define HAVE_SYS_SOUNDCARD_H 1
| #define HAVE_LINUX_SOUNDCARD_H 1
| /* end confdefs.h.  */
| #include <windows.h>
configure:12171: result: no
configure:12171: checking for windows.h
configure:12171: result: no
configure:12233: checking portaudio.h usability
configure:12233: gcc -c -g -O2  -pthread   conftest.c >&5
configure:12233: $? = 0
configure:12233: result: yes
configure:12233: checking portaudio.h presence
configure:12233: gcc -E  -pthread   conftest.c
configure:12233: $? = 0
configure:12233: result: yes
configure:12233: checking for portaudio.h
configure:12233: result: yes
configure:12266: ---------------------------------------
configure:12277: Including support for OSS
configure:12293: Including support for ALSA
configure:12319: ---------------------------------------
configure:12473: checking that generated files are newer than configure
configure:12479: result: done
configure:12518: creating ./config.status

## ---------------------- ##
## Running config.status. ##
## ---------------------- ##

This file was extended by PortMixer config.status 2.0, which was
generated by GNU Autoconf 2.69.  Invocation command line was

  CONFIG_FILES    = 
  CONFIG_HEADERS  = 
  CONFIG_LINKS    = 
  CONFIG_COMMANDS = 
  $ ./config.status 

on justin-OptiPlex-760

config.status:1020: creating Makefile
config.status:1020: creating px_tests/Makefile
config.status:1020: creating src/Makefile
config.status:1192: executing depfiles commands
config.status:1192: executing libtool commands

## ---------------- ##
## Cache variables. ##
## ---------------- ##

ac_cv_build=i686-pc-linux-gnu
ac_cv_c_compiler_gnu=yes
ac_cv_env_CC_set=
ac_cv_env_CC_value=
ac_cv_env_CFLAGS_set=
ac_cv_env_CFLAGS_value=
ac_cv_env_CPPFLAGS_set=
ac_cv_env_CPPFLAGS_value=
ac_cv_env_CPP_set=
ac_cv_env_CPP_value=
ac_cv_env_LDFLAGS_set=
ac_cv_env_LDFLAGS_value=
ac_cv_env_LIBS_set=
ac_cv_env_LIBS_value=
ac_cv_env_PKG_CONFIG_LIBDIR_set=
ac_cv_env_PKG_CONFIG_LIBDIR_value=
ac_cv_env_PKG_CONFIG_PATH_set=
ac_cv_env_PKG_CONFIG_PATH_value=
ac_cv_env_PKG_CONFIG_set=
ac_cv_env_PKG_CONFIG_value=
ac_cv_env_PORTAUDIO_CFLAGS_set=
ac_cv_env_PORTAUDIO_CFLAGS_value=
ac_cv_env_PORTAUDIO_LIBS_set=
ac_cv_env_PORTAUDIO_LIBS_value=
ac_cv_env_build_alias_set=
ac_cv_env_build_alias_value=
ac_cv_env_host_alias_set=
ac_cv_env_host_alias_value=
ac_cv_env_target_alias_set=
ac_cv_env_target_alias_value=
ac_cv_header_CoreAudio_CoreAudio_h=no
ac_cv_header_alsa_asoundlib_h=yes
ac_cv_header_dlfcn_h=yes
ac_cv_header_inttypes_h=yes
ac_cv_header_linux_soundcard_h=yes
ac_cv_header_machine_soundcard_h=no
ac_cv_header_memory_h=yes
ac_cv_header_pa_linux_alsa_h=yes
ac_cv_header_pa_unix_oss_h=yes
ac_cv_header_portaudio_h=yes
ac_cv_header_stdc=yes
ac_cv_header_stdint_h=yes
ac_cv_header_stdlib_h=yes
ac_cv_header_string_h=yes
ac_cv_header_strings_h=yes
ac_cv_header_sys_soundcard_h=yes
ac_cv_header_sys_stat_h=yes
ac_cv_header_sys_types_h=yes
ac_cv_header_unistd_h=yes
ac_cv_header_windows_h=no
ac_cv_host=i686-pc-linux-gnu
ac_cv_objext=o
ac_cv_path_EGREP='/bin/grep -E'
ac_cv_path_FGREP='/bin/grep -F'
ac_cv_path_GREP=/bin/grep
ac_cv_path_SED=/bin/sed
ac_cv_path_ac_pt_PKG_CONFIG=/usr/bin/pkg-config
ac_cv_path_install='/usr/bin/install -c'
ac_cv_path_mkdir=/bin/mkdir
ac_cv_prog_AWK=mawk
ac_cv_prog_CPP='gcc -E'
ac_cv_prog_ac_ct_AR=ar
ac_cv_prog_ac_ct_CC=gcc
ac_cv_prog_ac_ct_MANIFEST_TOOL=mt
ac_cv_prog_ac_ct_OBJDUMP=objdump
ac_cv_prog_ac_ct_RANLIB=ranlib
ac_cv_prog_ac_ct_STRIP=strip
ac_cv_prog_cc_c89=
ac_cv_prog_cc_g=yes
ac_cv_prog_cc_gcc_c_o=yes
ac_cv_prog_make_make_set=yes
am_cv_CC_dependencies_compiler_type=gcc3
am_cv_ar_interface=ar
am_cv_make_support_nested_variables=yes
lt_cv_ar_at_file=@
lt_cv_deplibs_check_method=pass_all
lt_cv_file_magic_cmd='$MAGIC_CMD'
lt_cv_file_magic_test_file=
lt_cv_ld_reload_flag=-r
lt_cv_nm_interface='BSD nm'
lt_cv_objdir=.libs
lt_cv_path_LD=/usr/bin/ld
lt_cv_path_NM='/usr/bin/nm -B'
lt_cv_path_mainfest_tool=no
lt_cv_prog_compiler_c_o=yes
lt_cv_prog_compiler_pic='-fPIC -DPIC'
lt_cv_prog_compiler_pic_works=yes
lt_cv_prog_compiler_rtti_exceptions=no
lt_cv_prog_compiler_static_works=yes
lt_cv_prog_gnu_ld=yes
lt_cv_sharedlib_from_linklib_cmd='printf %s\n'
lt_cv_shlibpath_overrides_runpath=no
lt_cv_sys_global_symbol_pipe='sed -n -e '\''s/^.*[	 ]\([ABCDGIRSTW][ABCDGIRSTW]*\)[	 ][	 ]*\([_A-Za-z][_A-Za-z0-9]*\)$/\1 \2 \2/p'\'' | sed '\''/ __gnu_lto/d'\'''
lt_cv_sys_global_symbol_to_c_name_address='sed -n -e '\''s/^: \([^ ]*\)[ ]*$/  {\"\1\", (void *) 0},/p'\'' -e '\''s/^[ABCDGIRSTW]* \([^ ]*\) \([^ ]*\)$/  {"\2", (void *) \&\2},/p'\'''
lt_cv_sys_global_symbol_to_c_name_address_lib_prefix='sed -n -e '\''s/^: \([^ ]*\)[ ]*$/  {\"\1\", (void *) 0},/p'\'' -e '\''s/^[ABCDGIRSTW]* \([^ ]*\) \(lib[^ ]*\)$/  {"\2", (void *) \&\2},/p'\'' -e '\''s/^[ABCDGIRSTW]* \([^ ]*\) \([^ ]*\)$/  {"lib\2", (void *) \&\2},/p'\'''
lt_cv_sys_global_symbol_to_cdecl='sed -n -e '\''s/^T .* \(.*\)$/extern int \1();/p'\'' -e '\''s/^[ABCDGIRSTW]* .* \(.*\)$/extern char \1;/p'\'''
lt_cv_sys_max_cmd_len=1572864
lt_cv_to_host_file_cmd=func_convert_file_noop
lt_cv_to_tool_file_cmd=func_convert_file_noop
pkg_cv_PORTAUDIO_CFLAGS='-pthread  '
pkg_cv_PORTAUDIO_LIBS='-lportaudio -lasound -lm -lpthread  '

## ----------------- ##
## Output variables. ##
## ----------------- ##

ACLOCAL='${SHELL} /home/justin/audacity-read-only/lib-src/portmixer/autotools/missing aclocal-1.13'
AMDEPBACKSLASH='\'
AMDEP_FALSE='#'
AMDEP_TRUE=''
AMTAR='$${TAR-tar}'
AM_BACKSLASH='\'
AM_DEFAULT_V='$(AM_DEFAULT_VERBOSITY)'
AM_DEFAULT_VERBOSITY='1'
AM_V='$(V)'
AR='ar'
AUTOCONF='${SHELL} /home/justin/audacity-read-only/lib-src/portmixer/autotools/missing autoconf'
AUTOHEADER='${SHELL} /home/justin/audacity-read-only/lib-src/portmixer/autotools/missing autoheader'
AUTOMAKE='${SHELL} /home/justin/audacity-read-only/lib-src/portmixer/autotools/missing automake-1.13'
AWK='mawk'
CC='gcc'
CCDEPMODE='depmode=gcc3'
CFLAGS='-g -O2'
CPP='gcc -E'
CPPFLAGS=''
CYGPATH_W='echo'
DEFS='-DPACKAGE_NAME=\"PortMixer\" -DPACKAGE_TARNAME=\"portmixer\" -DPACKAGE_VERSION=\"2.0\" -DPACKAGE_STRING=\"PortMixer\ 2.0\" -DPACKAGE_BUGREPORT=\"audacity.sourceforge.net\" -DPACKAGE_URL=\"\" -DPACKAGE=\"portmixer\" -DVERSION=\"2.0\" -DSTDC_HEADERS=1 -DHAVE_SYS_TYPES_H=1 -DHAVE_SYS_STAT_H=1 -DHAVE_STDLIB_H=1 -DHAVE_STRING_H=1 -DHAVE_MEMORY_H=1 -DHAVE_STRINGS_H=1 -DHAVE_INTTYPES_H=1 -DHAVE_STDINT_H=1 -DHAVE_UNISTD_H=1 -DHAVE_DLFCN_H=1 -DLT_OBJDIR=\".libs/\" -DSTDC_HEADERS=1 -DHAVE_SYS_SOUNDCARD_H=1 -DHAVE_LINUX_SOUNDCARD_H=1 -DPX_USE_UNIX_OSS=1 -DPX_USE_LINUX_ALSA=1'
DEPDIR='.deps'
DLLTOOL='false'
DSYMUTIL=''
DUMPBIN=''
ECHO_C=''
ECHO_N='-n'
ECHO_T=''
EGREP='/bin/grep -E'
EXEEXT=''
FGREP='/bin/grep -F'
GREP='/bin/grep'
INSTALL_DATA='${INSTALL} -m 644'
INSTALL_PROGRAM='${INSTALL}'
INSTALL_SCRIPT='${INSTALL}'
INSTALL_STRIP_PROGRAM='$(install_sh) -c -s'
LD='/usr/bin/ld'
LDFLAGS=''
LIBOBJS=''
LIBS=''
LIBTOOL='$(SHELL) $(top_builddir)/libtool'
LIPO=''
LN_S='ln -s'
LTLIBOBJS=''
MAINT='#'
MAINTAINER_MODE_FALSE=''
MAINTAINER_MODE_TRUE='#'
MAKEINFO='${SHELL} /home/justin/audacity-read-only/lib-src/portmixer/autotools/missing makeinfo'
MANIFEST_TOOL=':'
MKDIR_P='/bin/mkdir -p'
NM='/usr/bin/nm -B'
NMEDIT=''
OBJDUMP='objdump'
OBJEXT='o'
OTOOL64=''
OTOOL=''
PACKAGE='portmixer'
PACKAGE_BUGREPORT='audacity.sourceforge.net'
PACKAGE_NAME='PortMixer'
PACKAGE_STRING='PortMixer 2.0'
PACKAGE_TARNAME='portmixer'
PACKAGE_URL=''
PACKAGE_VERSION='2.0'
PATH_SEPARATOR=':'
PKG_CONFIG='/usr/bin/pkg-config'
PKG_CONFIG_LIBDIR=''
PKG_CONFIG_PATH=''
PORTAUDIO_CFLAGS='-pthread  '
PORTAUDIO_LIBS='-lportaudio -lasound -lm -lpthread  '
RANLIB='ranlib'
SED='/bin/sed'
SET_MAKE=''
SHELL='/bin/bash'
STRIP='strip'
USE_LINUX_ALSA_FALSE='#'
USE_LINUX_ALSA_TRUE=''
USE_MAC_COREAUDIO_FALSE=''
USE_MAC_COREAUDIO_TRUE='#'
USE_UNIX_OSS_FALSE='#'
USE_UNIX_OSS_TRUE=''
VERSION='2.0'
ac_ct_AR='ar'
ac_ct_CC='gcc'
ac_ct_DUMPBIN=''
am__EXEEXT_FALSE=''
am__EXEEXT_TRUE='#'
am__fastdepCC_FALSE='#'
am__fastdepCC_TRUE=''
am__include='include'
am__isrc=''
am__leading_dot='.'
am__nodep='_no'
am__quote=''
am__tar='$${TAR-tar} chof - "$$tardir"'
am__untar='$${TAR-tar} xf -'
bindir='${exec_prefix}/bin'
build='i686-pc-linux-gnu'
build_alias=''
build_cpu='i686'
build_os='linux-gnu'
build_vendor='pc'
cflags=' -O2'
datadir='${datarootdir}'
datarootdir='${prefix}/share'
docdir='${datarootdir}/doc/${PACKAGE_TARNAME}'
dvidir='${docdir}'
exec_prefix='${prefix}'
host='i686-pc-linux-gnu'
host_alias=''
host_cpu='i686'
host_os='linux-gnu'
host_vendor='pc'
htmldir='${docdir}'
includedir='${prefix}/include'
infodir='${datarootdir}/info'
install_sh='${SHELL} /home/justin/audacity-read-only/lib-src/portmixer/autotools/install-sh'
libdir='${exec_prefix}/lib'
libexecdir='${exec_prefix}/libexec'
localedir='${datarootdir}/locale'
localstatedir='${prefix}/var'
mandir='${datarootdir}/man'
mkdir_p='$(MKDIR_P)'
oldincludedir='/usr/include'
pdfdir='${docdir}'
prefix='/usr/local'
program_transform_name='s,x,x,'
psdir='${docdir}'
sbindir='${exec_prefix}/sbin'
sharedstatedir='${prefix}/com'
sysconfdir='${prefix}/etc'
target_alias=''

## ----------- ##
## confdefs.h. ##
## ----------- ##

/* confdefs.h */
#define PACKAGE_NAME "PortMixer"
#define PACKAGE_TARNAME "portmixer"
#define PACKAGE_VERSION "2.0"
#define PACKAGE_STRING "PortMixer 2.0"
#define PACKAGE_BUGREPORT "audacity.sourceforge.net"
#define PACKAGE_URL ""
#define PACKAGE "portmixer"
#define VERSION "2.0"
#define STDC_HEADERS 1
#define HAVE_SYS_TYPES_H 1
#define HAVE_SYS_STAT_H 1
#define HAVE_STDLIB_H 1
#define HAVE_STRING_H 1
#define HAVE_MEMORY_H 1
#define HAVE_STRINGS_H 1
#define HAVE_INTTYPES_H 1
#define HAVE_STDINT_H 1
#define HAVE_UNISTD_H 1
#define HAVE_DLFCN_H 1
#define LT_OBJDIR ".libs/"
#define STDC_HEADERS 1
#define HAVE_SYS_SOUNDCARD_H 1
#define HAVE_LINUX_SOUNDCARD_H 1
#define PX_USE_UNIX_OSS 1
#define PX_USE_LINUX_ALSA 1

configure: exit 0
