# project sratom (0.4.2) configured on Sun Mar  2 11:50:08 2014 by
# waf 1.7.9 (abi 98, python 20703f0 on linux2)
# using waf --prefix=. --include=. --static --no-shared configure
#
----------------------------------------
Setting top to
/home/justin/audacity-read-only/lib-src/lv2/sratom
----------------------------------------
Setting out to
/home/justin/audacity-read-only/lib-src/lv2/sratom/build
----------------------------------------
Checking for 'gcc' (c compiler)
find program=['gcc', 'cc'] paths=['/usr/lib/lightdm/lightdm', '/usr/local/sbin', '/usr/local/bin', '/usr/sbin', '/usr/bin', '/sbin', '/bin', '/usr/games'] var='CC' -> '/usr/bin/gcc'
find program=['ar'] paths=['/usr/lib/lightdm/lightdm', '/usr/local/sbin', '/usr/local/bin', '/usr/sbin', '/usr/bin', '/sbin', '/bin', '/usr/games'] var='AR' -> '/usr/bin/ar'
/usr/bin/gcc
----------------------------------------
Checking for program pkg-config
/usr/bin/pkg-config
find program=['pkg-config'] paths=['/usr/lib/lightdm/lightdm', '/usr/local/sbin', '/usr/local/bin', '/usr/sbin', '/usr/bin', '/sbin', '/bin', '/usr/games'] var='PKGCONFIG' -> '/usr/bin/pkg-config'
----------------------------------------
Checking for 'lv2' >= 1.0.0
['/usr/bin/pkg-config', '--atleast-version=1.0.0', 'lv2']
['/usr/bin/pkg-config', '--cflags', '--libs', 'lv2']
out: -I./lv2  -L/home/justin/audacity-read-only/lib-src/lv2/lv2/lib -llv2 -ldl  

yes
----------------------------------------
Checking for 'serd-0' >= 0.14.0
['/usr/bin/pkg-config', '--atleast-version=0.14.0', 'serd-0']
['/usr/bin/pkg-config', '--cflags', '--libs', 'serd-0']
out: -I./serd-0  -L/home/justin/audacity-read-only/lib-src/lv2/serd/lib -lserd-0 -ldl  

yes
----------------------------------------
Checking for 'sord-0' >= 0.12.0
['/usr/bin/pkg-config', '--atleast-version=0.12.0', 'sord-0']
['/usr/bin/pkg-config', '--cflags', '--libs', 'sord-0']
out: -I./sord-0  -L/home/justin/audacity-read-only/lib-src/lv2/sord/lib -lsord-0 -ldl  

yes
