This file contains any messages produced by compilers while
running configure, to aid debugging if configure makes a mistake.

It was created by FileDialog configure 1.0, which was
generated by GNU Autoconf 2.69.  Invocation command line was

  $ ./configure --disable-option-checking --prefix=/usr/local/ --with-wx-config=/usr/bin/wx-config --enable-static=yes --enable-shared=no --disable-programs --cache-file=/dev/null --srcdir=.

## --------- ##
## Platform. ##
## --------- ##

hostname = justin-OptiPlex-760
uname -m = i686
uname -r = 3.8.0-29-generic
uname -s = Linux
uname -v = #42~precise1-Ubuntu SMP Wed Aug 14 15:31:16 UTC 2013

/usr/bin/uname -p = unknown
/bin/uname -X     = unknown

/bin/arch              = unknown
/usr/bin/arch -k       = unknown
/usr/convex/getsysinfo = unknown
/usr/bin/hostinfo      = unknown
/bin/machine           = unknown
/usr/bin/oslevel       = unknown
/bin/universe          = unknown

PATH: /usr/lib/lightdm/lightdm
PATH: /usr/local/sbin
PATH: /usr/local/bin
PATH: /usr/sbin
PATH: /usr/bin
PATH: /sbin
PATH: /bin
PATH: /usr/games


## ----------- ##
## Core tests. ##
## ----------- ##

configure:2341: checking for a BSD-compatible install
configure:2409: result: /usr/bin/install -c
configure:2420: checking whether build environment is sane
configure:2475: result: yes
configure:2626: checking for a thread-safe mkdir -p
configure:2665: result: /bin/mkdir -p
configure:2672: checking for gawk
configure:2702: result: no
configure:2672: checking for mawk
configure:2688: found /usr/bin/mawk
configure:2699: result: mawk
configure:2710: checking whether make sets $(MAKE)
configure:2732: result: yes
configure:2761: checking whether make supports nested variables
configure:2778: result: yes
configure:2863: checking whether to enable maintainer-specific portions of Makefiles
configure:2872: result: no
configure:2947: checking for g++
configure:2963: found /usr/bin/g++
configure:2974: result: g++
configure:3001: checking for C++ compiler version
configure:3010: g++ --version >&5
g++ (Ubuntu/Linaro 4.6.3-1ubuntu5) 4.6.3
Copyright (C) 2011 Free Software Foundation, Inc.
This is free software; see the source for copying conditions.  There is NO
warranty; not even for MERCHANTABILITY or FITNESS FOR A PARTICULAR PURPOSE.

configure:3021: $? = 0
configure:3010: g++ -v >&5
Using built-in specs.
COLLECT_GCC=g++
COLLECT_LTO_WRAPPER=/usr/lib/gcc/i686-linux-gnu/4.6/lto-wrapper
Target: i686-linux-gnu
Configured with: ../src/configure -v --with-pkgversion='Ubuntu/Linaro 4.6.3-1ubuntu5' --with-bugurl=file:///usr/share/doc/gcc-4.6/README.Bugs --enable-languages=c,c++,fortran,objc,obj-c++ --prefix=/usr --program-suffix=-4.6 --enable-shared --enable-linker-build-id --with-system-zlib --libexecdir=/usr/lib --without-included-gettext --enable-threads=posix --with-gxx-include-dir=/usr/include/c++/4.6 --libdir=/usr/lib --enable-nls --with-sysroot=/ --enable-clocale=gnu --enable-libstdcxx-debug --enable-libstdcxx-time=yes --enable-gnu-unique-object --enable-plugin --enable-objc-gc --enable-targets=all --disable-werror --with-arch-32=i686 --with-tune=generic --enable-checking=release --build=i686-linux-gnu --host=i686-linux-gnu --target=i686-linux-gnu
Thread model: posix
gcc version 4.6.3 (Ubuntu/Linaro 4.6.3-1ubuntu5) 
configure:3021: $? = 0
configure:3010: g++ -V >&5
g++: error: unrecognized option '-V'
g++: fatal error: no input files
compilation terminated.
configure:3021: $? = 4
configure:3010: g++ -qversion >&5
g++: error: unrecognized option '-qversion'
g++: fatal error: no input files
compilation terminated.
configure:3021: $? = 4
configure:3041: checking whether the C++ compiler works
configure:3063: g++    conftest.cpp  >&5
configure:3067: $? = 0
configure:3115: result: yes
configure:3118: checking for C++ compiler default output file name
configure:3120: result: a.out
configure:3126: checking for suffix of executables
configure:3133: g++ -o conftest    conftest.cpp  >&5
configure:3137: $? = 0
configure:3159: result: 
configure:3181: checking whether we are cross compiling
configure:3189: g++ -o conftest    conftest.cpp  >&5
configure:3193: $? = 0
configure:3200: ./conftest
configure:3204: $? = 0
configure:3219: result: no
configure:3224: checking for suffix of object files
configure:3246: g++ -c   conftest.cpp >&5
configure:3250: $? = 0
configure:3271: result: o
configure:3275: checking whether we are using the GNU C++ compiler
configure:3294: g++ -c   conftest.cpp >&5
configure:3294: $? = 0
configure:3303: result: yes
configure:3312: checking whether g++ accepts -g
configure:3332: g++ -c -g  conftest.cpp >&5
configure:3332: $? = 0
configure:3373: result: yes
configure:3407: checking for style of include used by make
configure:3435: result: GNU
configure:3461: checking dependency style of g++
configure:3572: result: gcc3
configure:3635: checking for gcc
configure:3651: found /usr/bin/gcc
configure:3662: result: gcc
configure:3891: checking for C compiler version
configure:3900: gcc --version >&5
gcc (Ubuntu/Linaro 4.6.3-1ubuntu5) 4.6.3
Copyright (C) 2011 Free Software Foundation, Inc.
This is free software; see the source for copying conditions.  There is NO
warranty; not even for MERCHANTABILITY or FITNESS FOR A PARTICULAR PURPOSE.

configure:3911: $? = 0
configure:3900: gcc -v >&5
Using built-in specs.
COLLECT_GCC=gcc
COLLECT_LTO_WRAPPER=/usr/lib/gcc/i686-linux-gnu/4.6/lto-wrapper
Target: i686-linux-gnu
Configured with: ../src/configure -v --with-pkgversion='Ubuntu/Linaro 4.6.3-1ubuntu5' --with-bugurl=file:///usr/share/doc/gcc-4.6/README.Bugs --enable-languages=c,c++,fortran,objc,obj-c++ --prefix=/usr --program-suffix=-4.6 --enable-shared --enable-linker-build-id --with-system-zlib --libexecdir=/usr/lib --without-included-gettext --enable-threads=posix --with-gxx-include-dir=/usr/include/c++/4.6 --libdir=/usr/lib --enable-nls --with-sysroot=/ --enable-clocale=gnu --enable-libstdcxx-debug --enable-libstdcxx-time=yes --enable-gnu-unique-object --enable-plugin --enable-objc-gc --enable-targets=all --disable-werror --with-arch-32=i686 --with-tune=generic --enable-checking=release --build=i686-linux-gnu --host=i686-linux-gnu --target=i686-linux-gnu
Thread model: posix
gcc version 4.6.3 (Ubuntu/Linaro 4.6.3-1ubuntu5) 
configure:3911: $? = 0
configure:3900: gcc -V >&5
gcc: error: unrecognized option '-V'
gcc: fatal error: no input files
compilation terminated.
configure:3911: $? = 4
configure:3900: gcc -qversion >&5
gcc: error: unrecognized option '-qversion'
gcc: fatal error: no input files
compilation terminated.
configure:3911: $? = 4
configure:3915: checking whether we are using the GNU C compiler
configure:3934: gcc -c   conftest.c >&5
configure:3934: $? = 0
configure:3943: result: yes
configure:3952: checking whether gcc accepts -g
configure:3972: gcc -c -g  conftest.c >&5
configure:3972: $? = 0
configure:4013: result: yes
configure:4030: checking for gcc option to accept ISO C89
configure:4093: gcc  -c -g -O2  conftest.c >&5
configure:4093: $? = 0
configure:4106: result: none needed
configure:4128: checking dependency style of gcc
configure:4239: result: gcc3
configure:4304: checking for ar
configure:4320: found /usr/bin/ar
configure:4331: result: ar
configure:4357: checking the archiver (ar) interface
configure:4367: gcc -c -g -O2  conftest.c >&5
configure:4367: $? = 0
configure:4369: ar cru libconftest.a conftest.o >&5
configure:4372: $? = 0
configure:4395: result: ar
configure:4445: checking build system type
configure:4459: result: i686-pc-linux-gnu
configure:4479: checking host system type
configure:4492: result: i686-pc-linux-gnu
configure:4533: checking how to print strings
configure:4560: result: printf
configure:4581: checking for a sed that does not truncate output
configure:4645: result: /bin/sed
configure:4663: checking for grep that handles long lines and -e
configure:4721: result: /bin/grep
configure:4726: checking for egrep
configure:4788: result: /bin/grep -E
configure:4793: checking for fgrep
configure:4855: result: /bin/grep -F
configure:4890: checking for ld used by gcc
configure:4957: result: /usr/bin/ld
configure:4964: checking if the linker (/usr/bin/ld) is GNU ld
configure:4979: result: yes
configure:4991: checking for BSD- or MS-compatible name lister (nm)
configure:5040: result: /usr/bin/nm -B
configure:5170: checking the name lister (/usr/bin/nm -B) interface
configure:5177: gcc -c -g -O2  conftest.c >&5
configure:5180: /usr/bin/nm -B "conftest.o"
configure:5183: output
00000000 B some_variable
configure:5190: result: BSD nm
configure:5193: checking whether ln -s works
configure:5197: result: yes
configure:5205: checking the maximum length of command line arguments
configure:5336: result: 1572864
configure:5353: checking whether the shell understands some XSI constructs
configure:5363: result: yes
configure:5367: checking whether the shell understands "+="
configure:5373: result: yes
configure:5408: checking how to convert i686-pc-linux-gnu file names to i686-pc-linux-gnu format
configure:5448: result: func_convert_file_noop
configure:5455: checking how to convert i686-pc-linux-gnu file names to toolchain format
configure:5475: result: func_convert_file_noop
configure:5482: checking for /usr/bin/ld option to reload object files
configure:5489: result: -r
configure:5563: checking for objdump
configure:5579: found /usr/bin/objdump
configure:5590: result: objdump
configure:5622: checking how to recognize dependent libraries
configure:5820: result: pass_all
configure:5905: checking for dlltool
configure:5935: result: no
configure:5965: checking how to associate runtime and link libraries
configure:5992: result: printf %s\n
configure:6116: checking for archiver @FILE support
configure:6133: gcc -c -g -O2  conftest.c >&5
configure:6133: $? = 0
configure:6136: ar cru libconftest.a @conftest.lst >&5
configure:6139: $? = 0
configure:6144: ar cru libconftest.a @conftest.lst >&5
ar: conftest.o: No such file or directory
configure:6147: $? = 1
configure:6159: result: @
configure:6217: checking for strip
configure:6233: found /usr/bin/strip
configure:6244: result: strip
configure:6316: checking for ranlib
configure:6332: found /usr/bin/ranlib
configure:6343: result: ranlib
configure:6445: checking command to parse /usr/bin/nm -B output from gcc object
configure:6565: gcc -c -g -O2  conftest.c >&5
configure:6568: $? = 0
configure:6572: /usr/bin/nm -B conftest.o \| sed -n -e 's/^.*[ ]\([ABCDGIRSTW][ABCDGIRSTW]*\)[ ][ ]*\([_A-Za-z][_A-Za-z0-9]*\)$/\1 \2 \2/p' | sed '/ __gnu_lto/d' \> conftest.nm
configure:6575: $? = 0
configure:6641: gcc -o conftest -g -O2   conftest.c conftstm.o >&5
configure:6644: $? = 0
configure:6682: result: ok
configure:6719: checking for sysroot
configure:6749: result: no
configure:7012: checking for mt
configure:7028: found /bin/mt
configure:7039: result: mt
configure:7062: checking if mt is a manifest tool
configure:7068: mt '-?'
configure:7076: result: no
configure:7718: checking how to run the C preprocessor
configure:7749: gcc -E  conftest.c
configure:7749: $? = 0
configure:7763: gcc -E  conftest.c
conftest.c:11:28: fatal error: ac_nonexistent.h: No such file or directory
compilation terminated.
configure:7763: $? = 1
configure: failed program was:
| /* confdefs.h */
| #define PACKAGE_NAME "FileDialog"
| #define PACKAGE_TARNAME "FileDialog"
| #define PACKAGE_VERSION "1.0"
| #define PACKAGE_STRING "FileDialog 1.0"
| #define PACKAGE_BUGREPORT "audacity.sourceforge.net"
| #define PACKAGE_URL ""
| #define PACKAGE "FileDialog"
| #define VERSION "1.0"
| /* end confdefs.h.  */
| #include <ac_nonexistent.h>
configure:7788: result: gcc -E
configure:7808: gcc -E  conftest.c
configure:7808: $? = 0
configure:7822: gcc -E  conftest.c
conftest.c:11:28: fatal error: ac_nonexistent.h: No such file or directory
compilation terminated.
configure:7822: $? = 1
configure: failed program was:
| /* confdefs.h */
| #define PACKAGE_NAME "FileDialog"
| #define PACKAGE_TARNAME "FileDialog"
| #define PACKAGE_VERSION "1.0"
| #define PACKAGE_STRING "FileDialog 1.0"
| #define PACKAGE_BUGREPORT "audacity.sourceforge.net"
| #define PACKAGE_URL ""
| #define PACKAGE "FileDialog"
| #define VERSION "1.0"
| /* end confdefs.h.  */
| #include <ac_nonexistent.h>
configure:7851: checking for ANSI C header files
configure:7871: gcc -c -g -O2  conftest.c >&5
configure:7871: $? = 0
configure:7944: gcc -o conftest -g -O2   conftest.c  >&5
configure:7944: $? = 0
configure:7944: ./conftest
configure:7944: $? = 0
configure:7955: result: yes
configure:7968: checking for sys/types.h
configure:7968: gcc -c -g -O2  conftest.c >&5
configure:7968: $? = 0
configure:7968: result: yes
configure:7968: checking for sys/stat.h
configure:7968: gcc -c -g -O2  conftest.c >&5
configure:7968: $? = 0
configure:7968: result: yes
configure:7968: checking for stdlib.h
configure:7968: gcc -c -g -O2  conftest.c >&5
configure:7968: $? = 0
configure:7968: result: yes
configure:7968: checking for string.h
configure:7968: gcc -c -g -O2  conftest.c >&5
configure:7968: $? = 0
configure:7968: result: yes
configure:7968: checking for memory.h
configure:7968: gcc -c -g -O2  conftest.c >&5
configure:7968: $? = 0
configure:7968: result: yes
configure:7968: checking for strings.h
configure:7968: gcc -c -g -O2  conftest.c >&5
configure:7968: $? = 0
configure:7968: result: yes
configure:7968: checking for inttypes.h
configure:7968: gcc -c -g -O2  conftest.c >&5
configure:7968: $? = 0
configure:7968: result: yes
configure:7968: checking for stdint.h
configure:7968: gcc -c -g -O2  conftest.c >&5
configure:7968: $? = 0
configure:7968: result: yes
configure:7968: checking for unistd.h
configure:7968: gcc -c -g -O2  conftest.c >&5
configure:7968: $? = 0
configure:7968: result: yes
configure:7982: checking for dlfcn.h
configure:7982: gcc -c -g -O2  conftest.c >&5
configure:7982: $? = 0
configure:7982: result: yes
configure:8199: checking for objdir
configure:8214: result: .libs
configure:8485: checking if gcc supports -fno-rtti -fno-exceptions
configure:8503: gcc -c -g -O2  -fno-rtti -fno-exceptions conftest.c >&5
cc1: warning: command line option '-fno-rtti' is valid for C++/ObjC++ but not for C [enabled by default]
configure:8507: $? = 0
configure:8520: result: no
configure:8847: checking for gcc option to produce PIC
configure:8854: result: -fPIC -DPIC
configure:8862: checking if gcc PIC flag -fPIC -DPIC works
configure:8880: gcc -c -g -O2  -fPIC -DPIC -DPIC conftest.c >&5
configure:8884: $? = 0
configure:8897: result: yes
configure:8926: checking if gcc static flag -static works
configure:8954: result: yes
configure:8969: checking if gcc supports -c -o file.o
configure:8990: gcc -c -g -O2  -o out/conftest2.o conftest.c >&5
configure:8994: $? = 0
configure:9016: result: yes
configure:9024: checking if gcc supports -c -o file.o
configure:9071: result: yes
configure:9104: checking whether the gcc linker (/usr/bin/ld) supports shared libraries
configure:10261: result: yes
configure:10501: checking dynamic linker characteristics
configure:11001: gcc -o conftest -g -O2   -Wl,-rpath -Wl,/foo conftest.c  >&5
configure:11001: $? = 0
configure:11235: result: GNU/Linux ld.so
configure:11342: checking how to hardcode library paths into programs
configure:11367: result: immediate
configure:11907: checking whether stripping libraries is possible
configure:11912: result: yes
configure:11947: checking if libtool supports shared libraries
configure:11949: result: yes
configure:11952: checking whether to build shared libraries
configure:11973: result: no
configure:11976: checking whether to build static libraries
configure:11980: result: yes
configure:12003: checking how to run the C++ preprocessor
configure:12030: g++ -E  conftest.cpp
configure:12030: $? = 0
configure:12044: g++ -E  conftest.cpp
conftest.cpp:23:28: fatal error: ac_nonexistent.h: No such file or directory
compilation terminated.
configure:12044: $? = 1
configure: failed program was:
| /* confdefs.h */
| #define PACKAGE_NAME "FileDialog"
| #define PACKAGE_TARNAME "FileDialog"
| #define PACKAGE_VERSION "1.0"
| #define PACKAGE_STRING "FileDialog 1.0"
| #define PACKAGE_BUGREPORT "audacity.sourceforge.net"
| #define PACKAGE_URL ""
| #define PACKAGE "FileDialog"
| #define VERSION "1.0"
| #define STDC_HEADERS 1
| #define HAVE_SYS_TYPES_H 1
| #define HAVE_SYS_STAT_H 1
| #define HAVE_STDLIB_H 1
| #define HAVE_STRING_H 1
| #define HAVE_MEMORY_H 1
| #define HAVE_STRINGS_H 1
| #define HAVE_INTTYPES_H 1
| #define HAVE_STDINT_H 1
| #define HAVE_UNISTD_H 1
| #define HAVE_DLFCN_H 1
| #define LT_OBJDIR ".libs/"
| /* end confdefs.h.  */
| #include <ac_nonexistent.h>
configure:12069: result: g++ -E
configure:12089: g++ -E  conftest.cpp
configure:12089: $? = 0
configure:12103: g++ -E  conftest.cpp
conftest.cpp:23:28: fatal error: ac_nonexistent.h: No such file or directory
compilation terminated.
configure:12103: $? = 1
configure: failed program was:
| /* confdefs.h */
| #define PACKAGE_NAME "FileDialog"
| #define PACKAGE_TARNAME "FileDialog"
| #define PACKAGE_VERSION "1.0"
| #define PACKAGE_STRING "FileDialog 1.0"
| #define PACKAGE_BUGREPORT "audacity.sourceforge.net"
| #define PACKAGE_URL ""
| #define PACKAGE "FileDialog"
| #define VERSION "1.0"
| #define STDC_HEADERS 1
| #define HAVE_SYS_TYPES_H 1
| #define HAVE_SYS_STAT_H 1
| #define HAVE_STDLIB_H 1
| #define HAVE_STRING_H 1
| #define HAVE_MEMORY_H 1
| #define HAVE_STRINGS_H 1
| #define HAVE_INTTYPES_H 1
| #define HAVE_STDINT_H 1
| #define HAVE_UNISTD_H 1
| #define HAVE_DLFCN_H 1
| #define LT_OBJDIR ".libs/"
| /* end confdefs.h.  */
| #include <ac_nonexistent.h>
configure:12272: checking for ld used by g++
configure:12339: result: /usr/bin/ld
configure:12346: checking if the linker (/usr/bin/ld) is GNU ld
configure:12361: result: yes
configure:12416: checking whether the g++ linker (/usr/bin/ld) supports shared libraries
configure:13418: result: yes
configure:13454: g++ -c -g -O2  conftest.cpp >&5
configure:13457: $? = 0
configure:13977: checking for g++ option to produce PIC
configure:13984: result: -fPIC -DPIC
configure:13992: checking if g++ PIC flag -fPIC -DPIC works
configure:14010: g++ -c -g -O2  -fPIC -DPIC -DPIC conftest.cpp >&5
configure:14014: $? = 0
configure:14027: result: yes
configure:14050: checking if g++ static flag -static works
configure:14078: result: yes
configure:14090: checking if g++ supports -c -o file.o
configure:14111: g++ -c -g -O2  -o out/conftest2.o conftest.cpp >&5
configure:14115: $? = 0
configure:14137: result: yes
configure:14142: checking if g++ supports -c -o file.o
configure:14189: result: yes
configure:14219: checking whether the g++ linker (/usr/bin/ld) supports shared libraries
configure:14258: result: yes
configure:14399: checking dynamic linker characteristics
configure:15067: result: GNU/Linux ld.so
configure:15120: checking how to hardcode library paths into programs
configure:15145: result: immediate
configure:15210: checking for ANSI C header files
configure:15314: result: yes
configure:15370: checking for wx-config
configure:15389: found /usr/bin/wx-config
configure:15402: result: /usr/bin/wx-config
configure:15475: checking for pkg-config
configure:15493: found /usr/bin/pkg-config
configure:15505: result: /usr/bin/pkg-config
configure:15530: checking pkg-config is at least version 0.9.0
configure:15533: result: yes
configure:15543: checking for GTK
configure:15550: $PKG_CONFIG --exists --print-errors "gtk+-2.0"
configure:15553: $? = 0
configure:15567: $PKG_CONFIG --exists --print-errors "gtk+-2.0"
configure:15570: $? = 0
configure:15608: result: yes
configure:15789: checking that generated files are newer than configure
configure:15795: result: done
configure:15842: creating ./config.status

## ---------------------- ##
## Running config.status. ##
## ---------------------- ##

This file was extended by FileDialog config.status 1.0, which was
generated by GNU Autoconf 2.69.  Invocation command line was

  CONFIG_FILES    = 
  CONFIG_HEADERS  = 
  CONFIG_LINKS    = 
  CONFIG_COMMANDS = 
  $ ./config.status 

on justin-OptiPlex-760

config.status:1169: creating FileDialogPrivate.h
config.status:1169: creating Makefile
config.status:1169: creating config.h
config.status:1398: executing depfiles commands
config.status:1398: executing libtool commands

## ---------------- ##
## Cache variables. ##
## ---------------- ##

ac_cv_build=i686-pc-linux-gnu
ac_cv_c_compiler_gnu=yes
ac_cv_cxx_compiler_gnu=yes
ac_cv_env_CCC_set=
ac_cv_env_CCC_value=
ac_cv_env_CC_set=
ac_cv_env_CC_value=
ac_cv_env_CFLAGS_set=
ac_cv_env_CFLAGS_value=
ac_cv_env_CPPFLAGS_set=
ac_cv_env_CPPFLAGS_value=
ac_cv_env_CPP_set=
ac_cv_env_CPP_value=
ac_cv_env_CXXCPP_set=
ac_cv_env_CXXCPP_value=
ac_cv_env_CXXFLAGS_set=
ac_cv_env_CXXFLAGS_value=
ac_cv_env_CXX_set=
ac_cv_env_CXX_value=
ac_cv_env_GTK_CFLAGS_set=
ac_cv_env_GTK_CFLAGS_value=
ac_cv_env_GTK_LIBS_set=
ac_cv_env_GTK_LIBS_value=
ac_cv_env_LDFLAGS_set=
ac_cv_env_LDFLAGS_value=
ac_cv_env_LIBS_set=
ac_cv_env_LIBS_value=
ac_cv_env_PKG_CONFIG_LIBDIR_set=
ac_cv_env_PKG_CONFIG_LIBDIR_value=
ac_cv_env_PKG_CONFIG_PATH_set=
ac_cv_env_PKG_CONFIG_PATH_value=
ac_cv_env_PKG_CONFIG_set=
ac_cv_env_PKG_CONFIG_value=
ac_cv_env_build_alias_set=
ac_cv_env_build_alias_value=
ac_cv_env_host_alias_set=
ac_cv_env_host_alias_value=
ac_cv_env_target_alias_set=
ac_cv_env_target_alias_value=
ac_cv_header_dlfcn_h=yes
ac_cv_header_inttypes_h=yes
ac_cv_header_memory_h=yes
ac_cv_header_stdc=yes
ac_cv_header_stdint_h=yes
ac_cv_header_stdlib_h=yes
ac_cv_header_string_h=yes
ac_cv_header_strings_h=yes
ac_cv_header_sys_stat_h=yes
ac_cv_header_sys_types_h=yes
ac_cv_header_unistd_h=yes
ac_cv_host=i686-pc-linux-gnu
ac_cv_objext=o
ac_cv_path_EGREP='/bin/grep -E'
ac_cv_path_FGREP='/bin/grep -F'
ac_cv_path_GREP=/bin/grep
ac_cv_path_SED=/bin/sed
ac_cv_path_WX_CONFIG=/usr/bin/wx-config
ac_cv_path_ac_pt_PKG_CONFIG=/usr/bin/pkg-config
ac_cv_path_install='/usr/bin/install -c'
ac_cv_path_mkdir=/bin/mkdir
ac_cv_prog_AWK=mawk
ac_cv_prog_CPP='gcc -E'
ac_cv_prog_CXXCPP='g++ -E'
ac_cv_prog_ac_ct_AR=ar
ac_cv_prog_ac_ct_CC=gcc
ac_cv_prog_ac_ct_CXX=g++
ac_cv_prog_ac_ct_MANIFEST_TOOL=mt
ac_cv_prog_ac_ct_OBJDUMP=objdump
ac_cv_prog_ac_ct_RANLIB=ranlib
ac_cv_prog_ac_ct_STRIP=strip
ac_cv_prog_cc_c89=
ac_cv_prog_cc_g=yes
ac_cv_prog_cxx_g=yes
ac_cv_prog_make_make_set=yes
am_cv_CC_dependencies_compiler_type=gcc3
am_cv_CXX_dependencies_compiler_type=gcc3
am_cv_ar_interface=ar
am_cv_make_support_nested_variables=yes
lt_cv_ar_at_file=@
lt_cv_deplibs_check_method=pass_all
lt_cv_file_magic_cmd='$MAGIC_CMD'
lt_cv_file_magic_test_file=
lt_cv_ld_reload_flag=-r
lt_cv_nm_interface='BSD nm'
lt_cv_objdir=.libs
lt_cv_path_LD=/usr/bin/ld
lt_cv_path_LDCXX=/usr/bin/ld
lt_cv_path_NM='/usr/bin/nm -B'
lt_cv_path_mainfest_tool=no
lt_cv_prog_compiler_c_o=yes
lt_cv_prog_compiler_c_o_CXX=yes
lt_cv_prog_compiler_pic='-fPIC -DPIC'
lt_cv_prog_compiler_pic_CXX='-fPIC -DPIC'
lt_cv_prog_compiler_pic_works=yes
lt_cv_prog_compiler_pic_works_CXX=yes
lt_cv_prog_compiler_rtti_exceptions=no
lt_cv_prog_compiler_static_works=yes
lt_cv_prog_compiler_static_works_CXX=yes
lt_cv_prog_gnu_ld=yes
lt_cv_prog_gnu_ldcxx=yes
lt_cv_sharedlib_from_linklib_cmd='printf %s\n'
lt_cv_shlibpath_overrides_runpath=no
lt_cv_sys_global_symbol_pipe='sed -n -e '\''s/^.*[	 ]\([ABCDGIRSTW][ABCDGIRSTW]*\)[	 ][	 ]*\([_A-Za-z][_A-Za-z0-9]*\)$/\1 \2 \2/p'\'' | sed '\''/ __gnu_lto/d'\'''
lt_cv_sys_global_symbol_to_c_name_address='sed -n -e '\''s/^: \([^ ]*\)[ ]*$/  {\"\1\", (void *) 0},/p'\'' -e '\''s/^[ABCDGIRSTW]* \([^ ]*\) \([^ ]*\)$/  {"\2", (void *) \&\2},/p'\'''
lt_cv_sys_global_symbol_to_c_name_address_lib_prefix='sed -n -e '\''s/^: \([^ ]*\)[ ]*$/  {\"\1\", (void *) 0},/p'\'' -e '\''s/^[ABCDGIRSTW]* \([^ ]*\) \(lib[^ ]*\)$/  {"\2", (void *) \&\2},/p'\'' -e '\''s/^[ABCDGIRSTW]* \([^ ]*\) \([^ ]*\)$/  {"lib\2", (void *) \&\2},/p'\'''
lt_cv_sys_global_symbol_to_cdecl='sed -n -e '\''s/^T .* \(.*\)$/extern int \1();/p'\'' -e '\''s/^[ABCDGIRSTW]* .* \(.*\)$/extern char \1;/p'\'''
lt_cv_sys_max_cmd_len=1572864
lt_cv_to_host_file_cmd=func_convert_file_noop
lt_cv_to_tool_file_cmd=func_convert_file_noop
pkg_cv_GTK_CFLAGS='-pthread -I/usr/include/gtk-2.0 -I/usr/lib/i386-linux-gnu/gtk-2.0/include -I/usr/include/atk-1.0 -I/usr/include/cairo -I/usr/include/gdk-pixbuf-2.0 -I/usr/include/pango-1.0 -I/usr/include/gio-unix-2.0/ -I/usr/include/glib-2.0 -I/usr/lib/i386-linux-gnu/glib-2.0/include -I/usr/include/pixman-1 -I/usr/include/freetype2 -I/usr/include/libpng12  '
pkg_cv_GTK_LIBS='-lgtk-x11-2.0 -lgdk-x11-2.0 -latk-1.0 -lgio-2.0 -lpangoft2-1.0 -lpangocairo-1.0 -lgdk_pixbuf-2.0 -lcairo -lpango-1.0 -lfreetype -lfontconfig -lgobject-2.0 -lglib-2.0  '

## ----------------- ##
## Output variables. ##
## ----------------- ##

ACLOCAL='${SHELL} /home/justin/audacity-read-only/lib-src/FileDialog/autotools/missing aclocal-1.13'
AMDEPBACKSLASH='\'
AMDEP_FALSE='#'
AMDEP_TRUE=''
AMTAR='$${TAR-tar}'
AM_BACKSLASH='\'
AM_DEFAULT_V='$(AM_DEFAULT_VERBOSITY)'
AM_DEFAULT_VERBOSITY='1'
AM_V='$(V)'
AR='ar'
AUTOCONF='${SHELL} /home/justin/audacity-read-only/lib-src/FileDialog/autotools/missing autoconf'
AUTOHEADER='${SHELL} /home/justin/audacity-read-only/lib-src/FileDialog/autotools/missing autoheader'
AUTOMAKE='${SHELL} /home/justin/audacity-read-only/lib-src/FileDialog/autotools/missing automake-1.13'
AWK='mawk'
CC='gcc'
CCDEPMODE='depmode=gcc3'
CFLAGS='-g -O2'
CPP='gcc -E'
CPPFLAGS=''
CXX='g++'
CXXCPP='g++ -E'
CXXDEPMODE='depmode=gcc3'
CXXFLAGS='-g -O2'
CYGPATH_W='echo'
DEFS='-DHAVE_CONFIG_H'
DEPDIR='.deps'
DLLTOOL='false'
DSYMUTIL=''
DUMPBIN=''
ECHO_C=''
ECHO_N='-n'
ECHO_T=''
EGREP='/bin/grep -E'
EXEEXT=''
FGREP='/bin/grep -F'
GENERIC_FALSE=''
GENERIC_TRUE='#'
GREP='/bin/grep'
GTK_CFLAGS='-pthread -I/usr/include/gtk-2.0 -I/usr/lib/i386-linux-gnu/gtk-2.0/include -I/usr/include/atk-1.0 -I/usr/include/cairo -I/usr/include/gdk-pixbuf-2.0 -I/usr/include/pango-1.0 -I/usr/include/gio-unix-2.0/ -I/usr/include/glib-2.0 -I/usr/lib/i386-linux-gnu/glib-2.0/include -I/usr/include/pixman-1 -I/usr/include/freetype2 -I/usr/include/libpng12  '
GTK_FALSE='#'
GTK_LIBS='-lgtk-x11-2.0 -lgdk-x11-2.0 -latk-1.0 -lgio-2.0 -lpangoft2-1.0 -lpangocairo-1.0 -lgdk_pixbuf-2.0 -lcairo -lpango-1.0 -lfreetype -lfontconfig -lgobject-2.0 -lglib-2.0  '
GTK_TRUE=''
IMPLEMENTATION='gtk'
INSTALL_DATA='${INSTALL} -m 644'
INSTALL_PROGRAM='${INSTALL}'
INSTALL_SCRIPT='${INSTALL}'
INSTALL_STRIP_PROGRAM='$(install_sh) -c -s'
LD='/usr/bin/ld'
LDFLAGS=''
LIBOBJS=''
LIBS=''
LIBTOOL='$(SHELL) $(top_builddir)/libtool'
LIPO=''
LN_S='ln -s'
LTLIBOBJS=''
MAC_FALSE=''
MAC_TRUE='#'
MAINT='#'
MAINTAINER_MODE_FALSE=''
MAINTAINER_MODE_TRUE='#'
MAKEINFO='${SHELL} /home/justin/audacity-read-only/lib-src/FileDialog/autotools/missing makeinfo'
MANIFEST_TOOL=':'
MKDIR_P='/bin/mkdir -p'
NM='/usr/bin/nm -B'
NMEDIT=''
OBJDUMP='objdump'
OBJEXT='o'
OTOOL64=''
OTOOL=''
PACKAGE='FileDialog'
PACKAGE_BUGREPORT='audacity.sourceforge.net'
PACKAGE_NAME='FileDialog'
PACKAGE_STRING='FileDialog 1.0'
PACKAGE_TARNAME='FileDialog'
PACKAGE_URL=''
PACKAGE_VERSION='1.0'
PATH_SEPARATOR=':'
PKG_CONFIG='/usr/bin/pkg-config'
PKG_CONFIG_LIBDIR=''
PKG_CONFIG_PATH=''
RANLIB='ranlib'
SED='/bin/sed'
SET_MAKE=''
SHELL='/bin/bash'
STRIP='strip'
VERSION='1.0'
WINDOWS_FALSE=''
WINDOWS_TRUE='#'
WX_CONFIG='/usr/bin/wx-config'
WX_CXXFLAGS='-I/usr/lib/i386-linux-gnu/wx/include/gtk2-unicode-release-2.8 -I/usr/include/wx-2.8 -D_FILE_OFFSET_BITS=64 -D_LARGE_FILES -D__WXGTK__ -pthread'
WX_LIBS=''
ac_ct_AR='ar'
ac_ct_CC='gcc'
ac_ct_CXX='g++'
ac_ct_DUMPBIN=''
am__EXEEXT_FALSE=''
am__EXEEXT_TRUE='#'
am__fastdepCC_FALSE='#'
am__fastdepCC_TRUE=''
am__fastdepCXX_FALSE='#'
am__fastdepCXX_TRUE=''
am__include='include'
am__isrc=''
am__leading_dot='.'
am__nodep='_no'
am__quote=''
am__tar='$${TAR-tar} chof - "$$tardir"'
am__untar='$${TAR-tar} xf -'
bindir='${exec_prefix}/bin'
build='i686-pc-linux-gnu'
build_alias=''
build_cpu='i686'
build_os='linux-gnu'
build_vendor='pc'
datadir='${datarootdir}'
datarootdir='${prefix}/share'
docdir='${datarootdir}/doc/${PACKAGE_TARNAME}'
dvidir='${docdir}'
exec_prefix='${prefix}'
host='i686-pc-linux-gnu'
host_alias=''
host_cpu='i686'
host_os='linux-gnu'
host_vendor='pc'
htmldir='${docdir}'
includedir='${prefix}/include'
infodir='${datarootdir}/info'
install_sh='${SHELL} /home/justin/audacity-read-only/lib-src/FileDialog/autotools/install-sh'
libdir='${exec_prefix}/lib'
libexecdir='${exec_prefix}/libexec'
localedir='${datarootdir}/locale'
localstatedir='${prefix}/var'
mandir='${datarootdir}/man'
mkdir_p='$(MKDIR_P)'
oldincludedir='/usr/include'
pdfdir='${docdir}'
prefix='/usr/local'
program_transform_name='s,x,x,'
psdir='${docdir}'
sbindir='${exec_prefix}/sbin'
sharedstatedir='${prefix}/com'
sysconfdir='${prefix}/etc'
target_alias=''

## ----------- ##
## confdefs.h. ##
## ----------- ##

/* confdefs.h */
#define PACKAGE_NAME "FileDialog"
#define PACKAGE_TARNAME "FileDialog"
#define PACKAGE_VERSION "1.0"
#define PACKAGE_STRING "FileDialog 1.0"
#define PACKAGE_BUGREPORT "audacity.sourceforge.net"
#define PACKAGE_URL ""
#define PACKAGE "FileDialog"
#define VERSION "1.0"
#define STDC_HEADERS 1
#define HAVE_SYS_TYPES_H 1
#define HAVE_SYS_STAT_H 1
#define HAVE_STDLIB_H 1
#define HAVE_STRING_H 1
#define HAVE_MEMORY_H 1
#define HAVE_STRINGS_H 1
#define HAVE_INTTYPES_H 1
#define HAVE_STDINT_H 1
#define HAVE_UNISTD_H 1
#define HAVE_DLFCN_H 1
#define LT_OBJDIR ".libs/"
#define STDC_HEADERS 1
#define HAVE_GTK 1

configure: exit 0
