This file contains any messages produced by compilers while
running configure, to aid debugging if configure makes a mistake.

It was created by libwidgetextra configure 1.0, which was
generated by GNU Autoconf 2.69.  Invocation command line was

  $ ./configure --disable-option-checking --prefix=/usr/local/ --with-wx-config=/usr/bin/wx-config --enable-static=yes --enable-shared=no --disable-programs --cache-file=/dev/null --srcdir=.

## --------- ##
## Platform. ##
## --------- ##

hostname = justin-OptiPlex-760
uname -m = i686
uname -r = 3.8.0-29-generic
uname -s = Linux
uname -v = #42~precise1-Ubuntu SMP Wed Aug 14 15:31:16 UTC 2013

/usr/bin/uname -p = unknown
/bin/uname -X     = unknown

/bin/arch              = unknown
/usr/bin/arch -k       = unknown
/usr/convex/getsysinfo = unknown
/usr/bin/hostinfo      = unknown
/bin/machine           = unknown
/usr/bin/oslevel       = unknown
/bin/universe          = unknown

PATH: /usr/lib/lightdm/lightdm
PATH: /usr/local/sbin
PATH: /usr/local/bin
PATH: /usr/sbin
PATH: /usr/bin
PATH: /sbin
PATH: /bin
PATH: /usr/games


## ----------- ##
## Core tests. ##
## ----------- ##

configure:2364: checking for a BSD-compatible install
configure:2432: result: /usr/bin/install -c
configure:2443: checking whether build environment is sane
configure:2498: result: yes
configure:2649: checking for a thread-safe mkdir -p
configure:2688: result: /bin/mkdir -p
configure:2695: checking for gawk
configure:2725: result: no
configure:2695: checking for mawk
configure:2711: found /usr/bin/mawk
configure:2722: result: mawk
configure:2733: checking whether make sets $(MAKE)
configure:2755: result: yes
configure:2784: checking whether make supports nested variables
configure:2801: result: yes
configure:2886: checking whether to enable maintainer-specific portions of Makefiles
configure:2895: result: no
configure:2921: checking for style of include used by make
configure:2949: result: GNU
configure:3020: checking for gcc
configure:3036: found /usr/bin/gcc
configure:3047: result: gcc
configure:3276: checking for C compiler version
configure:3285: gcc --version >&5
gcc (Ubuntu/Linaro 4.6.3-1ubuntu5) 4.6.3
Copyright (C) 2011 Free Software Foundation, Inc.
This is free software; see the source for copying conditions.  There is NO
warranty; not even for MERCHANTABILITY or FITNESS FOR A PARTICULAR PURPOSE.

configure:3296: $? = 0
configure:3285: gcc -v >&5
Using built-in specs.
COLLECT_GCC=gcc
COLLECT_LTO_WRAPPER=/usr/lib/gcc/i686-linux-gnu/4.6/lto-wrapper
Target: i686-linux-gnu
Configured with: ../src/configure -v --with-pkgversion='Ubuntu/Linaro 4.6.3-1ubuntu5' --with-bugurl=file:///usr/share/doc/gcc-4.6/README.Bugs --enable-languages=c,c++,fortran,objc,obj-c++ --prefix=/usr --program-suffix=-4.6 --enable-shared --enable-linker-build-id --with-system-zlib --libexecdir=/usr/lib --without-included-gettext --enable-threads=posix --with-gxx-include-dir=/usr/include/c++/4.6 --libdir=/usr/lib --enable-nls --with-sysroot=/ --enable-clocale=gnu --enable-libstdcxx-debug --enable-libstdcxx-time=yes --enable-gnu-unique-object --enable-plugin --enable-objc-gc --enable-targets=all --disable-werror --with-arch-32=i686 --with-tune=generic --enable-checking=release --build=i686-linux-gnu --host=i686-linux-gnu --target=i686-linux-gnu
Thread model: posix
gcc version 4.6.3 (Ubuntu/Linaro 4.6.3-1ubuntu5) 
configure:3296: $? = 0
configure:3285: gcc -V >&5
gcc: error: unrecognized option '-V'
gcc: fatal error: no input files
compilation terminated.
configure:3296: $? = 4
configure:3285: gcc -qversion >&5
gcc: error: unrecognized option '-qversion'
gcc: fatal error: no input files
compilation terminated.
configure:3296: $? = 4
configure:3316: checking whether the C compiler works
configure:3338: gcc    conftest.c  >&5
configure:3342: $? = 0
configure:3390: result: yes
configure:3393: checking for C compiler default output file name
configure:3395: result: a.out
configure:3401: checking for suffix of executables
configure:3408: gcc -o conftest    conftest.c  >&5
configure:3412: $? = 0
configure:3434: result: 
configure:3456: checking whether we are cross compiling
configure:3464: gcc -o conftest    conftest.c  >&5
configure:3468: $? = 0
configure:3475: ./conftest
configure:3479: $? = 0
configure:3494: result: no
configure:3499: checking for suffix of object files
configure:3521: gcc -c   conftest.c >&5
configure:3525: $? = 0
configure:3546: result: o
configure:3550: checking whether we are using the GNU C compiler
configure:3569: gcc -c   conftest.c >&5
configure:3569: $? = 0
configure:3578: result: yes
configure:3587: checking whether gcc accepts -g
configure:3607: gcc -c -g  conftest.c >&5
configure:3607: $? = 0
configure:3648: result: yes
configure:3665: checking for gcc option to accept ISO C89
configure:3728: gcc  -c -g -O2  conftest.c >&5
configure:3728: $? = 0
configure:3741: result: none needed
configure:3763: checking dependency style of gcc
configure:3874: result: gcc3
configure:3939: checking for ar
configure:3955: found /usr/bin/ar
configure:3966: result: ar
configure:3992: checking the archiver (ar) interface
configure:4002: gcc -c -g -O2  conftest.c >&5
configure:4002: $? = 0
configure:4004: ar cru libconftest.a conftest.o >&5
configure:4007: $? = 0
configure:4030: result: ar
configure:4079: checking build system type
configure:4093: result: i686-pc-linux-gnu
configure:4113: checking host system type
configure:4126: result: i686-pc-linux-gnu
configure:4167: checking how to print strings
configure:4194: result: printf
configure:4215: checking for a sed that does not truncate output
configure:4279: result: /bin/sed
configure:4297: checking for grep that handles long lines and -e
configure:4355: result: /bin/grep
configure:4360: checking for egrep
configure:4422: result: /bin/grep -E
configure:4427: checking for fgrep
configure:4489: result: /bin/grep -F
configure:4524: checking for ld used by gcc
configure:4591: result: /usr/bin/ld
configure:4598: checking if the linker (/usr/bin/ld) is GNU ld
configure:4613: result: yes
configure:4625: checking for BSD- or MS-compatible name lister (nm)
configure:4674: result: /usr/bin/nm -B
configure:4804: checking the name lister (/usr/bin/nm -B) interface
configure:4811: gcc -c -g -O2  conftest.c >&5
configure:4814: /usr/bin/nm -B "conftest.o"
configure:4817: output
00000000 B some_variable
configure:4824: result: BSD nm
configure:4827: checking whether ln -s works
configure:4831: result: yes
configure:4839: checking the maximum length of command line arguments
configure:4970: result: 1572864
configure:4987: checking whether the shell understands some XSI constructs
configure:4997: result: yes
configure:5001: checking whether the shell understands "+="
configure:5007: result: yes
configure:5042: checking how to convert i686-pc-linux-gnu file names to i686-pc-linux-gnu format
configure:5082: result: func_convert_file_noop
configure:5089: checking how to convert i686-pc-linux-gnu file names to toolchain format
configure:5109: result: func_convert_file_noop
configure:5116: checking for /usr/bin/ld option to reload object files
configure:5123: result: -r
configure:5197: checking for objdump
configure:5213: found /usr/bin/objdump
configure:5224: result: objdump
configure:5256: checking how to recognize dependent libraries
configure:5454: result: pass_all
configure:5539: checking for dlltool
configure:5569: result: no
configure:5599: checking how to associate runtime and link libraries
configure:5626: result: printf %s\n
configure:5750: checking for archiver @FILE support
configure:5767: gcc -c -g -O2  conftest.c >&5
configure:5767: $? = 0
configure:5770: ar cru libconftest.a @conftest.lst >&5
configure:5773: $? = 0
configure:5778: ar cru libconftest.a @conftest.lst >&5
ar: conftest.o: No such file or directory
configure:5781: $? = 1
configure:5793: result: @
configure:5851: checking for strip
configure:5867: found /usr/bin/strip
configure:5878: result: strip
configure:5950: checking for ranlib
configure:5966: found /usr/bin/ranlib
configure:5977: result: ranlib
configure:6079: checking command to parse /usr/bin/nm -B output from gcc object
configure:6199: gcc -c -g -O2  conftest.c >&5
configure:6202: $? = 0
configure:6206: /usr/bin/nm -B conftest.o \| sed -n -e 's/^.*[ ]\([ABCDGIRSTW][ABCDGIRSTW]*\)[ ][ ]*\([_A-Za-z][_A-Za-z0-9]*\)$/\1 \2 \2/p' | sed '/ __gnu_lto/d' \> conftest.nm
configure:6209: $? = 0
configure:6275: gcc -o conftest -g -O2   conftest.c conftstm.o >&5
configure:6278: $? = 0
configure:6316: result: ok
configure:6353: checking for sysroot
configure:6383: result: no
configure:6646: checking for mt
configure:6662: found /bin/mt
configure:6673: result: mt
configure:6696: checking if mt is a manifest tool
configure:6702: mt '-?'
configure:6710: result: no
configure:7352: checking how to run the C preprocessor
configure:7383: gcc -E  conftest.c
configure:7383: $? = 0
configure:7397: gcc -E  conftest.c
conftest.c:11:28: fatal error: ac_nonexistent.h: No such file or directory
compilation terminated.
configure:7397: $? = 1
configure: failed program was:
| /* confdefs.h */
| #define PACKAGE_NAME "libwidgetextra"
| #define PACKAGE_TARNAME "libwidgetextra"
| #define PACKAGE_VERSION "1.0"
| #define PACKAGE_STRING "libwidgetextra 1.0"
| #define PACKAGE_BUGREPORT ""
| #define PACKAGE_URL ""
| #define PACKAGE "libwidgetextra"
| #define VERSION "1.0"
| /* end confdefs.h.  */
| #include <ac_nonexistent.h>
configure:7422: result: gcc -E
configure:7442: gcc -E  conftest.c
configure:7442: $? = 0
configure:7456: gcc -E  conftest.c
conftest.c:11:28: fatal error: ac_nonexistent.h: No such file or directory
compilation terminated.
configure:7456: $? = 1
configure: failed program was:
| /* confdefs.h */
| #define PACKAGE_NAME "libwidgetextra"
| #define PACKAGE_TARNAME "libwidgetextra"
| #define PACKAGE_VERSION "1.0"
| #define PACKAGE_STRING "libwidgetextra 1.0"
| #define PACKAGE_BUGREPORT ""
| #define PACKAGE_URL ""
| #define PACKAGE "libwidgetextra"
| #define VERSION "1.0"
| /* end confdefs.h.  */
| #include <ac_nonexistent.h>
configure:7485: checking for ANSI C header files
configure:7505: gcc -c -g -O2  conftest.c >&5
configure:7505: $? = 0
configure:7578: gcc -o conftest -g -O2   conftest.c  >&5
configure:7578: $? = 0
configure:7578: ./conftest
configure:7578: $? = 0
configure:7589: result: yes
configure:7602: checking for sys/types.h
configure:7602: gcc -c -g -O2  conftest.c >&5
configure:7602: $? = 0
configure:7602: result: yes
configure:7602: checking for sys/stat.h
configure:7602: gcc -c -g -O2  conftest.c >&5
configure:7602: $? = 0
configure:7602: result: yes
configure:7602: checking for stdlib.h
configure:7602: gcc -c -g -O2  conftest.c >&5
configure:7602: $? = 0
configure:7602: result: yes
configure:7602: checking for string.h
configure:7602: gcc -c -g -O2  conftest.c >&5
configure:7602: $? = 0
configure:7602: result: yes
configure:7602: checking for memory.h
configure:7602: gcc -c -g -O2  conftest.c >&5
configure:7602: $? = 0
configure:7602: result: yes
configure:7602: checking for strings.h
configure:7602: gcc -c -g -O2  conftest.c >&5
configure:7602: $? = 0
configure:7602: result: yes
configure:7602: checking for inttypes.h
configure:7602: gcc -c -g -O2  conftest.c >&5
configure:7602: $? = 0
configure:7602: result: yes
configure:7602: checking for stdint.h
configure:7602: gcc -c -g -O2  conftest.c >&5
configure:7602: $? = 0
configure:7602: result: yes
configure:7602: checking for unistd.h
configure:7602: gcc -c -g -O2  conftest.c >&5
configure:7602: $? = 0
configure:7602: result: yes
configure:7616: checking for dlfcn.h
configure:7616: gcc -c -g -O2  conftest.c >&5
configure:7616: $? = 0
configure:7616: result: yes
configure:7822: checking for objdir
configure:7837: result: .libs
configure:8108: checking if gcc supports -fno-rtti -fno-exceptions
configure:8126: gcc -c -g -O2  -fno-rtti -fno-exceptions conftest.c >&5
cc1: warning: command line option '-fno-rtti' is valid for C++/ObjC++ but not for C [enabled by default]
configure:8130: $? = 0
configure:8143: result: no
configure:8470: checking for gcc option to produce PIC
configure:8477: result: -fPIC -DPIC
configure:8485: checking if gcc PIC flag -fPIC -DPIC works
configure:8503: gcc -c -g -O2  -fPIC -DPIC -DPIC conftest.c >&5
configure:8507: $? = 0
configure:8520: result: yes
configure:8549: checking if gcc static flag -static works
configure:8577: result: yes
configure:8592: checking if gcc supports -c -o file.o
configure:8613: gcc -c -g -O2  -o out/conftest2.o conftest.c >&5
configure:8617: $? = 0
configure:8639: result: yes
configure:8647: checking if gcc supports -c -o file.o
configure:8694: result: yes
configure:8727: checking whether the gcc linker (/usr/bin/ld) supports shared libraries
configure:9884: result: yes
configure:10124: checking dynamic linker characteristics
configure:10624: gcc -o conftest -g -O2   -Wl,-rpath -Wl,/foo conftest.c  >&5
configure:10624: $? = 0
configure:10858: result: GNU/Linux ld.so
configure:10965: checking how to hardcode library paths into programs
configure:10990: result: immediate
configure:11530: checking whether stripping libraries is possible
configure:11535: result: yes
configure:11570: checking if libtool supports shared libraries
configure:11572: result: yes
configure:11575: checking whether to build shared libraries
configure:11596: result: no
configure:11599: checking whether to build static libraries
configure:11603: result: yes
configure:11692: checking for gcc
configure:11719: result: gcc
configure:11948: checking for C compiler version
configure:11957: gcc --version >&5
gcc (Ubuntu/Linaro 4.6.3-1ubuntu5) 4.6.3
Copyright (C) 2011 Free Software Foundation, Inc.
This is free software; see the source for copying conditions.  There is NO
warranty; not even for MERCHANTABILITY or FITNESS FOR A PARTICULAR PURPOSE.

configure:11968: $? = 0
configure:11957: gcc -v >&5
Using built-in specs.
COLLECT_GCC=gcc
COLLECT_LTO_WRAPPER=/usr/lib/gcc/i686-linux-gnu/4.6/lto-wrapper
Target: i686-linux-gnu
Configured with: ../src/configure -v --with-pkgversion='Ubuntu/Linaro 4.6.3-1ubuntu5' --with-bugurl=file:///usr/share/doc/gcc-4.6/README.Bugs --enable-languages=c,c++,fortran,objc,obj-c++ --prefix=/usr --program-suffix=-4.6 --enable-shared --enable-linker-build-id --with-system-zlib --libexecdir=/usr/lib --without-included-gettext --enable-threads=posix --with-gxx-include-dir=/usr/include/c++/4.6 --libdir=/usr/lib --enable-nls --with-sysroot=/ --enable-clocale=gnu --enable-libstdcxx-debug --enable-libstdcxx-time=yes --enable-gnu-unique-object --enable-plugin --enable-objc-gc --enable-targets=all --disable-werror --with-arch-32=i686 --with-tune=generic --enable-checking=release --build=i686-linux-gnu --host=i686-linux-gnu --target=i686-linux-gnu
Thread model: posix
gcc version 4.6.3 (Ubuntu/Linaro 4.6.3-1ubuntu5) 
configure:11968: $? = 0
configure:11957: gcc -V >&5
gcc: error: unrecognized option '-V'
gcc: fatal error: no input files
compilation terminated.
configure:11968: $? = 4
configure:11957: gcc -qversion >&5
gcc: error: unrecognized option '-qversion'
gcc: fatal error: no input files
compilation terminated.
configure:11968: $? = 4
configure:11972: checking whether we are using the GNU C compiler
configure:12000: result: yes
configure:12009: checking whether gcc accepts -g
configure:12070: result: yes
configure:12087: checking for gcc option to accept ISO C89
configure:12163: result: none needed
configure:12185: checking dependency style of gcc
configure:12296: result: gcc3
configure:12375: checking for g++
configure:12391: found /usr/bin/g++
configure:12402: result: g++
configure:12429: checking for C++ compiler version
configure:12438: g++ --version >&5
g++ (Ubuntu/Linaro 4.6.3-1ubuntu5) 4.6.3
Copyright (C) 2011 Free Software Foundation, Inc.
This is free software; see the source for copying conditions.  There is NO
warranty; not even for MERCHANTABILITY or FITNESS FOR A PARTICULAR PURPOSE.

configure:12449: $? = 0
configure:12438: g++ -v >&5
Using built-in specs.
COLLECT_GCC=g++
COLLECT_LTO_WRAPPER=/usr/lib/gcc/i686-linux-gnu/4.6/lto-wrapper
Target: i686-linux-gnu
Configured with: ../src/configure -v --with-pkgversion='Ubuntu/Linaro 4.6.3-1ubuntu5' --with-bugurl=file:///usr/share/doc/gcc-4.6/README.Bugs --enable-languages=c,c++,fortran,objc,obj-c++ --prefix=/usr --program-suffix=-4.6 --enable-shared --enable-linker-build-id --with-system-zlib --libexecdir=/usr/lib --without-included-gettext --enable-threads=posix --with-gxx-include-dir=/usr/include/c++/4.6 --libdir=/usr/lib --enable-nls --with-sysroot=/ --enable-clocale=gnu --enable-libstdcxx-debug --enable-libstdcxx-time=yes --enable-gnu-unique-object --enable-plugin --enable-objc-gc --enable-targets=all --disable-werror --with-arch-32=i686 --with-tune=generic --enable-checking=release --build=i686-linux-gnu --host=i686-linux-gnu --target=i686-linux-gnu
Thread model: posix
gcc version 4.6.3 (Ubuntu/Linaro 4.6.3-1ubuntu5) 
configure:12449: $? = 0
configure:12438: g++ -V >&5
g++: error: unrecognized option '-V'
g++: fatal error: no input files
compilation terminated.
configure:12449: $? = 4
configure:12438: g++ -qversion >&5
g++: error: unrecognized option '-qversion'
g++: fatal error: no input files
compilation terminated.
configure:12449: $? = 4
configure:12453: checking whether we are using the GNU C++ compiler
configure:12472: g++ -c   conftest.cpp >&5
configure:12472: $? = 0
configure:12481: result: yes
configure:12490: checking whether g++ accepts -g
configure:12510: g++ -c -g  conftest.cpp >&5
configure:12510: $? = 0
configure:12551: result: yes
configure:12576: checking dependency style of g++
configure:12687: result: gcc3
configure:12720: checking how to run the C++ preprocessor
configure:12747: g++ -E  conftest.cpp
configure:12747: $? = 0
configure:12761: g++ -E  conftest.cpp
conftest.cpp:23:28: fatal error: ac_nonexistent.h: No such file or directory
compilation terminated.
configure:12761: $? = 1
configure: failed program was:
| /* confdefs.h */
| #define PACKAGE_NAME "libwidgetextra"
| #define PACKAGE_TARNAME "libwidgetextra"
| #define PACKAGE_VERSION "1.0"
| #define PACKAGE_STRING "libwidgetextra 1.0"
| #define PACKAGE_BUGREPORT ""
| #define PACKAGE_URL ""
| #define PACKAGE "libwidgetextra"
| #define VERSION "1.0"
| #define STDC_HEADERS 1
| #define HAVE_SYS_TYPES_H 1
| #define HAVE_SYS_STAT_H 1
| #define HAVE_STDLIB_H 1
| #define HAVE_STRING_H 1
| #define HAVE_MEMORY_H 1
| #define HAVE_STRINGS_H 1
| #define HAVE_INTTYPES_H 1
| #define HAVE_STDINT_H 1
| #define HAVE_UNISTD_H 1
| #define HAVE_DLFCN_H 1
| #define LT_OBJDIR ".libs/"
| /* end confdefs.h.  */
| #include <ac_nonexistent.h>
configure:12786: result: g++ -E
configure:12806: g++ -E  conftest.cpp
configure:12806: $? = 0
configure:12820: g++ -E  conftest.cpp
conftest.cpp:23:28: fatal error: ac_nonexistent.h: No such file or directory
compilation terminated.
configure:12820: $? = 1
configure: failed program was:
| /* confdefs.h */
| #define PACKAGE_NAME "libwidgetextra"
| #define PACKAGE_TARNAME "libwidgetextra"
| #define PACKAGE_VERSION "1.0"
| #define PACKAGE_STRING "libwidgetextra 1.0"
| #define PACKAGE_BUGREPORT ""
| #define PACKAGE_URL ""
| #define PACKAGE "libwidgetextra"
| #define VERSION "1.0"
| #define STDC_HEADERS 1
| #define HAVE_SYS_TYPES_H 1
| #define HAVE_SYS_STAT_H 1
| #define HAVE_STDLIB_H 1
| #define HAVE_STRING_H 1
| #define HAVE_MEMORY_H 1
| #define HAVE_STRINGS_H 1
| #define HAVE_INTTYPES_H 1
| #define HAVE_STDINT_H 1
| #define HAVE_UNISTD_H 1
| #define HAVE_DLFCN_H 1
| #define LT_OBJDIR ".libs/"
| /* end confdefs.h.  */
| #include <ac_nonexistent.h>
configure:12989: checking for ld used by g++
configure:13056: result: /usr/bin/ld
configure:13063: checking if the linker (/usr/bin/ld) is GNU ld
configure:13078: result: yes
configure:13133: checking whether the g++ linker (/usr/bin/ld) supports shared libraries
configure:14135: result: yes
configure:14171: g++ -c -g -O2  conftest.cpp >&5
configure:14174: $? = 0
configure:14694: checking for g++ option to produce PIC
configure:14701: result: -fPIC -DPIC
configure:14709: checking if g++ PIC flag -fPIC -DPIC works
configure:14727: g++ -c -g -O2  -fPIC -DPIC -DPIC conftest.cpp >&5
configure:14731: $? = 0
configure:14744: result: yes
configure:14767: checking if g++ static flag -static works
configure:14795: result: yes
configure:14807: checking if g++ supports -c -o file.o
configure:14828: g++ -c -g -O2  -o out/conftest2.o conftest.cpp >&5
configure:14832: $? = 0
configure:14854: result: yes
configure:14859: checking if g++ supports -c -o file.o
configure:14906: result: yes
configure:14936: checking whether the g++ linker (/usr/bin/ld) supports shared libraries
configure:14975: result: yes
configure:15116: checking dynamic linker characteristics
configure:15784: result: GNU/Linux ld.so
configure:15837: checking how to hardcode library paths into programs
configure:15862: result: immediate
configure:15907: checking how to run the C++ preprocessor
configure:15973: result: g++ -E
configure:15993: g++ -E  conftest.cpp
configure:15993: $? = 0
configure:16007: g++ -E  conftest.cpp
conftest.cpp:23:28: fatal error: ac_nonexistent.h: No such file or directory
compilation terminated.
configure:16007: $? = 1
configure: failed program was:
| /* confdefs.h */
| #define PACKAGE_NAME "libwidgetextra"
| #define PACKAGE_TARNAME "libwidgetextra"
| #define PACKAGE_VERSION "1.0"
| #define PACKAGE_STRING "libwidgetextra 1.0"
| #define PACKAGE_BUGREPORT ""
| #define PACKAGE_URL ""
| #define PACKAGE "libwidgetextra"
| #define VERSION "1.0"
| #define STDC_HEADERS 1
| #define HAVE_SYS_TYPES_H 1
| #define HAVE_SYS_STAT_H 1
| #define HAVE_STDLIB_H 1
| #define HAVE_STRING_H 1
| #define HAVE_MEMORY_H 1
| #define HAVE_STRINGS_H 1
| #define HAVE_INTTYPES_H 1
| #define HAVE_STDINT_H 1
| #define HAVE_UNISTD_H 1
| #define HAVE_DLFCN_H 1
| #define LT_OBJDIR ".libs/"
| /* end confdefs.h.  */
| #include <ac_nonexistent.h>
configure:16074: checking CFLAGS for strict prototypes
configure:16101: gcc -c -g -O2 -pedantic  -fstrict-prototypes -Wstrict-prototypes  conftest.c >&5
cc1: error: unrecognized command line option '-fstrict-prototypes'
configure:16101: $? = 1
configure: failed program was:
| /* confdefs.h */
| #define PACKAGE_NAME "libwidgetextra"
| #define PACKAGE_TARNAME "libwidgetextra"
| #define PACKAGE_VERSION "1.0"
| #define PACKAGE_STRING "libwidgetextra 1.0"
| #define PACKAGE_BUGREPORT ""
| #define PACKAGE_URL ""
| #define PACKAGE "libwidgetextra"
| #define VERSION "1.0"
| #define STDC_HEADERS 1
| #define HAVE_SYS_TYPES_H 1
| #define HAVE_SYS_STAT_H 1
| #define HAVE_STDLIB_H 1
| #define HAVE_STRING_H 1
| #define HAVE_MEMORY_H 1
| #define HAVE_STRINGS_H 1
| #define HAVE_INTTYPES_H 1
| #define HAVE_STDINT_H 1
| #define HAVE_UNISTD_H 1
| #define HAVE_DLFCN_H 1
| #define LT_OBJDIR ".libs/"
| /* end confdefs.h.  */
| 
| int
| main ()
| {
| return 0;
|   ;
|   return 0;
| }
configure:16101: gcc -c -g -O2 -pedantic  -Wstrict-prototypes  conftest.c >&5
conftest.c:25:1: warning: function declaration isn't a prototype [-Wstrict-prototypes]
configure:16101: $? = 0
configure:16123: gcc -c -g -O2 -pedantic  -Wstrict-prototypes  conftest.c >&5
conftest.c:25:1: warning: function declaration isn't a prototype [-Wstrict-prototypes]
configure:16123: $? = 0
configure:16143: result: -Wstrict-prototypes
configure:16156: : CFLAGS="$CFLAGS $ac_cv_cflags_strict_prototypes"
configure:16159: $? = 0
configure:16167: checking wall_flags for maximum warnings
configure:16194: gcc -c -g -O2 -Wstrict-prototypes -pedantic  -Wall  conftest.c >&5
conftest.c:25:1: warning: function declaration isn't a prototype [-Wstrict-prototypes]
configure:16194: $? = 0
configure:16208: result: -Wall
configure:16221: : wall_flags="$wall_flags $ac_cv_cflags_warn_all"
configure:16224: $? = 0
configure:16239: checking whether the C++ compiler accepts the  -Wall flag
configure:16268: g++ -c   -Wall  conftest.cpp >&5
configure:16268: $? = 0
configure:16291: result: yes
configure:16317: checking whether the C++ preprocessor accepts the  -Wall flag
configure:16346: g++ -E  conftest.cpp
configure:16346: $? = 0
configure:16369: result: yes
configure:16391: checking for wx-config
configure:16410: found /usr/bin/wx-config
configure:16423: result: /usr/bin/wx-config
configure:16446: Checking that the chosen version of wxWidgets is 2.8.x
configure:16469: checking for an ANSI C-conforming const
configure:16535: g++ -c   -Wall   -Wall conftest.cpp >&5
configure:16535: $? = 0
configure:16542: result: yes
configure:16550: checking for size_t
configure:16550: g++ -c   -Wall   -Wall conftest.cpp >&5
configure:16550: $? = 0
configure:16550: g++ -c   -Wall   -Wall conftest.cpp >&5
conftest.cpp: In function 'int main()':
conftest.cpp:59:20: error: expected primary-expression before ')' token
configure:16550: $? = 1
configure: failed program was:
| /* confdefs.h */
| #define PACKAGE_NAME "libwidgetextra"
| #define PACKAGE_TARNAME "libwidgetextra"
| #define PACKAGE_VERSION "1.0"
| #define PACKAGE_STRING "libwidgetextra 1.0"
| #define PACKAGE_BUGREPORT ""
| #define PACKAGE_URL ""
| #define PACKAGE "libwidgetextra"
| #define VERSION "1.0"
| #define STDC_HEADERS 1
| #define HAVE_SYS_TYPES_H 1
| #define HAVE_SYS_STAT_H 1
| #define HAVE_STDLIB_H 1
| #define HAVE_STRING_H 1
| #define HAVE_MEMORY_H 1
| #define HAVE_STRINGS_H 1
| #define HAVE_INTTYPES_H 1
| #define HAVE_STDINT_H 1
| #define HAVE_UNISTD_H 1
| #define HAVE_DLFCN_H 1
| #define LT_OBJDIR ".libs/"
| /* end confdefs.h.  */
| #include <stdio.h>
| #ifdef HAVE_SYS_TYPES_H
| # include <sys/types.h>
| #endif
| #ifdef HAVE_SYS_STAT_H
| # include <sys/stat.h>
| #endif
| #ifdef STDC_HEADERS
| # include <stdlib.h>
| # include <stddef.h>
| #else
| # ifdef HAVE_STDLIB_H
| #  include <stdlib.h>
| # endif
| #endif
| #ifdef HAVE_STRING_H
| # if !defined STDC_HEADERS && defined HAVE_MEMORY_H
| #  include <memory.h>
| # endif
| # include <string.h>
| #endif
| #ifdef HAVE_STRINGS_H
| # include <strings.h>
| #endif
| #ifdef HAVE_INTTYPES_H
| # include <inttypes.h>
| #endif
| #ifdef HAVE_STDINT_H
| # include <stdint.h>
| #endif
| #ifdef HAVE_UNISTD_H
| # include <unistd.h>
| #endif
| int
| main ()
| {
| if (sizeof ((size_t)))
| 	    return 0;
|   ;
|   return 0;
| }
configure:16550: result: yes
configure:16710: checking that generated files are newer than configure
configure:16716: result: done
configure:16751: creating ./config.status

## ---------------------- ##
## Running config.status. ##
## ---------------------- ##

This file was extended by libwidgetextra config.status 1.0, which was
generated by GNU Autoconf 2.69.  Invocation command line was

  CONFIG_FILES    = 
  CONFIG_HEADERS  = 
  CONFIG_LINKS    = 
  CONFIG_COMMANDS = 
  $ ./config.status 

on justin-OptiPlex-760

config.status:1074: creating libwidgetextra.pc
config.status:1074: creating Makefile
config.status:1246: executing depfiles commands
config.status:1246: executing libtool commands

## ---------------- ##
## Cache variables. ##
## ---------------- ##

ac_cv_build=i686-pc-linux-gnu
ac_cv_c_compiler_gnu=yes
ac_cv_c_const=yes
ac_cv_cflags_strict_prototypes=-Wstrict-prototypes
ac_cv_cflags_warn_all=-Wall
ac_cv_cxx_compiler_gnu=yes
ac_cv_env_CCC_set=
ac_cv_env_CCC_value=
ac_cv_env_CC_set=
ac_cv_env_CC_value=
ac_cv_env_CFLAGS_set=
ac_cv_env_CFLAGS_value=
ac_cv_env_CPPFLAGS_set=
ac_cv_env_CPPFLAGS_value=
ac_cv_env_CPP_set=
ac_cv_env_CPP_value=
ac_cv_env_CXXCPP_set=
ac_cv_env_CXXCPP_value=
ac_cv_env_CXXFLAGS_set=
ac_cv_env_CXXFLAGS_value=
ac_cv_env_CXX_set=
ac_cv_env_CXX_value=
ac_cv_env_LDFLAGS_set=
ac_cv_env_LDFLAGS_value=
ac_cv_env_LIBS_set=
ac_cv_env_LIBS_value=
ac_cv_env_build_alias_set=
ac_cv_env_build_alias_value=
ac_cv_env_host_alias_set=
ac_cv_env_host_alias_value=
ac_cv_env_target_alias_set=
ac_cv_env_target_alias_value=
ac_cv_header_dlfcn_h=yes
ac_cv_header_inttypes_h=yes
ac_cv_header_memory_h=yes
ac_cv_header_stdc=yes
ac_cv_header_stdint_h=yes
ac_cv_header_stdlib_h=yes
ac_cv_header_string_h=yes
ac_cv_header_strings_h=yes
ac_cv_header_sys_stat_h=yes
ac_cv_header_sys_types_h=yes
ac_cv_header_unistd_h=yes
ac_cv_host=i686-pc-linux-gnu
ac_cv_objext=o
ac_cv_path_EGREP='/bin/grep -E'
ac_cv_path_FGREP='/bin/grep -F'
ac_cv_path_GREP=/bin/grep
ac_cv_path_SED=/bin/sed
ac_cv_path_WX_CONFIG=/usr/bin/wx-config
ac_cv_path_install='/usr/bin/install -c'
ac_cv_path_mkdir=/bin/mkdir
ac_cv_prog_AWK=mawk
ac_cv_prog_CPP='gcc -E'
ac_cv_prog_CXXCPP='g++ -E'
ac_cv_prog_ac_ct_AR=ar
ac_cv_prog_ac_ct_CC=gcc
ac_cv_prog_ac_ct_CXX=g++
ac_cv_prog_ac_ct_MANIFEST_TOOL=mt
ac_cv_prog_ac_ct_OBJDUMP=objdump
ac_cv_prog_ac_ct_RANLIB=ranlib
ac_cv_prog_ac_ct_STRIP=strip
ac_cv_prog_cc_c89=
ac_cv_prog_cc_g=yes
ac_cv_prog_cxx_g=yes
ac_cv_prog_make_make_set=yes
ac_cv_type_size_t=yes
am_cv_CC_dependencies_compiler_type=gcc3
am_cv_CXX_dependencies_compiler_type=gcc3
am_cv_ar_interface=ar
am_cv_make_support_nested_variables=yes
ax_cv_cxx_check_flag___Wall=yes
ax_cv_cxxcpp_check_flag___Wall=yes
lt_cv_ar_at_file=@
lt_cv_deplibs_check_method=pass_all
lt_cv_file_magic_cmd='$MAGIC_CMD'
lt_cv_file_magic_test_file=
lt_cv_ld_reload_flag=-r
lt_cv_nm_interface='BSD nm'
lt_cv_objdir=.libs
lt_cv_path_LD=/usr/bin/ld
lt_cv_path_LDCXX=/usr/bin/ld
lt_cv_path_NM='/usr/bin/nm -B'
lt_cv_path_mainfest_tool=no
lt_cv_prog_compiler_c_o=yes
lt_cv_prog_compiler_c_o_CXX=yes
lt_cv_prog_compiler_pic='-fPIC -DPIC'
lt_cv_prog_compiler_pic_CXX='-fPIC -DPIC'
lt_cv_prog_compiler_pic_works=yes
lt_cv_prog_compiler_pic_works_CXX=yes
lt_cv_prog_compiler_rtti_exceptions=no
lt_cv_prog_compiler_static_works=yes
lt_cv_prog_compiler_static_works_CXX=yes
lt_cv_prog_gnu_ld=yes
lt_cv_prog_gnu_ldcxx=yes
lt_cv_sharedlib_from_linklib_cmd='printf %s\n'
lt_cv_shlibpath_overrides_runpath=no
lt_cv_sys_global_symbol_pipe='sed -n -e '\''s/^.*[	 ]\([ABCDGIRSTW][ABCDGIRSTW]*\)[	 ][	 ]*\([_A-Za-z][_A-Za-z0-9]*\)$/\1 \2 \2/p'\'' | sed '\''/ __gnu_lto/d'\'''
lt_cv_sys_global_symbol_to_c_name_address='sed -n -e '\''s/^: \([^ ]*\)[ ]*$/  {\"\1\", (void *) 0},/p'\'' -e '\''s/^[ABCDGIRSTW]* \([^ ]*\) \([^ ]*\)$/  {"\2", (void *) \&\2},/p'\'''
lt_cv_sys_global_symbol_to_c_name_address_lib_prefix='sed -n -e '\''s/^: \([^ ]*\)[ ]*$/  {\"\1\", (void *) 0},/p'\'' -e '\''s/^[ABCDGIRSTW]* \([^ ]*\) \(lib[^ ]*\)$/  {"\2", (void *) \&\2},/p'\'' -e '\''s/^[ABCDGIRSTW]* \([^ ]*\) \([^ ]*\)$/  {"lib\2", (void *) \&\2},/p'\'''
lt_cv_sys_global_symbol_to_cdecl='sed -n -e '\''s/^T .* \(.*\)$/extern int \1();/p'\'' -e '\''s/^[ABCDGIRSTW]* .* \(.*\)$/extern char \1;/p'\'''
lt_cv_sys_max_cmd_len=1572864
lt_cv_to_host_file_cmd=func_convert_file_noop
lt_cv_to_tool_file_cmd=func_convert_file_noop

## ----------------- ##
## Output variables. ##
## ----------------- ##

ACLOCAL='${SHELL} /home/justin/audacity-read-only/lib-src/lib-widget-extra/autotools/missing aclocal-1.13'
AMDEPBACKSLASH='\'
AMDEP_FALSE='#'
AMDEP_TRUE=''
AMTAR='$${TAR-tar}'
AM_BACKSLASH='\'
AM_DEFAULT_V='$(AM_DEFAULT_VERBOSITY)'
AM_DEFAULT_VERBOSITY='1'
AM_V='$(V)'
AR='ar'
AUTOCONF='${SHELL} /home/justin/audacity-read-only/lib-src/lib-widget-extra/autotools/missing autoconf'
AUTOHEADER='${SHELL} /home/justin/audacity-read-only/lib-src/lib-widget-extra/autotools/missing autoheader'
AUTOMAKE='${SHELL} /home/justin/audacity-read-only/lib-src/lib-widget-extra/autotools/missing automake-1.13'
AWK='mawk'
CC='gcc'
CCDEPMODE='depmode=gcc3'
CFLAGS='-g -O2 -Wstrict-prototypes  -Wall'
CPP='gcc -E'
CPPFLAGS='  -Wall'
CXX='g++'
CXXCPP='g++ -E'
CXXDEPMODE='depmode=gcc3'
CXXFLAGS='  -Wall'
CYGPATH_W='echo'
DEFS='-DPACKAGE_NAME=\"libwidgetextra\" -DPACKAGE_TARNAME=\"libwidgetextra\" -DPACKAGE_VERSION=\"1.0\" -DPACKAGE_STRING=\"libwidgetextra\ 1.0\" -DPACKAGE_BUGREPORT=\"\" -DPACKAGE_URL=\"\" -DPACKAGE=\"libwidgetextra\" -DVERSION=\"1.0\" -DSTDC_HEADERS=1 -DHAVE_SYS_TYPES_H=1 -DHAVE_SYS_STAT_H=1 -DHAVE_STDLIB_H=1 -DHAVE_STRING_H=1 -DHAVE_MEMORY_H=1 -DHAVE_STRINGS_H=1 -DHAVE_INTTYPES_H=1 -DHAVE_STDINT_H=1 -DHAVE_UNISTD_H=1 -DHAVE_DLFCN_H=1 -DLT_OBJDIR=\".libs/\"'
DEPDIR='.deps'
DLLTOOL='false'
DSYMUTIL=''
DUMPBIN=''
ECHO_C=''
ECHO_N='-n'
ECHO_T=''
EGREP='/bin/grep -E'
EXEEXT=''
FGREP='/bin/grep -F'
GREP='/bin/grep'
INSTALL_DATA='${INSTALL} -m 644'
INSTALL_PROGRAM='${INSTALL}'
INSTALL_SCRIPT='${INSTALL}'
INSTALL_STRIP_PROGRAM='$(install_sh) -c -s'
LD='/usr/bin/ld'
LDFLAGS=''
LIBOBJS=''
LIBS=''
LIBTOOL='$(SHELL) $(top_builddir)/libtool'
LIPO=''
LN_S='ln -s'
LTLIBOBJS=''
MAINT='#'
MAINTAINER_MODE_FALSE=''
MAINTAINER_MODE_TRUE='#'
MAKEINFO='${SHELL} /home/justin/audacity-read-only/lib-src/lib-widget-extra/autotools/missing makeinfo'
MANIFEST_TOOL=':'
MKDIR_P='/bin/mkdir -p'
NM='/usr/bin/nm -B'
NMEDIT=''
OBJDUMP='objdump'
OBJEXT='o'
OTOOL64=''
OTOOL=''
PACKAGE='libwidgetextra'
PACKAGE_BUGREPORT=''
PACKAGE_NAME='libwidgetextra'
PACKAGE_STRING='libwidgetextra 1.0'
PACKAGE_TARNAME='libwidgetextra'
PACKAGE_URL=''
PACKAGE_VERSION='1.0'
PATH_SEPARATOR=':'
RANLIB='ranlib'
SED='/bin/sed'
SET_MAKE=''
SHELL='/bin/bash'
STRIP='strip'
VERSION='1.0'
WX_CONFIG='/usr/bin/wx-config'
WX_CXXFLAGS='-I/usr/lib/i386-linux-gnu/wx/include/gtk2-unicode-release-2.8 -I/usr/include/wx-2.8 -D_FILE_OFFSET_BITS=64 -D_LARGE_FILES -D__WXGTK__ -pthread'
WX_LIBS='-L/usr/lib/i386-linux-gnu -pthread -Wl,-Bsymbolic-functions -Wl,-z,relro  -L/usr/lib/i386-linux-gnu   -lwx_gtk2u_richtext-2.8 -lwx_gtk2u_aui-2.8 -lwx_gtk2u_xrc-2.8 -lwx_gtk2u_qa-2.8 -lwx_gtk2u_html-2.8 -lwx_gtk2u_adv-2.8 -lwx_gtk2u_core-2.8 -lwx_baseu_xml-2.8 -lwx_baseu_net-2.8 -lwx_baseu-2.8 '
ac_ct_AR='ar'
ac_ct_CC='gcc'
ac_ct_CXX='g++'
ac_ct_DUMPBIN=''
am__EXEEXT_FALSE=''
am__EXEEXT_TRUE='#'
am__fastdepCC_FALSE='#'
am__fastdepCC_TRUE=''
am__fastdepCXX_FALSE='#'
am__fastdepCXX_TRUE=''
am__include='include'
am__isrc=''
am__leading_dot='.'
am__nodep='_no'
am__quote=''
am__tar='$${TAR-tar} chof - "$$tardir"'
am__untar='$${TAR-tar} xf -'
bindir='${exec_prefix}/bin'
build='i686-pc-linux-gnu'
build_alias=''
build_cpu='i686'
build_os='linux-gnu'
build_vendor='pc'
datadir='${datarootdir}'
datarootdir='${prefix}/share'
docdir='${datarootdir}/doc/${PACKAGE_TARNAME}'
dvidir='${docdir}'
exec_prefix='${prefix}'
host='i686-pc-linux-gnu'
host_alias=''
host_cpu='i686'
host_os='linux-gnu'
host_vendor='pc'
htmldir='${docdir}'
includedir='${prefix}/include'
infodir='${datarootdir}/info'
install_sh='${SHELL} /home/justin/audacity-read-only/lib-src/lib-widget-extra/autotools/install-sh'
libdir='${exec_prefix}/lib'
libexecdir='${exec_prefix}/libexec'
localedir='${datarootdir}/locale'
localstatedir='${prefix}/var'
mandir='${datarootdir}/man'
mkdir_p='$(MKDIR_P)'
oldincludedir='/usr/include'
pdfdir='${docdir}'
prefix='/usr/local'
program_transform_name='s,x,x,'
psdir='${docdir}'
sbindir='${exec_prefix}/sbin'
sharedstatedir='${prefix}/com'
sysconfdir='${prefix}/etc'
target_alias=''

## ----------- ##
## confdefs.h. ##
## ----------- ##

/* confdefs.h */
#define PACKAGE_NAME "libwidgetextra"
#define PACKAGE_TARNAME "libwidgetextra"
#define PACKAGE_VERSION "1.0"
#define PACKAGE_STRING "libwidgetextra 1.0"
#define PACKAGE_BUGREPORT ""
#define PACKAGE_URL ""
#define PACKAGE "libwidgetextra"
#define VERSION "1.0"
#define STDC_HEADERS 1
#define HAVE_SYS_TYPES_H 1
#define HAVE_SYS_STAT_H 1
#define HAVE_STDLIB_H 1
#define HAVE_STRING_H 1
#define HAVE_MEMORY_H 1
#define HAVE_STRINGS_H 1
#define HAVE_INTTYPES_H 1
#define HAVE_STDINT_H 1
#define HAVE_UNISTD_H 1
#define HAVE_DLFCN_H 1
#define LT_OBJDIR ".libs/"

configure: exit 0
