# project sord (0.12.0) configured on Sun Mar  2 11:50:08 2014 by
# waf 1.7.9 (abi 98, python 20703f0 on linux2)
# using waf --prefix=. --include=. --no-utils --static --no-shared configure
#
----------------------------------------
Setting top to
/home/justin/audacity-read-only/lib-src/lv2/sord
----------------------------------------
Setting out to
/home/justin/audacity-read-only/lib-src/lv2/sord/build
----------------------------------------
Checking for 'gcc' (c compiler)
find program=['gcc', 'cc'] paths=['/usr/lib/lightdm/lightdm', '/usr/local/sbin', '/usr/local/bin', '/usr/sbin', '/usr/bin', '/sbin', '/bin', '/usr/games'] var='CC' -> '/usr/bin/gcc'
find program=['ar'] paths=['/usr/lib/lightdm/lightdm', '/usr/local/sbin', '/usr/local/bin', '/usr/sbin', '/usr/bin', '/sbin', '/bin', '/usr/games'] var='AR' -> '/usr/bin/ar'
/usr/bin/gcc
----------------------------------------
Checking for program pkg-config
/usr/bin/pkg-config
find program=['pkg-config'] paths=['/usr/lib/lightdm/lightdm', '/usr/local/sbin', '/usr/local/bin', '/usr/sbin', '/usr/bin', '/sbin', '/bin', '/usr/games'] var='PKGCONFIG' -> '/usr/bin/pkg-config'
----------------------------------------
Checking for 'serd-0' >= 0.18.0
['/usr/bin/pkg-config', '--atleast-version=0.18.0', 'serd-0']
['/usr/bin/pkg-config', '--cflags', '--libs', 'serd-0']
out: -I./serd-0  -L/home/justin/audacity-read-only/lib-src/lv2/serd/lib -lserd-0 -ldl  

yes
----------------------------------------
Checking for 'libpcre'
['/usr/bin/pkg-config', '--cflags', '--libs', 'libpcre']
out:  -lpcre  

yes
