This file contains any messages produced by compilers while
running configure, to aid debugging if configure makes a mistake.

It was created by sbsms configure 2.0.0, which was
generated by GNU Autoconf 2.69.  Invocation command line was

  $ ./configure --disable-option-checking --prefix=/usr/local/ --with-wx-config=/usr/bin/wx-config --enable-static=yes --enable-shared=no --disable-programs --cache-file=/dev/null --srcdir=.

## --------- ##
## Platform. ##
## --------- ##

hostname = justin-OptiPlex-760
uname -m = i686
uname -r = 3.8.0-29-generic
uname -s = Linux
uname -v = #42~precise1-Ubuntu SMP Wed Aug 14 15:31:16 UTC 2013

/usr/bin/uname -p = unknown
/bin/uname -X     = unknown

/bin/arch              = unknown
/usr/bin/arch -k       = unknown
/usr/convex/getsysinfo = unknown
/usr/bin/hostinfo      = unknown
/bin/machine           = unknown
/usr/bin/oslevel       = unknown
/bin/universe          = unknown

PATH: /usr/lib/lightdm/lightdm
PATH: /usr/local/sbin
PATH: /usr/local/bin
PATH: /usr/sbin
PATH: /usr/bin
PATH: /sbin
PATH: /bin
PATH: /usr/games


## ----------- ##
## Core tests. ##
## ----------- ##

configure:2295: checking build system type
configure:2309: result: i686-pc-linux-gnu
configure:2329: checking host system type
configure:2342: result: i686-pc-linux-gnu
configure:2362: checking target system type
configure:2375: result: i686-pc-linux-gnu
configure:2505: checking for gcc
configure:2521: found /usr/bin/gcc
configure:2532: result: gcc
configure:2761: checking for C compiler version
configure:2770: gcc --version >&5
gcc (Ubuntu/Linaro 4.6.3-1ubuntu5) 4.6.3
Copyright (C) 2011 Free Software Foundation, Inc.
This is free software; see the source for copying conditions.  There is NO
warranty; not even for MERCHANTABILITY or FITNESS FOR A PARTICULAR PURPOSE.

configure:2781: $? = 0
configure:2770: gcc -v >&5
Using built-in specs.
COLLECT_GCC=gcc
COLLECT_LTO_WRAPPER=/usr/lib/gcc/i686-linux-gnu/4.6/lto-wrapper
Target: i686-linux-gnu
Configured with: ../src/configure -v --with-pkgversion='Ubuntu/Linaro 4.6.3-1ubuntu5' --with-bugurl=file:///usr/share/doc/gcc-4.6/README.Bugs --enable-languages=c,c++,fortran,objc,obj-c++ --prefix=/usr --program-suffix=-4.6 --enable-shared --enable-linker-build-id --with-system-zlib --libexecdir=/usr/lib --without-included-gettext --enable-threads=posix --with-gxx-include-dir=/usr/include/c++/4.6 --libdir=/usr/lib --enable-nls --with-sysroot=/ --enable-clocale=gnu --enable-libstdcxx-debug --enable-libstdcxx-time=yes --enable-gnu-unique-object --enable-plugin --enable-objc-gc --enable-targets=all --disable-werror --with-arch-32=i686 --with-tune=generic --enable-checking=release --build=i686-linux-gnu --host=i686-linux-gnu --target=i686-linux-gnu
Thread model: posix
gcc version 4.6.3 (Ubuntu/Linaro 4.6.3-1ubuntu5) 
configure:2781: $? = 0
configure:2770: gcc -V >&5
gcc: error: unrecognized option '-V'
gcc: fatal error: no input files
compilation terminated.
configure:2781: $? = 4
configure:2770: gcc -qversion >&5
gcc: error: unrecognized option '-qversion'
gcc: fatal error: no input files
compilation terminated.
configure:2781: $? = 4
configure:2801: checking whether the C compiler works
configure:2823: gcc    conftest.c  >&5
configure:2827: $? = 0
configure:2875: result: yes
configure:2878: checking for C compiler default output file name
configure:2880: result: a.out
configure:2886: checking for suffix of executables
configure:2893: gcc -o conftest    conftest.c  >&5
configure:2897: $? = 0
configure:2919: result: 
configure:2941: checking whether we are cross compiling
configure:2949: gcc -o conftest    conftest.c  >&5
configure:2953: $? = 0
configure:2960: ./conftest
configure:2964: $? = 0
configure:2979: result: no
configure:2984: checking for suffix of object files
configure:3006: gcc -c   conftest.c >&5
configure:3010: $? = 0
configure:3031: result: o
configure:3035: checking whether we are using the GNU C compiler
configure:3054: gcc -c   conftest.c >&5
configure:3054: $? = 0
configure:3063: result: yes
configure:3072: checking whether gcc accepts -g
configure:3092: gcc -c -g  conftest.c >&5
configure:3092: $? = 0
configure:3133: result: yes
configure:3150: checking for gcc option to accept ISO C89
configure:3213: gcc  -c -g -O2  conftest.c >&5
configure:3213: $? = 0
configure:3226: result: none needed
configure:3296: checking for ar
configure:3312: found /usr/bin/ar
configure:3323: result: ar
configure:3349: checking the archiver (ar) interface
configure:3359: gcc -c -g -O2  conftest.c >&5
configure:3359: $? = 0
configure:3361: ar cru libconftest.a conftest.o >&5
configure:3364: $? = 0
configure:3387: result: ar
configure:3453: checking how to print strings
configure:3480: result: printf
configure:3501: checking for a sed that does not truncate output
configure:3565: result: /bin/sed
configure:3583: checking for grep that handles long lines and -e
configure:3641: result: /bin/grep
configure:3646: checking for egrep
configure:3708: result: /bin/grep -E
configure:3713: checking for fgrep
configure:3775: result: /bin/grep -F
configure:3810: checking for ld used by gcc
configure:3877: result: /usr/bin/ld
configure:3884: checking if the linker (/usr/bin/ld) is GNU ld
configure:3899: result: yes
configure:3911: checking for BSD- or MS-compatible name lister (nm)
configure:3960: result: /usr/bin/nm -B
configure:4090: checking the name lister (/usr/bin/nm -B) interface
configure:4097: gcc -c -g -O2  conftest.c >&5
configure:4100: /usr/bin/nm -B "conftest.o"
configure:4103: output
00000000 B some_variable
configure:4110: result: BSD nm
configure:4113: checking whether ln -s works
configure:4117: result: yes
configure:4125: checking the maximum length of command line arguments
configure:4256: result: 1572864
configure:4273: checking whether the shell understands some XSI constructs
configure:4283: result: yes
configure:4287: checking whether the shell understands "+="
configure:4293: result: yes
configure:4328: checking how to convert i686-pc-linux-gnu file names to i686-pc-linux-gnu format
configure:4368: result: func_convert_file_noop
configure:4375: checking how to convert i686-pc-linux-gnu file names to toolchain format
configure:4395: result: func_convert_file_noop
configure:4402: checking for /usr/bin/ld option to reload object files
configure:4409: result: -r
configure:4483: checking for objdump
configure:4499: found /usr/bin/objdump
configure:4510: result: objdump
configure:4542: checking how to recognize dependent libraries
configure:4740: result: pass_all
configure:4825: checking for dlltool
configure:4855: result: no
configure:4885: checking how to associate runtime and link libraries
configure:4912: result: printf %s\n
configure:5036: checking for archiver @FILE support
configure:5053: gcc -c -g -O2  conftest.c >&5
configure:5053: $? = 0
configure:5056: ar cru libconftest.a @conftest.lst >&5
configure:5059: $? = 0
configure:5064: ar cru libconftest.a @conftest.lst >&5
ar: conftest.o: No such file or directory
configure:5067: $? = 1
configure:5079: result: @
configure:5137: checking for strip
configure:5153: found /usr/bin/strip
configure:5164: result: strip
configure:5236: checking for ranlib
configure:5252: found /usr/bin/ranlib
configure:5263: result: ranlib
configure:5340: checking for gawk
configure:5370: result: no
configure:5340: checking for mawk
configure:5356: found /usr/bin/mawk
configure:5367: result: mawk
configure:5407: checking command to parse /usr/bin/nm -B output from gcc object
configure:5527: gcc -c -g -O2  conftest.c >&5
configure:5530: $? = 0
configure:5534: /usr/bin/nm -B conftest.o \| sed -n -e 's/^.*[ ]\([ABCDGIRSTW][ABCDGIRSTW]*\)[ ][ ]*\([_A-Za-z][_A-Za-z0-9]*\)$/\1 \2 \2/p' | sed '/ __gnu_lto/d' \> conftest.nm
configure:5537: $? = 0
configure:5603: gcc -o conftest -g -O2   conftest.c conftstm.o >&5
configure:5606: $? = 0
configure:5644: result: ok
configure:5681: checking for sysroot
configure:5711: result: no
configure:5974: checking for mt
configure:5990: found /bin/mt
configure:6001: result: mt
configure:6024: checking if mt is a manifest tool
configure:6030: mt '-?'
configure:6038: result: no
configure:6680: checking how to run the C preprocessor
configure:6711: gcc -E  conftest.c
configure:6711: $? = 0
configure:6725: gcc -E  conftest.c
conftest.c:9:28: fatal error: ac_nonexistent.h: No such file or directory
compilation terminated.
configure:6725: $? = 1
configure: failed program was:
| /* confdefs.h */
| #define PACKAGE_NAME "sbsms"
| #define PACKAGE_TARNAME "sbsms"
| #define PACKAGE_VERSION "2.0.0"
| #define PACKAGE_STRING "sbsms 2.0.0"
| #define PACKAGE_BUGREPORT ""
| #define PACKAGE_URL ""
| /* end confdefs.h.  */
| #include <ac_nonexistent.h>
configure:6750: result: gcc -E
configure:6770: gcc -E  conftest.c
configure:6770: $? = 0
configure:6784: gcc -E  conftest.c
conftest.c:9:28: fatal error: ac_nonexistent.h: No such file or directory
compilation terminated.
configure:6784: $? = 1
configure: failed program was:
| /* confdefs.h */
| #define PACKAGE_NAME "sbsms"
| #define PACKAGE_TARNAME "sbsms"
| #define PACKAGE_VERSION "2.0.0"
| #define PACKAGE_STRING "sbsms 2.0.0"
| #define PACKAGE_BUGREPORT ""
| #define PACKAGE_URL ""
| /* end confdefs.h.  */
| #include <ac_nonexistent.h>
configure:6813: checking for ANSI C header files
configure:6833: gcc -c -g -O2  conftest.c >&5
configure:6833: $? = 0
configure:6906: gcc -o conftest -g -O2   conftest.c  >&5
configure:6906: $? = 0
configure:6906: ./conftest
configure:6906: $? = 0
configure:6917: result: yes
configure:6930: checking for sys/types.h
configure:6930: gcc -c -g -O2  conftest.c >&5
configure:6930: $? = 0
configure:6930: result: yes
configure:6930: checking for sys/stat.h
configure:6930: gcc -c -g -O2  conftest.c >&5
configure:6930: $? = 0
configure:6930: result: yes
configure:6930: checking for stdlib.h
configure:6930: gcc -c -g -O2  conftest.c >&5
configure:6930: $? = 0
configure:6930: result: yes
configure:6930: checking for string.h
configure:6930: gcc -c -g -O2  conftest.c >&5
configure:6930: $? = 0
configure:6930: result: yes
configure:6930: checking for memory.h
configure:6930: gcc -c -g -O2  conftest.c >&5
configure:6930: $? = 0
configure:6930: result: yes
configure:6930: checking for strings.h
configure:6930: gcc -c -g -O2  conftest.c >&5
configure:6930: $? = 0
configure:6930: result: yes
configure:6930: checking for inttypes.h
configure:6930: gcc -c -g -O2  conftest.c >&5
configure:6930: $? = 0
configure:6930: result: yes
configure:6930: checking for stdint.h
configure:6930: gcc -c -g -O2  conftest.c >&5
configure:6930: $? = 0
configure:6930: result: yes
configure:6930: checking for unistd.h
configure:6930: gcc -c -g -O2  conftest.c >&5
configure:6930: $? = 0
configure:6930: result: yes
configure:6944: checking for dlfcn.h
configure:6944: gcc -c -g -O2  conftest.c >&5
configure:6944: $? = 0
configure:6944: result: yes
configure:7120: checking for objdir
configure:7135: result: .libs
configure:7406: checking if gcc supports -fno-rtti -fno-exceptions
configure:7424: gcc -c -g -O2  -fno-rtti -fno-exceptions conftest.c >&5
cc1: warning: command line option '-fno-rtti' is valid for C++/ObjC++ but not for C [enabled by default]
configure:7428: $? = 0
configure:7441: result: no
configure:7768: checking for gcc option to produce PIC
configure:7775: result: -fPIC -DPIC
configure:7783: checking if gcc PIC flag -fPIC -DPIC works
configure:7801: gcc -c -g -O2  -fPIC -DPIC -DPIC conftest.c >&5
configure:7805: $? = 0
configure:7818: result: yes
configure:7847: checking if gcc static flag -static works
configure:7875: result: yes
configure:7890: checking if gcc supports -c -o file.o
configure:7911: gcc -c -g -O2  -o out/conftest2.o conftest.c >&5
configure:7915: $? = 0
configure:7937: result: yes
configure:7945: checking if gcc supports -c -o file.o
configure:7992: result: yes
configure:8025: checking whether the gcc linker (/usr/bin/ld) supports shared libraries
configure:9182: result: yes
configure:9422: checking dynamic linker characteristics
configure:9922: gcc -o conftest -g -O2   -Wl,-rpath -Wl,/foo conftest.c  >&5
configure:9922: $? = 0
configure:10156: result: GNU/Linux ld.so
configure:10263: checking how to hardcode library paths into programs
configure:10288: result: immediate
configure:10828: checking whether stripping libraries is possible
configure:10833: result: yes
configure:10868: checking if libtool supports shared libraries
configure:10870: result: yes
configure:10873: checking whether to build shared libraries
configure:10894: result: no
configure:10897: checking whether to build static libraries
configure:10901: result: yes
configure:11008: checking for g++
configure:11024: found /usr/bin/g++
configure:11035: result: g++
configure:11062: checking for C++ compiler version
configure:11071: g++ --version >&5
g++ (Ubuntu/Linaro 4.6.3-1ubuntu5) 4.6.3
Copyright (C) 2011 Free Software Foundation, Inc.
This is free software; see the source for copying conditions.  There is NO
warranty; not even for MERCHANTABILITY or FITNESS FOR A PARTICULAR PURPOSE.

configure:11082: $? = 0
configure:11071: g++ -v >&5
Using built-in specs.
COLLECT_GCC=g++
COLLECT_LTO_WRAPPER=/usr/lib/gcc/i686-linux-gnu/4.6/lto-wrapper
Target: i686-linux-gnu
Configured with: ../src/configure -v --with-pkgversion='Ubuntu/Linaro 4.6.3-1ubuntu5' --with-bugurl=file:///usr/share/doc/gcc-4.6/README.Bugs --enable-languages=c,c++,fortran,objc,obj-c++ --prefix=/usr --program-suffix=-4.6 --enable-shared --enable-linker-build-id --with-system-zlib --libexecdir=/usr/lib --without-included-gettext --enable-threads=posix --with-gxx-include-dir=/usr/include/c++/4.6 --libdir=/usr/lib --enable-nls --with-sysroot=/ --enable-clocale=gnu --enable-libstdcxx-debug --enable-libstdcxx-time=yes --enable-gnu-unique-object --enable-plugin --enable-objc-gc --enable-targets=all --disable-werror --with-arch-32=i686 --with-tune=generic --enable-checking=release --build=i686-linux-gnu --host=i686-linux-gnu --target=i686-linux-gnu
Thread model: posix
gcc version 4.6.3 (Ubuntu/Linaro 4.6.3-1ubuntu5) 
configure:11082: $? = 0
configure:11071: g++ -V >&5
g++: error: unrecognized option '-V'
g++: fatal error: no input files
compilation terminated.
configure:11082: $? = 4
configure:11071: g++ -qversion >&5
g++: error: unrecognized option '-qversion'
g++: fatal error: no input files
compilation terminated.
configure:11082: $? = 4
configure:11086: checking whether we are using the GNU C++ compiler
configure:11105: g++ -c   conftest.cpp >&5
configure:11105: $? = 0
configure:11114: result: yes
configure:11123: checking whether g++ accepts -g
configure:11143: g++ -c -g  conftest.cpp >&5
configure:11143: $? = 0
configure:11184: result: yes
configure:11225: checking how to run the C++ preprocessor
configure:11252: g++ -E  conftest.cpp
configure:11252: $? = 0
configure:11266: g++ -E  conftest.cpp
conftest.cpp:21:28: fatal error: ac_nonexistent.h: No such file or directory
compilation terminated.
configure:11266: $? = 1
configure: failed program was:
| /* confdefs.h */
| #define PACKAGE_NAME "sbsms"
| #define PACKAGE_TARNAME "sbsms"
| #define PACKAGE_VERSION "2.0.0"
| #define PACKAGE_STRING "sbsms 2.0.0"
| #define PACKAGE_BUGREPORT ""
| #define PACKAGE_URL ""
| #define STDC_HEADERS 1
| #define HAVE_SYS_TYPES_H 1
| #define HAVE_SYS_STAT_H 1
| #define HAVE_STDLIB_H 1
| #define HAVE_STRING_H 1
| #define HAVE_MEMORY_H 1
| #define HAVE_STRINGS_H 1
| #define HAVE_INTTYPES_H 1
| #define HAVE_STDINT_H 1
| #define HAVE_UNISTD_H 1
| #define HAVE_DLFCN_H 1
| #define LT_OBJDIR ".libs/"
| /* end confdefs.h.  */
| #include <ac_nonexistent.h>
configure:11291: result: g++ -E
configure:11311: g++ -E  conftest.cpp
configure:11311: $? = 0
configure:11325: g++ -E  conftest.cpp
conftest.cpp:21:28: fatal error: ac_nonexistent.h: No such file or directory
compilation terminated.
configure:11325: $? = 1
configure: failed program was:
| /* confdefs.h */
| #define PACKAGE_NAME "sbsms"
| #define PACKAGE_TARNAME "sbsms"
| #define PACKAGE_VERSION "2.0.0"
| #define PACKAGE_STRING "sbsms 2.0.0"
| #define PACKAGE_BUGREPORT ""
| #define PACKAGE_URL ""
| #define STDC_HEADERS 1
| #define HAVE_SYS_TYPES_H 1
| #define HAVE_SYS_STAT_H 1
| #define HAVE_STDLIB_H 1
| #define HAVE_STRING_H 1
| #define HAVE_MEMORY_H 1
| #define HAVE_STRINGS_H 1
| #define HAVE_INTTYPES_H 1
| #define HAVE_STDINT_H 1
| #define HAVE_UNISTD_H 1
| #define HAVE_DLFCN_H 1
| #define LT_OBJDIR ".libs/"
| /* end confdefs.h.  */
| #include <ac_nonexistent.h>
configure:11494: checking for ld used by g++
configure:11561: result: /usr/bin/ld
configure:11568: checking if the linker (/usr/bin/ld) is GNU ld
configure:11583: result: yes
configure:11638: checking whether the g++ linker (/usr/bin/ld) supports shared libraries
configure:12640: result: yes
configure:12676: g++ -c -g -O2  conftest.cpp >&5
configure:12679: $? = 0
configure:13199: checking for g++ option to produce PIC
configure:13206: result: -fPIC -DPIC
configure:13214: checking if g++ PIC flag -fPIC -DPIC works
configure:13232: g++ -c -g -O2  -fPIC -DPIC -DPIC conftest.cpp >&5
configure:13236: $? = 0
configure:13249: result: yes
configure:13272: checking if g++ static flag -static works
configure:13300: result: yes
configure:13312: checking if g++ supports -c -o file.o
configure:13333: g++ -c -g -O2  -o out/conftest2.o conftest.cpp >&5
configure:13337: $? = 0
configure:13359: result: yes
configure:13364: checking if g++ supports -c -o file.o
configure:13411: result: yes
configure:13441: checking whether the g++ linker (/usr/bin/ld) supports shared libraries
configure:13480: result: yes
configure:13621: checking dynamic linker characteristics
configure:14289: result: GNU/Linux ld.so
configure:14342: checking how to hardcode library paths into programs
configure:14367: result: immediate
configure:14412: checking how to run the C++ preprocessor
configure:14478: result: g++ -E
configure:14498: g++ -E  conftest.cpp
configure:14498: $? = 0
configure:14512: g++ -E  conftest.cpp
conftest.cpp:21:28: fatal error: ac_nonexistent.h: No such file or directory
compilation terminated.
configure:14512: $? = 1
configure: failed program was:
| /* confdefs.h */
| #define PACKAGE_NAME "sbsms"
| #define PACKAGE_TARNAME "sbsms"
| #define PACKAGE_VERSION "2.0.0"
| #define PACKAGE_STRING "sbsms 2.0.0"
| #define PACKAGE_BUGREPORT ""
| #define PACKAGE_URL ""
| #define STDC_HEADERS 1
| #define HAVE_SYS_TYPES_H 1
| #define HAVE_SYS_STAT_H 1
| #define HAVE_STDLIB_H 1
| #define HAVE_STRING_H 1
| #define HAVE_MEMORY_H 1
| #define HAVE_STRINGS_H 1
| #define HAVE_INTTYPES_H 1
| #define HAVE_STDINT_H 1
| #define HAVE_UNISTD_H 1
| #define HAVE_DLFCN_H 1
| #define LT_OBJDIR ".libs/"
| /* end confdefs.h.  */
| #include <ac_nonexistent.h>
configure:14541: checking for C++ compiler vendor
configure:14565: g++ -c -g -O2  conftest.cpp >&5
conftest.cpp: In function 'int main()':
conftest.cpp:27:7: error: 'thisisanerror' was not declared in this scope
configure:14565: $? = 1
configure: failed program was:
| /* confdefs.h */
| #define PACKAGE_NAME "sbsms"
| #define PACKAGE_TARNAME "sbsms"
| #define PACKAGE_VERSION "2.0.0"
| #define PACKAGE_STRING "sbsms 2.0.0"
| #define PACKAGE_BUGREPORT ""
| #define PACKAGE_URL ""
| #define STDC_HEADERS 1
| #define HAVE_SYS_TYPES_H 1
| #define HAVE_SYS_STAT_H 1
| #define HAVE_STDLIB_H 1
| #define HAVE_STRING_H 1
| #define HAVE_MEMORY_H 1
| #define HAVE_STRINGS_H 1
| #define HAVE_INTTYPES_H 1
| #define HAVE_STDINT_H 1
| #define HAVE_UNISTD_H 1
| #define HAVE_DLFCN_H 1
| #define LT_OBJDIR ".libs/"
| /* end confdefs.h.  */
| 
| int
| main ()
| {
| 
| #if !(defined(__ICC) || defined(__ECC) || defined(__INTEL_COMPILER))
|       thisisanerror;
| #endif
| 
|   ;
|   return 0;
| }
configure:14565: g++ -c -g -O2  conftest.cpp >&5
conftest.cpp: In function 'int main()':
conftest.cpp:27:7: error: 'thisisanerror' was not declared in this scope
configure:14565: $? = 1
configure: failed program was:
| /* confdefs.h */
| #define PACKAGE_NAME "sbsms"
| #define PACKAGE_TARNAME "sbsms"
| #define PACKAGE_VERSION "2.0.0"
| #define PACKAGE_STRING "sbsms 2.0.0"
| #define PACKAGE_BUGREPORT ""
| #define PACKAGE_URL ""
| #define STDC_HEADERS 1
| #define HAVE_SYS_TYPES_H 1
| #define HAVE_SYS_STAT_H 1
| #define HAVE_STDLIB_H 1
| #define HAVE_STRING_H 1
| #define HAVE_MEMORY_H 1
| #define HAVE_STRINGS_H 1
| #define HAVE_INTTYPES_H 1
| #define HAVE_STDINT_H 1
| #define HAVE_UNISTD_H 1
| #define HAVE_DLFCN_H 1
| #define LT_OBJDIR ".libs/"
| /* end confdefs.h.  */
| 
| int
| main ()
| {
| 
| #if !(defined(__xlc__) || defined(__xlC__) || defined(__IBMC__) || defined(__IBMCPP__))
|       thisisanerror;
| #endif
| 
|   ;
|   return 0;
| }
configure:14565: g++ -c -g -O2  conftest.cpp >&5
conftest.cpp: In function 'int main()':
conftest.cpp:27:7: error: 'thisisanerror' was not declared in this scope
configure:14565: $? = 1
configure: failed program was:
| /* confdefs.h */
| #define PACKAGE_NAME "sbsms"
| #define PACKAGE_TARNAME "sbsms"
| #define PACKAGE_VERSION "2.0.0"
| #define PACKAGE_STRING "sbsms 2.0.0"
| #define PACKAGE_BUGREPORT ""
| #define PACKAGE_URL ""
| #define STDC_HEADERS 1
| #define HAVE_SYS_TYPES_H 1
| #define HAVE_SYS_STAT_H 1
| #define HAVE_STDLIB_H 1
| #define HAVE_STRING_H 1
| #define HAVE_MEMORY_H 1
| #define HAVE_STRINGS_H 1
| #define HAVE_INTTYPES_H 1
| #define HAVE_STDINT_H 1
| #define HAVE_UNISTD_H 1
| #define HAVE_DLFCN_H 1
| #define LT_OBJDIR ".libs/"
| /* end confdefs.h.  */
| 
| int
| main ()
| {
| 
| #if !(defined(__PATHCC__) || defined(__PATHSCALE__))
|       thisisanerror;
| #endif
| 
|   ;
|   return 0;
| }
configure:14565: g++ -c -g -O2  conftest.cpp >&5
configure:14565: $? = 0
configure:14572: result: gnu
configure:14580: checking for lrint
configure:14601: g++ -c   conftest.cpp >&5
configure:14601: $? = 0
configure:14608: result: yes
configure:14616: checking for lrintf
configure:14637: g++ -c   conftest.cpp >&5
configure:14637: $? = 0
configure:14644: result: yes
configure:14725: checking whether C++ compiler accepts -msse
configure:14744: g++ -c -msse  conftest.cpp >&5
configure:14744: $? = 0
configure:14754: result: yes
configure:14775: g++ -c   conftest.cpp >&5
In file included from conftest.cpp:23:0:
/usr/lib/gcc/i686-linux-gnu/4.6/include/xmmintrin.h:32:3: error: #error "SSE instruction set not enabled"
conftest.cpp: In function 'int main()':
conftest.cpp:27:1: error: '__m128' was not declared in this scope
conftest.cpp:27:8: error: expected ';' before 'v'
conftest.cpp:27:25: error: 'v' was not declared in this scope
conftest.cpp:27:43: error: '_mm_loadu_ps' was not declared in this scope
conftest.cpp:27:63: error: '_mm_storeu_ps' was not declared in this scope
conftest.cpp:27:66: error: 'w' was not declared in this scope
conftest.cpp:27:92: error: ISO C++ forbids declaration of 'type name' with no type [-fpermissive]
conftest.cpp:27:92: error: ISO C++ forbids declaration of 'type name' with no type [-fpermissive]
conftest.cpp:27:86: error: expected primary-expression before 'const'
conftest.cpp:27:86: error: expected ')' before 'const'
conftest.cpp:27:129: error: ISO C++ forbids declaration of 'type name' with no type [-fpermissive]
conftest.cpp:27:129: error: ISO C++ forbids declaration of 'type name' with no type [-fpermissive]
conftest.cpp:27:123: error: expected primary-expression before 'const'
conftest.cpp:27:123: error: expected ')' before 'const'
conftest.cpp:27:155: error: '__m64' was not declared in this scope
conftest.cpp:27:162: error: expected primary-expression before ')' token
conftest.cpp:27:167: error: '_mm_storel_pi' was not declared in this scope
conftest.cpp:27:192: error: expected primary-expression before ')' token
conftest.cpp:27:197: error: '_mm_storeh_pi' was not declared in this scope
conftest.cpp:27:218: error: '_mm_add_ps' was not declared in this scope
conftest.cpp:27:239: error: '_mm_sub_ps' was not declared in this scope
conftest.cpp:27:260: error: '_mm_mul_ps' was not declared in this scope
conftest.cpp:27:305: error: '_MM_SHUFFLE' was not declared in this scope
conftest.cpp:27:306: error: '_mm_shuffle_ps' was not declared in this scope
conftest.cpp:27:329: error: '_mm_set1_ps' was not declared in this scope
configure:14775: $? = 1
configure: failed program was:
| /* confdefs.h */
| #define PACKAGE_NAME "sbsms"
| #define PACKAGE_TARNAME "sbsms"
| #define PACKAGE_VERSION "2.0.0"
| #define PACKAGE_STRING "sbsms 2.0.0"
| #define PACKAGE_BUGREPORT ""
| #define PACKAGE_URL ""
| #define STDC_HEADERS 1
| #define HAVE_SYS_TYPES_H 1
| #define HAVE_SYS_STAT_H 1
| #define HAVE_STDLIB_H 1
| #define HAVE_STRING_H 1
| #define HAVE_MEMORY_H 1
| #define HAVE_STRINGS_H 1
| #define HAVE_INTTYPES_H 1
| #define HAVE_STDINT_H 1
| #define HAVE_UNISTD_H 1
| #define HAVE_DLFCN_H 1
| #define LT_OBJDIR ".libs/"
| #define HAVE_LRINT 1
| #define HAVE_LRINTF 1
| /* end confdefs.h.  */
| #include <xmmintrin.h>
| int
| main ()
| {
| __m128 v,w; float p[8]; v = _mm_loadu_ps(p); _mm_storeu_ps(p,v); w = _mm_loadl_pi(w,(const __m64*)p); w = _mm_loadh_pi(w,(const __m64*)p); _mm_storel_pi((__m64 *)p, w); _mm_storeh_pi((__m64 *)p, w); v = _mm_add_ps(v,w); v = _mm_sub_ps(v,w); v = _mm_mul_ps(v,w); v = _mm_shuffle_ps(v,w,_MM_SHUFFLE(0,1,2,3)); w = _mm_set1_ps(0.0f);
|   ;
|   return 0;
| }
configure:14817: checking for a BSD-compatible install
configure:14885: result: /usr/bin/install -c
configure:14896: checking whether build environment is sane
configure:14951: result: yes
configure:15099: checking for a thread-safe mkdir -p
configure:15138: result: /bin/mkdir -p
configure:15141: checking whether make sets $(MAKE)
configure:15163: result: yes
configure:15192: checking whether make supports nested variables
configure:15209: result: yes
configure:15295: checking whether to enable maintainer-specific portions of Makefiles
configure:15304: result: no
configure:15430: checking that generated files are newer than configure
configure:15436: result: done
configure:15455: creating ./config.status

## ---------------------- ##
## Running config.status. ##
## ---------------------- ##

This file was extended by sbsms config.status 2.0.0, which was
generated by GNU Autoconf 2.69.  Invocation command line was

  CONFIG_FILES    = 
  CONFIG_HEADERS  = 
  CONFIG_LINKS    = 
  CONFIG_COMMANDS = 
  $ ./config.status 

on justin-OptiPlex-760

config.status:1143: creating Makefile
config.status:1143: creating src/Makefile
config.status:1143: creating libsbsms.spec
config.status:1143: creating sbsms.pc
config.status:1143: creating src/config.h
config.status:1372: executing libtool commands

## ---------------- ##
## Cache variables. ##
## ---------------- ##

ac_cv_build=i686-pc-linux-gnu
ac_cv_c99_lrint=yes
ac_cv_c99_lrintf=yes
ac_cv_c_compiler_gnu=yes
ac_cv_cxx_compiler_gnu=yes
ac_cv_env_CCC_set=
ac_cv_env_CCC_value=
ac_cv_env_CC_set=
ac_cv_env_CC_value=
ac_cv_env_CFLAGS_set=
ac_cv_env_CFLAGS_value=
ac_cv_env_CPPFLAGS_set=
ac_cv_env_CPPFLAGS_value=
ac_cv_env_CPP_set=
ac_cv_env_CPP_value=
ac_cv_env_CXXCPP_set=
ac_cv_env_CXXCPP_value=
ac_cv_env_CXXFLAGS_set=
ac_cv_env_CXXFLAGS_value=
ac_cv_env_CXX_set=
ac_cv_env_CXX_value=
ac_cv_env_LDFLAGS_set=
ac_cv_env_LDFLAGS_value=
ac_cv_env_LIBS_set=
ac_cv_env_LIBS_value=
ac_cv_env_build_alias_set=
ac_cv_env_build_alias_value=
ac_cv_env_host_alias_set=
ac_cv_env_host_alias_value=
ac_cv_env_target_alias_set=
ac_cv_env_target_alias_value=
ac_cv_header_dlfcn_h=yes
ac_cv_header_inttypes_h=yes
ac_cv_header_memory_h=yes
ac_cv_header_stdc=yes
ac_cv_header_stdint_h=yes
ac_cv_header_stdlib_h=yes
ac_cv_header_string_h=yes
ac_cv_header_strings_h=yes
ac_cv_header_sys_stat_h=yes
ac_cv_header_sys_types_h=yes
ac_cv_header_unistd_h=yes
ac_cv_host=i686-pc-linux-gnu
ac_cv_objext=o
ac_cv_path_EGREP='/bin/grep -E'
ac_cv_path_FGREP='/bin/grep -F'
ac_cv_path_GREP=/bin/grep
ac_cv_path_SED=/bin/sed
ac_cv_path_install='/usr/bin/install -c'
ac_cv_path_mkdir=/bin/mkdir
ac_cv_prog_AWK=mawk
ac_cv_prog_CPP='gcc -E'
ac_cv_prog_CXXCPP='g++ -E'
ac_cv_prog_ac_ct_AR=ar
ac_cv_prog_ac_ct_CC=gcc
ac_cv_prog_ac_ct_CXX=g++
ac_cv_prog_ac_ct_MANIFEST_TOOL=mt
ac_cv_prog_ac_ct_OBJDUMP=objdump
ac_cv_prog_ac_ct_RANLIB=ranlib
ac_cv_prog_ac_ct_STRIP=strip
ac_cv_prog_cc_c89=
ac_cv_prog_cc_g=yes
ac_cv_prog_cxx_g=yes
ac_cv_prog_make_make_set=yes
ac_cv_target=i686-pc-linux-gnu
am_cv_ar_interface=ar
am_cv_make_support_nested_variables=yes
ax_cv_cxx_compiler_vendor=gnu
ax_cv_cxx_flags__msse=yes
lt_cv_ar_at_file=@
lt_cv_deplibs_check_method=pass_all
lt_cv_file_magic_cmd='$MAGIC_CMD'
lt_cv_file_magic_test_file=
lt_cv_ld_reload_flag=-r
lt_cv_nm_interface='BSD nm'
lt_cv_objdir=.libs
lt_cv_path_LD=/usr/bin/ld
lt_cv_path_LDCXX=/usr/bin/ld
lt_cv_path_NM='/usr/bin/nm -B'
lt_cv_path_mainfest_tool=no
lt_cv_prog_compiler_c_o=yes
lt_cv_prog_compiler_c_o_CXX=yes
lt_cv_prog_compiler_pic='-fPIC -DPIC'
lt_cv_prog_compiler_pic_CXX='-fPIC -DPIC'
lt_cv_prog_compiler_pic_works=yes
lt_cv_prog_compiler_pic_works_CXX=yes
lt_cv_prog_compiler_rtti_exceptions=no
lt_cv_prog_compiler_static_works=yes
lt_cv_prog_compiler_static_works_CXX=yes
lt_cv_prog_gnu_ld=yes
lt_cv_prog_gnu_ldcxx=yes
lt_cv_sharedlib_from_linklib_cmd='printf %s\n'
lt_cv_shlibpath_overrides_runpath=no
lt_cv_sys_global_symbol_pipe='sed -n -e '\''s/^.*[	 ]\([ABCDGIRSTW][ABCDGIRSTW]*\)[	 ][	 ]*\([_A-Za-z][_A-Za-z0-9]*\)$/\1 \2 \2/p'\'' | sed '\''/ __gnu_lto/d'\'''
lt_cv_sys_global_symbol_to_c_name_address='sed -n -e '\''s/^: \([^ ]*\)[ ]*$/  {\"\1\", (void *) 0},/p'\'' -e '\''s/^[ABCDGIRSTW]* \([^ ]*\) \([^ ]*\)$/  {"\2", (void *) \&\2},/p'\'''
lt_cv_sys_global_symbol_to_c_name_address_lib_prefix='sed -n -e '\''s/^: \([^ ]*\)[ ]*$/  {\"\1\", (void *) 0},/p'\'' -e '\''s/^[ABCDGIRSTW]* \([^ ]*\) \(lib[^ ]*\)$/  {"\2", (void *) \&\2},/p'\'' -e '\''s/^[ABCDGIRSTW]* \([^ ]*\) \([^ ]*\)$/  {"lib\2", (void *) \&\2},/p'\'''
lt_cv_sys_global_symbol_to_cdecl='sed -n -e '\''s/^T .* \(.*\)$/extern int \1();/p'\'' -e '\''s/^[ABCDGIRSTW]* .* \(.*\)$/extern char \1;/p'\'''
lt_cv_sys_max_cmd_len=1572864
lt_cv_to_host_file_cmd=func_convert_file_noop
lt_cv_to_tool_file_cmd=func_convert_file_noop

## ----------------- ##
## Output variables. ##
## ----------------- ##

ACLOCAL='${SHELL} /home/justin/audacity-read-only/lib-src/sbsms/missing aclocal-1.13'
AMTAR='$${TAR-tar}'
AM_BACKSLASH='\'
AM_DEFAULT_V='$(AM_DEFAULT_VERBOSITY)'
AM_DEFAULT_VERBOSITY='1'
AM_V='$(V)'
AR='ar'
AUTOCONF='${SHELL} /home/justin/audacity-read-only/lib-src/sbsms/missing autoconf'
AUTOHEADER='${SHELL} /home/justin/audacity-read-only/lib-src/sbsms/missing autoheader'
AUTOMAKE='${SHELL} /home/justin/audacity-read-only/lib-src/sbsms/missing automake-1.13'
AWK='mawk'
CC='gcc'
CFLAGS='-g -O2'
CPP='gcc -E'
CPPFLAGS=''
CXX='g++'
CXXCPP='g++ -E'
CXXFLAGS=''
CYGPATH_W='echo'
DEFS='-DHAVE_CONFIG_H'
DLLTOOL='false'
DSYMUTIL=''
DUMPBIN=''
ECHO_C=''
ECHO_N='-n'
ECHO_T=''
EGREP='/bin/grep -E'
EXEEXT=''
FGREP='/bin/grep -F'
GREP='/bin/grep'
INSTALL_DATA='${INSTALL} -m 644'
INSTALL_PROGRAM='${INSTALL}'
INSTALL_SCRIPT='${INSTALL}'
INSTALL_STRIP_PROGRAM='$(install_sh) -c -s'
LD='/usr/bin/ld'
LDFLAGS=''
LIBOBJS=''
LIBS=''
LIBTOOL='$(SHELL) $(top_builddir)/libtool'
LIPO=''
LN_S='ln -s'
LTLIBOBJS=''
MAINT='#'
MAINTAINER_MODE_FALSE=''
MAINTAINER_MODE_TRUE='#'
MAKEINFO='${SHELL} /home/justin/audacity-read-only/lib-src/sbsms/missing makeinfo'
MANIFEST_TOOL=':'
MKDIR_P='/bin/mkdir -p'
NM='/usr/bin/nm -B'
NMEDIT=''
OBJDUMP='objdump'
OBJEXT='o'
OTOOL64=''
OTOOL=''
PACKAGE='sbsms'
PACKAGE_BUGREPORT=''
PACKAGE_NAME='sbsms'
PACKAGE_STRING='sbsms 2.0.0'
PACKAGE_TARNAME='sbsms'
PACKAGE_URL=''
PACKAGE_VERSION='2.0.0'
PATH_SEPARATOR=':'
RANLIB='ranlib'
SBSMS_CFLAGS='-ffast-math -funroll-loops -O3 -fomit-frame-pointer -msse'
SED='/bin/sed'
SET_MAKE=''
SHARED_VERSION_INFO='10:0:0'
SHELL='/bin/bash'
SHLIB_VERSION_ARG=''
STRIP='strip'
VERSION='2.0.0'
ac_ct_AR='ar'
ac_ct_CC='gcc'
ac_ct_CXX='g++'
ac_ct_DUMPBIN=''
am__EXEEXT_FALSE=''
am__EXEEXT_TRUE='#'
am__isrc=''
am__leading_dot='.'
am__tar='$${TAR-tar} chof - "$$tardir"'
am__untar='$${TAR-tar} xf -'
bindir='${exec_prefix}/bin'
build='i686-pc-linux-gnu'
build_alias=''
build_cpu='i686'
build_os='linux-gnu'
build_vendor='pc'
datadir='${datarootdir}'
datarootdir='${prefix}/share'
docdir='${datarootdir}/doc/${PACKAGE_TARNAME}'
dvidir='${docdir}'
exec_prefix='${prefix}'
host='i686-pc-linux-gnu'
host_alias=''
host_cpu='i686'
host_os='linux-gnu'
host_vendor='pc'
htmldir='${docdir}'
includedir='${prefix}/include'
infodir='${datarootdir}/info'
install_sh='${SHELL} /home/justin/audacity-read-only/lib-src/sbsms/install-sh'
libdir='${exec_prefix}/lib'
libexecdir='${exec_prefix}/libexec'
localedir='${datarootdir}/locale'
localstatedir='${prefix}/var'
mandir='${datarootdir}/man'
mkdir_p='$(MKDIR_P)'
oldincludedir='/usr/include'
pdfdir='${docdir}'
prefix='/usr/local'
program_transform_name='s,x,x,'
psdir='${docdir}'
sbindir='${exec_prefix}/sbin'
sharedstatedir='${prefix}/com'
sysconfdir='${prefix}/etc'
target='i686-pc-linux-gnu'
target_alias=''
target_cpu='i686'
target_os='linux-gnu'
target_vendor='pc'

## ----------- ##
## confdefs.h. ##
## ----------- ##

/* confdefs.h */
#define PACKAGE_NAME "sbsms"
#define PACKAGE_TARNAME "sbsms"
#define PACKAGE_VERSION "2.0.0"
#define PACKAGE_STRING "sbsms 2.0.0"
#define PACKAGE_BUGREPORT ""
#define PACKAGE_URL ""
#define STDC_HEADERS 1
#define HAVE_SYS_TYPES_H 1
#define HAVE_SYS_STAT_H 1
#define HAVE_STDLIB_H 1
#define HAVE_STRING_H 1
#define HAVE_MEMORY_H 1
#define HAVE_STRINGS_H 1
#define HAVE_INTTYPES_H 1
#define HAVE_STDINT_H 1
#define HAVE_UNISTD_H 1
#define HAVE_DLFCN_H 1
#define LT_OBJDIR ".libs/"
#define HAVE_LRINT 1
#define HAVE_LRINTF 1
#define PACKAGE "sbsms"
#define VERSION "2.0.0"

configure: exit 0
