Performing C SOURCE FILE Test SIMD_FLAG_DETECTED failed with the following output:
Change Dir: /home/justin/audacity-read-only/lib-src/libsoxr/CMakeFiles/CMakeTmp

Run Build Command:/usr/bin/make "cmTryCompileExec/fast"
/usr/bin/make -f CMakeFiles/cmTryCompileExec.dir/build.make CMakeFiles/cmTryCompileExec.dir/build
make[1]: Entering directory `/home/justin/audacity-read-only/lib-src/libsoxr/CMakeFiles/CMakeTmp'
/usr/bin/cmake -E cmake_progress_report /home/justin/audacity-read-only/lib-src/libsoxr/CMakeFiles/CMakeTmp/CMakeFiles 1
Building C object CMakeFiles/cmTryCompileExec.dir/src.c.o
/usr/bin/gcc   -DSIMD_FLAG_DETECTED   -o CMakeFiles/cmTryCompileExec.dir/src.c.o   -c /home/justin/audacity-read-only/lib-src/libsoxr/CMakeFiles/CMakeTmp/src.c
In file included from /home/justin/audacity-read-only/lib-src/libsoxr/CMakeFiles/CMakeTmp/src.c:2:0:
/usr/lib/gcc/i686-linux-gnu/4.6/include/xmmintrin.h:32:3: error: #error "SSE instruction set not enabled"
/home/justin/audacity-read-only/lib-src/libsoxr/CMakeFiles/CMakeTmp/src.c: In function 'main':
/home/justin/audacity-read-only/lib-src/libsoxr/CMakeFiles/CMakeTmp/src.c:5:3: error: unknown type name '__m128'
make[1]: *** [CMakeFiles/cmTryCompileExec.dir/src.c.o] Error 1
make[1]: Leaving directory `/home/justin/audacity-read-only/lib-src/libsoxr/CMakeFiles/CMakeTmp'
make: *** [cmTryCompileExec/fast] Error 2

Source file was:

#include <xmmintrin.h>
int main()
{
  __m128 a, b;
  float vals[4] = {0};
  a = _mm_loadu_ps (vals);
  b = a;
  b = _mm_add_ps (a,b);
  _mm_storeu_ps (vals,b);
  return 0;
}

Performing C SOURCE FILE Test SIMD_FLAG_DETECTED failed with the following output:
Change Dir: /home/justin/audacity-read-only/lib-src/libsoxr/CMakeFiles/CMakeTmp

Run Build Command:/usr/bin/make "cmTryCompileExec/fast"
/usr/bin/make -f CMakeFiles/cmTryCompileExec.dir/build.make CMakeFiles/cmTryCompileExec.dir/build
make[1]: Entering directory `/home/justin/audacity-read-only/lib-src/libsoxr/CMakeFiles/CMakeTmp'
/usr/bin/cmake -E cmake_progress_report /home/justin/audacity-read-only/lib-src/libsoxr/CMakeFiles/CMakeTmp/CMakeFiles 1
Building C object CMakeFiles/cmTryCompileExec.dir/src.c.o
/usr/bin/gcc   -DSIMD_FLAG_DETECTED /arch:SSE /fp:fast -D__SSE__   -o CMakeFiles/cmTryCompileExec.dir/src.c.o   -c /home/justin/audacity-read-only/lib-src/libsoxr/CMakeFiles/CMakeTmp/src.c
gcc: error: /arch:SSE: No such file or directory
gcc: error: /fp:fast: No such file or directory
make[1]: *** [CMakeFiles/cmTryCompileExec.dir/src.c.o] Error 1
make[1]: Leaving directory `/home/justin/audacity-read-only/lib-src/libsoxr/CMakeFiles/CMakeTmp'
make: *** [cmTryCompileExec/fast] Error 2

Source file was:

#include <xmmintrin.h>
int main()
{
  __m128 a, b;
  float vals[4] = {0};
  a = _mm_loadu_ps (vals);
  b = a;
  b = _mm_add_ps (a,b);
  _mm_storeu_ps (vals,b);
  return 0;
}

Performing C SOURCE FILE Test HAVE_WORDS_BIGENDIAN failed with the following output:
Change Dir: /home/justin/audacity-read-only/lib-src/libsoxr/CMakeFiles/CMakeTmp

Run Build Command:/usr/bin/make "cmTryCompileExec/fast"
/usr/bin/make -f CMakeFiles/cmTryCompileExec.dir/build.make CMakeFiles/cmTryCompileExec.dir/build
make[1]: Entering directory `/home/justin/audacity-read-only/lib-src/libsoxr/CMakeFiles/CMakeTmp'
/usr/bin/cmake -E cmake_progress_report /home/justin/audacity-read-only/lib-src/libsoxr/CMakeFiles/CMakeTmp/CMakeFiles 1
Building C object CMakeFiles/cmTryCompileExec.dir/src.c.o
/usr/bin/gcc   -DHAVE_WORDS_BIGENDIAN   -o CMakeFiles/cmTryCompileExec.dir/src.c.o   -c /home/justin/audacity-read-only/lib-src/libsoxr/CMakeFiles/CMakeTmp/src.c
Linking C executable cmTryCompileExec
/usr/bin/cmake -E cmake_link_script CMakeFiles/cmTryCompileExec.dir/link.txt --verbose=1
/usr/bin/gcc     -DHAVE_WORDS_BIGENDIAN    CMakeFiles/cmTryCompileExec.dir/src.c.o  -o cmTryCompileExec -rdynamic -lm 
make[1]: Leaving directory `/home/justin/audacity-read-only/lib-src/libsoxr/CMakeFiles/CMakeTmp'

Return value: 1
Source file was:
int main() {union {long i; char c[sizeof(long)];}
      const u = {1}; return !!u.c[0];}
