This file contains any messages produced by compilers while
running configure, to aid debugging if configure makes a mistake.

It was created by libnyquist configure 0.1, which was
generated by GNU Autoconf 2.69.  Invocation command line was

  $ ./configure --disable-option-checking --prefix=/usr/local/ --with-wx-config=/usr/bin/wx-config --enable-static=yes --enable-shared=no --disable-programs --cache-file=/dev/null --srcdir=.

## --------- ##
## Platform. ##
## --------- ##

hostname = justin-OptiPlex-760
uname -m = i686
uname -r = 3.8.0-29-generic
uname -s = Linux
uname -v = #42~precise1-Ubuntu SMP Wed Aug 14 15:31:16 UTC 2013

/usr/bin/uname -p = unknown
/bin/uname -X     = unknown

/bin/arch              = unknown
/usr/bin/arch -k       = unknown
/usr/convex/getsysinfo = unknown
/usr/bin/hostinfo      = unknown
/bin/machine           = unknown
/usr/bin/oslevel       = unknown
/bin/universe          = unknown

PATH: /usr/lib/lightdm/lightdm
PATH: /usr/local/sbin
PATH: /usr/local/bin
PATH: /usr/sbin
PATH: /usr/bin
PATH: /sbin
PATH: /bin
PATH: /usr/games


## ----------- ##
## Core tests. ##
## ----------- ##

configure:2301: checking for a BSD-compatible install
configure:2369: result: /usr/bin/install -c
configure:2380: checking whether build environment is sane
configure:2435: result: yes
configure:2586: checking for a thread-safe mkdir -p
configure:2625: result: /bin/mkdir -p
configure:2632: checking for gawk
configure:2662: result: no
configure:2632: checking for mawk
configure:2648: found /usr/bin/mawk
configure:2659: result: mawk
configure:2670: checking whether make sets $(MAKE)
configure:2692: result: yes
configure:2721: checking whether make supports nested variables
configure:2738: result: yes
configure:2823: checking whether to enable maintainer-specific portions of Makefiles
configure:2832: result: no
configure:2897: checking for gcc
configure:2913: found /usr/bin/gcc
configure:2924: result: gcc
configure:3153: checking for C compiler version
configure:3162: gcc --version >&5
gcc (Ubuntu/Linaro 4.6.3-1ubuntu5) 4.6.3
Copyright (C) 2011 Free Software Foundation, Inc.
This is free software; see the source for copying conditions.  There is NO
warranty; not even for MERCHANTABILITY or FITNESS FOR A PARTICULAR PURPOSE.

configure:3173: $? = 0
configure:3162: gcc -v >&5
Using built-in specs.
COLLECT_GCC=gcc
COLLECT_LTO_WRAPPER=/usr/lib/gcc/i686-linux-gnu/4.6/lto-wrapper
Target: i686-linux-gnu
Configured with: ../src/configure -v --with-pkgversion='Ubuntu/Linaro 4.6.3-1ubuntu5' --with-bugurl=file:///usr/share/doc/gcc-4.6/README.Bugs --enable-languages=c,c++,fortran,objc,obj-c++ --prefix=/usr --program-suffix=-4.6 --enable-shared --enable-linker-build-id --with-system-zlib --libexecdir=/usr/lib --without-included-gettext --enable-threads=posix --with-gxx-include-dir=/usr/include/c++/4.6 --libdir=/usr/lib --enable-nls --with-sysroot=/ --enable-clocale=gnu --enable-libstdcxx-debug --enable-libstdcxx-time=yes --enable-gnu-unique-object --enable-plugin --enable-objc-gc --enable-targets=all --disable-werror --with-arch-32=i686 --with-tune=generic --enable-checking=release --build=i686-linux-gnu --host=i686-linux-gnu --target=i686-linux-gnu
Thread model: posix
gcc version 4.6.3 (Ubuntu/Linaro 4.6.3-1ubuntu5) 
configure:3173: $? = 0
configure:3162: gcc -V >&5
gcc: error: unrecognized option '-V'
gcc: fatal error: no input files
compilation terminated.
configure:3173: $? = 4
configure:3162: gcc -qversion >&5
gcc: error: unrecognized option '-qversion'
gcc: fatal error: no input files
compilation terminated.
configure:3173: $? = 4
configure:3193: checking whether the C compiler works
configure:3215: gcc    conftest.c  >&5
configure:3219: $? = 0
configure:3267: result: yes
configure:3270: checking for C compiler default output file name
configure:3272: result: a.out
configure:3278: checking for suffix of executables
configure:3285: gcc -o conftest    conftest.c  >&5
configure:3289: $? = 0
configure:3311: result: 
configure:3333: checking whether we are cross compiling
configure:3341: gcc -o conftest    conftest.c  >&5
configure:3345: $? = 0
configure:3352: ./conftest
configure:3356: $? = 0
configure:3371: result: no
configure:3376: checking for suffix of object files
configure:3398: gcc -c   conftest.c >&5
configure:3402: $? = 0
configure:3423: result: o
configure:3427: checking whether we are using the GNU C compiler
configure:3446: gcc -c   conftest.c >&5
configure:3446: $? = 0
configure:3455: result: yes
configure:3464: checking whether gcc accepts -g
configure:3484: gcc -c -g  conftest.c >&5
configure:3484: $? = 0
configure:3525: result: yes
configure:3542: checking for gcc option to accept ISO C89
configure:3605: gcc  -c -g -O2  conftest.c >&5
configure:3605: $? = 0
configure:3618: result: none needed
configure:3649: checking for style of include used by make
configure:3677: result: GNU
configure:3703: checking dependency style of gcc
configure:3814: result: gcc3
configure:3893: checking for g++
configure:3909: found /usr/bin/g++
configure:3920: result: g++
configure:3947: checking for C++ compiler version
configure:3956: g++ --version >&5
g++ (Ubuntu/Linaro 4.6.3-1ubuntu5) 4.6.3
Copyright (C) 2011 Free Software Foundation, Inc.
This is free software; see the source for copying conditions.  There is NO
warranty; not even for MERCHANTABILITY or FITNESS FOR A PARTICULAR PURPOSE.

configure:3967: $? = 0
configure:3956: g++ -v >&5
Using built-in specs.
COLLECT_GCC=g++
COLLECT_LTO_WRAPPER=/usr/lib/gcc/i686-linux-gnu/4.6/lto-wrapper
Target: i686-linux-gnu
Configured with: ../src/configure -v --with-pkgversion='Ubuntu/Linaro 4.6.3-1ubuntu5' --with-bugurl=file:///usr/share/doc/gcc-4.6/README.Bugs --enable-languages=c,c++,fortran,objc,obj-c++ --prefix=/usr --program-suffix=-4.6 --enable-shared --enable-linker-build-id --with-system-zlib --libexecdir=/usr/lib --without-included-gettext --enable-threads=posix --with-gxx-include-dir=/usr/include/c++/4.6 --libdir=/usr/lib --enable-nls --with-sysroot=/ --enable-clocale=gnu --enable-libstdcxx-debug --enable-libstdcxx-time=yes --enable-gnu-unique-object --enable-plugin --enable-objc-gc --enable-targets=all --disable-werror --with-arch-32=i686 --with-tune=generic --enable-checking=release --build=i686-linux-gnu --host=i686-linux-gnu --target=i686-linux-gnu
Thread model: posix
gcc version 4.6.3 (Ubuntu/Linaro 4.6.3-1ubuntu5) 
configure:3967: $? = 0
configure:3956: g++ -V >&5
g++: error: unrecognized option '-V'
g++: fatal error: no input files
compilation terminated.
configure:3967: $? = 4
configure:3956: g++ -qversion >&5
g++: error: unrecognized option '-qversion'
g++: fatal error: no input files
compilation terminated.
configure:3967: $? = 4
configure:3971: checking whether we are using the GNU C++ compiler
configure:3990: g++ -c   conftest.cpp >&5
configure:3990: $? = 0
configure:3999: result: yes
configure:4008: checking whether g++ accepts -g
configure:4028: g++ -c -g  conftest.cpp >&5
configure:4028: $? = 0
configure:4069: result: yes
configure:4094: checking dependency style of g++
configure:4205: result: gcc3
configure:4225: checking how to run the C++ preprocessor
configure:4252: g++ -E  conftest.cpp
configure:4252: $? = 0
configure:4266: g++ -E  conftest.cpp
conftest.cpp:11:28: fatal error: ac_nonexistent.h: No such file or directory
compilation terminated.
configure:4266: $? = 1
configure: failed program was:
| /* confdefs.h */
| #define PACKAGE_NAME "libnyquist"
| #define PACKAGE_TARNAME "libnyquist"
| #define PACKAGE_VERSION "0.1"
| #define PACKAGE_STRING "libnyquist 0.1"
| #define PACKAGE_BUGREPORT ""
| #define PACKAGE_URL ""
| #define PACKAGE "libnyquist"
| #define VERSION "0.1"
| /* end confdefs.h.  */
| #include <ac_nonexistent.h>
configure:4291: result: g++ -E
configure:4311: g++ -E  conftest.cpp
configure:4311: $? = 0
configure:4325: g++ -E  conftest.cpp
conftest.cpp:11:28: fatal error: ac_nonexistent.h: No such file or directory
compilation terminated.
configure:4325: $? = 1
configure: failed program was:
| /* confdefs.h */
| #define PACKAGE_NAME "libnyquist"
| #define PACKAGE_TARNAME "libnyquist"
| #define PACKAGE_VERSION "0.1"
| #define PACKAGE_STRING "libnyquist 0.1"
| #define PACKAGE_BUGREPORT ""
| #define PACKAGE_URL ""
| #define PACKAGE "libnyquist"
| #define VERSION "0.1"
| /* end confdefs.h.  */
| #include <ac_nonexistent.h>
configure:4403: checking for ar
configure:4419: found /usr/bin/ar
configure:4430: result: ar
configure:4456: checking the archiver (ar) interface
configure:4466: g++ -c -g -O2  conftest.cpp >&5
configure:4466: $? = 0
configure:4468: ar cru libconftest.a conftest.o >&5
configure:4471: $? = 0
configure:4494: result: ar
configure:4515: checking whether gcc and cc understand -c and -o together
configure:4546: gcc -c conftest.cpp -o conftest2.o >&5
configure:4550: $? = 0
configure:4556: gcc -c conftest.cpp -o conftest2.o >&5
configure:4560: $? = 0
configure:4571: cc -c conftest.cpp >&5
configure:4575: $? = 0
configure:4583: cc -c conftest.cpp -o conftest2.o >&5
configure:4587: $? = 0
configure:4593: cc -c conftest.cpp -o conftest2.o >&5
configure:4597: $? = 0
configure:4615: result: yes
configure:4688: checking for ranlib
configure:4704: found /usr/bin/ranlib
configure:4715: result: ranlib
configure:4769: checking CFLAGS for strict prototypes
configure:4796: gcc -c  -pedantic  -fstrict-prototypes -Wstrict-prototypes  conftest.c >&5
cc1: error: unrecognized command line option '-fstrict-prototypes'
configure:4796: $? = 1
configure: failed program was:
| /* confdefs.h */
| #define PACKAGE_NAME "libnyquist"
| #define PACKAGE_TARNAME "libnyquist"
| #define PACKAGE_VERSION "0.1"
| #define PACKAGE_STRING "libnyquist 0.1"
| #define PACKAGE_BUGREPORT ""
| #define PACKAGE_URL ""
| #define PACKAGE "libnyquist"
| #define VERSION "0.1"
| #define INSTALL_PREFIX "/usr/local"
| /* end confdefs.h.  */
| 
| int
| main ()
| {
| return 0;
|   ;
|   return 0;
| }
configure:4796: gcc -c  -pedantic  -Wstrict-prototypes  conftest.c >&5
conftest.c:14:1: warning: function declaration isn't a prototype [-Wstrict-prototypes]
configure:4796: $? = 0
configure:4818: gcc -c  -pedantic  -Wstrict-prototypes  conftest.c >&5
conftest.c:14:1: warning: function declaration isn't a prototype [-Wstrict-prototypes]
configure:4818: $? = 0
configure:4838: result: -Wstrict-prototypes
configure:4851: : CFLAGS="$CFLAGS $ac_cv_cflags_strict_prototypes"
configure:4854: $? = 0
configure:4862: checking wall_flags for maximum warnings
configure:4889: gcc -c  -Wstrict-prototypes -pedantic  -Wall  conftest.c >&5
conftest.c:14:1: warning: function declaration isn't a prototype [-Wstrict-prototypes]
configure:4889: $? = 0
configure:4903: result: -Wall
configure:4916: : wall_flags="$wall_flags $ac_cv_cflags_warn_all"
configure:4919: $? = 0
configure:4927: checking for a sed that does not truncate output
configure:4991: result: /bin/sed
configure:5003: checking whether the C++ compiler accepts the  -Wall flag
configure:5032: g++ -c   -Wall  conftest.cpp >&5
configure:5032: $? = 0
configure:5055: result: yes
configure:5081: checking whether the C++ preprocessor accepts the  -Wall flag
configure:5110: g++ -E  conftest.cpp
configure:5110: $? = 0
configure:5133: result: yes
configure:5155: checking for strchr
configure:5155: g++ -o conftest   -Wall   -Wall  conftest.cpp  >&5
configure:5155: $? = 0
configure:5155: result: yes
configure:5155: checking for memmove
configure:5155: g++ -o conftest   -Wall   -Wall  conftest.cpp  >&5
configure:5155: $? = 0
configure:5155: result: yes
configure:5164: checking for grep that handles long lines and -e
configure:5222: result: /bin/grep
configure:5227: checking for egrep
configure:5289: result: /bin/grep -E
configure:5294: checking for ANSI C header files
configure:5314: g++ -c   -Wall   -Wall conftest.cpp >&5
configure:5314: $? = 0
configure:5387: g++ -o conftest   -Wall   -Wall  conftest.cpp  >&5
configure:5387: $? = 0
configure:5387: ./conftest
configure:5387: $? = 0
configure:5398: result: yes
configure:5411: checking for sys/types.h
configure:5411: g++ -c   -Wall   -Wall conftest.cpp >&5
configure:5411: $? = 0
configure:5411: result: yes
configure:5411: checking for sys/stat.h
configure:5411: g++ -c   -Wall   -Wall conftest.cpp >&5
configure:5411: $? = 0
configure:5411: result: yes
configure:5411: checking for stdlib.h
configure:5411: g++ -c   -Wall   -Wall conftest.cpp >&5
configure:5411: $? = 0
configure:5411: result: yes
configure:5411: checking for string.h
configure:5411: g++ -c   -Wall   -Wall conftest.cpp >&5
configure:5411: $? = 0
configure:5411: result: yes
configure:5411: checking for memory.h
configure:5411: g++ -c   -Wall   -Wall conftest.cpp >&5
configure:5411: $? = 0
configure:5411: result: yes
configure:5411: checking for strings.h
configure:5411: g++ -c   -Wall   -Wall conftest.cpp >&5
configure:5411: $? = 0
configure:5411: result: yes
configure:5411: checking for inttypes.h
configure:5411: g++ -c   -Wall   -Wall conftest.cpp >&5
configure:5411: $? = 0
configure:5411: result: yes
configure:5411: checking for stdint.h
configure:5411: g++ -c   -Wall   -Wall conftest.cpp >&5
configure:5411: $? = 0
configure:5411: result: yes
configure:5411: checking for unistd.h
configure:5411: g++ -c   -Wall   -Wall conftest.cpp >&5
configure:5411: $? = 0
configure:5411: result: yes
configure:5425: checking for stdlib.h
configure:5425: result: yes
configure:5435: checking for GNU libc compatible malloc
configure:5459: g++ -o conftest   -Wall   -Wall  conftest.cpp  >&5
configure:5459: $? = 0
configure:5459: ./conftest
configure:5459: $? = 0
configure:5469: result: yes
configure:5490: checking for stdbool.h that conforms to C99
configure:5557: g++ -c   -Wall   -Wall conftest.cpp >&5
conftest.cpp: In function 'int main()':
conftest.cpp:75:24: warning: the address of 's' will always evaluate as 'true' [-Waddress]
conftest.cpp:79:23: warning: the address of 'a' will always evaluate as 'true' [-Waddress]
conftest.cpp:79:28: warning: the address of 'b' will always evaluate as 'true' [-Waddress]
conftest.cpp:79:33: warning: the address of 'c' will always evaluate as 'true' [-Waddress]
conftest.cpp:79:38: warning: the address of 'd' will always evaluate as 'true' [-Waddress]
conftest.cpp:79:48: warning: the address of 'f' will always evaluate as 'true' [-Waddress]
conftest.cpp:79:53: warning: the address of 'g' will always evaluate as 'true' [-Waddress]
conftest.cpp:79:58: warning: the address of 'h' will always evaluate as 'true' [-Waddress]
conftest.cpp:79:63: warning: the address of 'i' will always evaluate as 'true' [-Waddress]
conftest.cpp:80:30: warning: the address of 'n' will always evaluate as 'true' [-Waddress]
conftest.cpp:80:35: warning: the address of 'o' will always evaluate as 'true' [-Waddress]
conftest.cpp:80:40: warning: the address of 'p' will always evaluate as 'true' [-Waddress]
configure:5557: $? = 0
configure:5564: result: yes
configure:5566: checking for _Bool
configure:5566: g++ -c   -Wall   -Wall conftest.cpp >&5
conftest.cpp: In function 'int main()':
conftest.cpp:62:13: error: '_Bool' was not declared in this scope
configure:5566: $? = 1
configure: failed program was:
| /* confdefs.h */
| #define PACKAGE_NAME "libnyquist"
| #define PACKAGE_TARNAME "libnyquist"
| #define PACKAGE_VERSION "0.1"
| #define PACKAGE_STRING "libnyquist 0.1"
| #define PACKAGE_BUGREPORT ""
| #define PACKAGE_URL ""
| #define PACKAGE "libnyquist"
| #define VERSION "0.1"
| #define INSTALL_PREFIX "/usr/local"
| #define HAVE_STRCHR 1
| #define HAVE_MEMMOVE 1
| #define STDC_HEADERS 1
| #define HAVE_SYS_TYPES_H 1
| #define HAVE_SYS_STAT_H 1
| #define HAVE_STDLIB_H 1
| #define HAVE_STRING_H 1
| #define HAVE_MEMORY_H 1
| #define HAVE_STRINGS_H 1
| #define HAVE_INTTYPES_H 1
| #define HAVE_STDINT_H 1
| #define HAVE_UNISTD_H 1
| #define HAVE_STDLIB_H 1
| #define HAVE_MALLOC 1
| /* end confdefs.h.  */
| #include <stdio.h>
| #ifdef HAVE_SYS_TYPES_H
| # include <sys/types.h>
| #endif
| #ifdef HAVE_SYS_STAT_H
| # include <sys/stat.h>
| #endif
| #ifdef STDC_HEADERS
| # include <stdlib.h>
| # include <stddef.h>
| #else
| # ifdef HAVE_STDLIB_H
| #  include <stdlib.h>
| # endif
| #endif
| #ifdef HAVE_STRING_H
| # if !defined STDC_HEADERS && defined HAVE_MEMORY_H
| #  include <memory.h>
| # endif
| # include <string.h>
| #endif
| #ifdef HAVE_STRINGS_H
| # include <strings.h>
| #endif
| #ifdef HAVE_INTTYPES_H
| # include <inttypes.h>
| #endif
| #ifdef HAVE_STDINT_H
| # include <stdint.h>
| #endif
| #ifdef HAVE_UNISTD_H
| # include <unistd.h>
| #endif
| int
| main ()
| {
| if (sizeof (_Bool))
| 	 return 0;
|   ;
|   return 0;
| }
configure:5566: result: no
configure:5584: checking for ANSI C header files
configure:5688: result: yes
configure:5699: checking for stdlib.h
configure:5699: result: yes
configure:5699: checking for string.h
configure:5699: result: yes
configure:5710: checking for an ANSI C-conforming const
configure:5776: g++ -c   -Wall   -Wall conftest.cpp >&5
configure:5776: $? = 0
configure:5783: result: yes
configure:5791: checking for size_t
configure:5791: g++ -c   -Wall   -Wall conftest.cpp >&5
configure:5791: $? = 0
configure:5791: g++ -c   -Wall   -Wall conftest.cpp >&5
conftest.cpp: In function 'int main()':
conftest.cpp:66:20: error: expected primary-expression before ')' token
configure:5791: $? = 1
configure: failed program was:
| /* confdefs.h */
| #define PACKAGE_NAME "libnyquist"
| #define PACKAGE_TARNAME "libnyquist"
| #define PACKAGE_VERSION "0.1"
| #define PACKAGE_STRING "libnyquist 0.1"
| #define PACKAGE_BUGREPORT ""
| #define PACKAGE_URL ""
| #define PACKAGE "libnyquist"
| #define VERSION "0.1"
| #define INSTALL_PREFIX "/usr/local"
| #define HAVE_STRCHR 1
| #define HAVE_MEMMOVE 1
| #define STDC_HEADERS 1
| #define HAVE_SYS_TYPES_H 1
| #define HAVE_SYS_STAT_H 1
| #define HAVE_STDLIB_H 1
| #define HAVE_STRING_H 1
| #define HAVE_MEMORY_H 1
| #define HAVE_STRINGS_H 1
| #define HAVE_INTTYPES_H 1
| #define HAVE_STDINT_H 1
| #define HAVE_UNISTD_H 1
| #define HAVE_STDLIB_H 1
| #define HAVE_MALLOC 1
| #define HAVE_STDBOOL_H 1
| #define STDC_HEADERS 1
| #define HAVE_STDLIB_H 1
| #define HAVE_STRING_H 1
| /* end confdefs.h.  */
| #include <stdio.h>
| #ifdef HAVE_SYS_TYPES_H
| # include <sys/types.h>
| #endif
| #ifdef HAVE_SYS_STAT_H
| # include <sys/stat.h>
| #endif
| #ifdef STDC_HEADERS
| # include <stdlib.h>
| # include <stddef.h>
| #else
| # ifdef HAVE_STDLIB_H
| #  include <stdlib.h>
| # endif
| #endif
| #ifdef HAVE_STRING_H
| # if !defined STDC_HEADERS && defined HAVE_MEMORY_H
| #  include <memory.h>
| # endif
| # include <string.h>
| #endif
| #ifdef HAVE_STRINGS_H
| # include <strings.h>
| #endif
| #ifdef HAVE_INTTYPES_H
| # include <inttypes.h>
| #endif
| #ifdef HAVE_STDINT_H
| # include <stdint.h>
| #endif
| #ifdef HAVE_UNISTD_H
| # include <unistd.h>
| #endif
| int
| main ()
| {
| if (sizeof ((size_t)))
| 	    return 0;
|   ;
|   return 0;
| }
configure:5791: result: yes
configure:5951: checking that generated files are newer than configure
configure:5957: result: done
configure:5988: creating ./config.status

## ---------------------- ##
## Running config.status. ##
## ---------------------- ##

This file was extended by libnyquist config.status 0.1, which was
generated by GNU Autoconf 2.69.  Invocation command line was

  CONFIG_FILES    = 
  CONFIG_HEADERS  = 
  CONFIG_LINKS    = 
  CONFIG_COMMANDS = 
  $ ./config.status 

on justin-OptiPlex-760

config.status:790: creating Makefile
config.status:962: executing depfiles commands

## ---------------- ##
## Cache variables. ##
## ---------------- ##

ac_cv_c_compiler_gnu=yes
ac_cv_c_const=yes
ac_cv_cflags_strict_prototypes=-Wstrict-prototypes
ac_cv_cflags_warn_all=-Wall
ac_cv_cxx_compiler_gnu=yes
ac_cv_env_CCC_set=
ac_cv_env_CCC_value=
ac_cv_env_CC_set=
ac_cv_env_CC_value=
ac_cv_env_CFLAGS_set=
ac_cv_env_CFLAGS_value=
ac_cv_env_CPPFLAGS_set=
ac_cv_env_CPPFLAGS_value=
ac_cv_env_CXXCPP_set=
ac_cv_env_CXXCPP_value=
ac_cv_env_CXXFLAGS_set=
ac_cv_env_CXXFLAGS_value=
ac_cv_env_CXX_set=
ac_cv_env_CXX_value=
ac_cv_env_LDFLAGS_set=
ac_cv_env_LDFLAGS_value=
ac_cv_env_LIBS_set=
ac_cv_env_LIBS_value=
ac_cv_env_build_alias_set=
ac_cv_env_build_alias_value=
ac_cv_env_host_alias_set=
ac_cv_env_host_alias_value=
ac_cv_env_target_alias_set=
ac_cv_env_target_alias_value=
ac_cv_func_malloc_0_nonnull=yes
ac_cv_func_memmove=yes
ac_cv_func_strchr=yes
ac_cv_header_inttypes_h=yes
ac_cv_header_memory_h=yes
ac_cv_header_stdbool_h=yes
ac_cv_header_stdc=yes
ac_cv_header_stdint_h=yes
ac_cv_header_stdlib_h=yes
ac_cv_header_string_h=yes
ac_cv_header_strings_h=yes
ac_cv_header_sys_stat_h=yes
ac_cv_header_sys_types_h=yes
ac_cv_header_unistd_h=yes
ac_cv_objext=o
ac_cv_path_EGREP='/bin/grep -E'
ac_cv_path_GREP=/bin/grep
ac_cv_path_SED=/bin/sed
ac_cv_path_install='/usr/bin/install -c'
ac_cv_path_mkdir=/bin/mkdir
ac_cv_prog_AWK=mawk
ac_cv_prog_CXXCPP='g++ -E'
ac_cv_prog_ac_ct_AR=ar
ac_cv_prog_ac_ct_CC=gcc
ac_cv_prog_ac_ct_CXX=g++
ac_cv_prog_ac_ct_RANLIB=ranlib
ac_cv_prog_cc_c89=
ac_cv_prog_cc_g=yes
ac_cv_prog_cc_gcc_c_o=yes
ac_cv_prog_cxx_g=yes
ac_cv_prog_make_make_set=yes
ac_cv_type__Bool=no
ac_cv_type_size_t=yes
am_cv_CC_dependencies_compiler_type=gcc3
am_cv_CXX_dependencies_compiler_type=gcc3
am_cv_ar_interface=ar
am_cv_make_support_nested_variables=yes
ax_cv_cxx_check_flag___Wall=yes
ax_cv_cxxcpp_check_flag___Wall=yes

## ----------------- ##
## Output variables. ##
## ----------------- ##

ACLOCAL='${SHELL} /home/justin/audacity-read-only/lib-src/libnyquist/autotools/missing aclocal-1.13'
AMDEPBACKSLASH='\'
AMDEP_FALSE='#'
AMDEP_TRUE=''
AMTAR='$${TAR-tar}'
AM_BACKSLASH='\'
AM_DEFAULT_V='$(AM_DEFAULT_VERBOSITY)'
AM_DEFAULT_VERBOSITY='1'
AM_V='$(V)'
AR='ar'
AUTOCONF='${SHELL} /home/justin/audacity-read-only/lib-src/libnyquist/autotools/missing autoconf'
AUTOHEADER='${SHELL} /home/justin/audacity-read-only/lib-src/libnyquist/autotools/missing autoheader'
AUTOMAKE='${SHELL} /home/justin/audacity-read-only/lib-src/libnyquist/autotools/missing automake-1.13'
AWK='mawk'
CC='gcc'
CCDEPMODE='depmode=gcc3'
CFLAGS=' -Wstrict-prototypes  -Wall'
CPPFLAGS='  -Wall'
CXX='g++'
CXXCPP='g++ -E'
CXXDEPMODE='depmode=gcc3'
CXXFLAGS='  -Wall'
CYGPATH_W='echo'
DEFS='-DPACKAGE_NAME=\"libnyquist\" -DPACKAGE_TARNAME=\"libnyquist\" -DPACKAGE_VERSION=\"0.1\" -DPACKAGE_STRING=\"libnyquist\ 0.1\" -DPACKAGE_BUGREPORT=\"\" -DPACKAGE_URL=\"\" -DPACKAGE=\"libnyquist\" -DVERSION=\"0.1\" -DINSTALL_PREFIX=\"/usr/local\" -DHAVE_STRCHR=1 -DHAVE_MEMMOVE=1 -DSTDC_HEADERS=1 -DHAVE_SYS_TYPES_H=1 -DHAVE_SYS_STAT_H=1 -DHAVE_STDLIB_H=1 -DHAVE_STRING_H=1 -DHAVE_MEMORY_H=1 -DHAVE_STRINGS_H=1 -DHAVE_INTTYPES_H=1 -DHAVE_STDINT_H=1 -DHAVE_UNISTD_H=1 -DHAVE_STDLIB_H=1 -DHAVE_MALLOC=1 -DHAVE_STDBOOL_H=1 -DSTDC_HEADERS=1 -DHAVE_STDLIB_H=1 -DHAVE_STRING_H=1'
DEPDIR='.deps'
ECHO_C=''
ECHO_N='-n'
ECHO_T=''
EGREP='/bin/grep -E'
EXEEXT=''
GREP='/bin/grep'
INSTALL_DATA='${INSTALL} -m 644'
INSTALL_PROGRAM='${INSTALL}'
INSTALL_SCRIPT='${INSTALL}'
INSTALL_STRIP_PROGRAM='$(install_sh) -c -s'
LDFLAGS=''
LIBOBJS=''
LIBS=''
LTLIBOBJS=''
MAINT='#'
MAINTAINER_MODE_FALSE=''
MAINTAINER_MODE_TRUE='#'
MAKEINFO='${SHELL} /home/justin/audacity-read-only/lib-src/libnyquist/autotools/missing makeinfo'
MKDIR_P='/bin/mkdir -p'
OBJEXT='o'
PACKAGE='libnyquist'
PACKAGE_BUGREPORT=''
PACKAGE_NAME='libnyquist'
PACKAGE_STRING='libnyquist 0.1'
PACKAGE_TARNAME='libnyquist'
PACKAGE_URL=''
PACKAGE_VERSION='0.1'
PATH_SEPARATOR=':'
RANLIB='ranlib'
SED='/bin/sed'
SET_MAKE=''
SHELL='/bin/bash'
STRIP=''
VERSION='0.1'
ac_ct_AR='ar'
ac_ct_CC='gcc'
ac_ct_CXX='g++'
am__EXEEXT_FALSE=''
am__EXEEXT_TRUE='#'
am__fastdepCC_FALSE='#'
am__fastdepCC_TRUE=''
am__fastdepCXX_FALSE='#'
am__fastdepCXX_TRUE=''
am__include='include'
am__isrc=''
am__leading_dot='.'
am__nodep='_no'
am__quote=''
am__tar='$${TAR-tar} chof - "$$tardir"'
am__untar='$${TAR-tar} xf -'
bindir='${exec_prefix}/bin'
build_alias=''
datadir='${datarootdir}'
datarootdir='${prefix}/share'
docdir='${datarootdir}/doc/${PACKAGE_TARNAME}'
dvidir='${docdir}'
exec_prefix='${prefix}'
host_alias=''
htmldir='${docdir}'
includedir='${prefix}/include'
infodir='${datarootdir}/info'
install_sh='${SHELL} /home/justin/audacity-read-only/lib-src/libnyquist/autotools/install-sh'
libdir='${exec_prefix}/lib'
libexecdir='${exec_prefix}/libexec'
localedir='${datarootdir}/locale'
localstatedir='${prefix}/var'
mandir='${datarootdir}/man'
mkdir_p='$(MKDIR_P)'
oldincludedir='/usr/include'
pdfdir='${docdir}'
prefix='/usr/local'
program_transform_name='s,x,x,'
psdir='${docdir}'
sbindir='${exec_prefix}/sbin'
sharedstatedir='${prefix}/com'
sysconfdir='${prefix}/etc'
target_alias=''

## ----------- ##
## confdefs.h. ##
## ----------- ##

/* confdefs.h */
#define PACKAGE_NAME "libnyquist"
#define PACKAGE_TARNAME "libnyquist"
#define PACKAGE_VERSION "0.1"
#define PACKAGE_STRING "libnyquist 0.1"
#define PACKAGE_BUGREPORT ""
#define PACKAGE_URL ""
#define PACKAGE "libnyquist"
#define VERSION "0.1"
#define INSTALL_PREFIX "/usr/local"
#define HAVE_STRCHR 1
#define HAVE_MEMMOVE 1
#define STDC_HEADERS 1
#define HAVE_SYS_TYPES_H 1
#define HAVE_SYS_STAT_H 1
#define HAVE_STDLIB_H 1
#define HAVE_STRING_H 1
#define HAVE_MEMORY_H 1
#define HAVE_STRINGS_H 1
#define HAVE_INTTYPES_H 1
#define HAVE_STDINT_H 1
#define HAVE_UNISTD_H 1
#define HAVE_STDLIB_H 1
#define HAVE_MALLOC 1
#define HAVE_STDBOOL_H 1
#define STDC_HEADERS 1
#define HAVE_STDLIB_H 1
#define HAVE_STRING_H 1

configure: exit 0
